


ARM Macro Assembler    Page 1 


    1 00000000         ;
    2 00000000         ;*******************************************************
                       *************************************************
    3 00000000         ;                                                uC/OS-I
                       II
    4 00000000         ;                                          The Real-Time
                        Kernel
    5 00000000         ;
    6 00000000         ;
    7 00000000         ;                           (c) Copyright 2009-2010; Mic
                       rium, Inc.; Weston, FL
    8 00000000         ;                    All rights reserved.  Protected by 
                       international copyright laws.
    9 00000000         ;
   10 00000000         ;                                           ARM Cortex-M
                       3 Port
   11 00000000         ;
   12 00000000         ; File      : OS_CPU_A.ASM
   13 00000000         ; Version   : V3.01.2
   14 00000000         ; By        : JJL
   15 00000000         ;             BAN
   16 00000000         ;
   17 00000000         ; For       : ARMv7M Cortex-M3
   18 00000000         ; Mode      : Thumb2
   19 00000000         ; Toolchain : RealView Development Suite
   20 00000000         ;             RealView Microcontroller Development Kit (
                       MDK)
   21 00000000         ;             ARM Developer Suite (ADS)
   22 00000000         ;             Keil uVision
   23 00000000         ;*******************************************************
                       *************************************************
   24 00000000         ;
   25 00000000         
   26 00000000         ;*******************************************************
                       *************************************************
   27 00000000         ;                                          PUBLIC FUNCTI
                       ONS
   28 00000000         ;*******************************************************
                       *************************************************
   29 00000000         
   30 00000000         ;    IMPORT  OSRunning                                  
                                ; External references
   31 00000000         ;    IMPORT  OSPrioCur
   32 00000000         ;    IMPORT  OSPrioHighRdy
   33 00000000                 IMPORT           OSTCBCurPtr
   34 00000000                 IMPORT           OSTCBHighRdyPtr
   35 00000000         ;    IMPORT  OSIntExit
   36 00000000         ;    IMPORT  OSTaskSwHook
   37 00000000         ;    IMPORT  OS_CPU_ExceptStkBase
   38 00000000         ;   IMPORT main
   39 00000000         
   40 00000000         
   41 00000000                 EXPORT           OSStartHighRdy ; Functions decl
                                                            ared in this file
   42 00000000                 EXPORT           OS_CPU_PendSVHandler
   43 00000000                 EXPORT           ReBoot
   44 00000000         
   45 00000000         ;PAGE
   46 00000000         ;*******************************************************



ARM Macro Assembler    Page 2 


                       *************************************************
   47 00000000         ;                                               EQUATES
   48 00000000         ;*******************************************************
                       *************************************************
   49 00000000         
   50 00000000 E000ED04 
                       NVIC_INT_CTRL
                               EQU              0xE000ED04  ; Interrupt control
                                                             state register.
   51 00000000 E000ED22 
                       NVIC_SYSPRI14
                               EQU              0xE000ED22  ; System priority r
                                                            egister (priority 1
                                                            4).
   52 00000000 000000FF 
                       NVIC_PENDSV_PRI
                               EQU              0xFF        ; PendSV priority v
                                                            alue (lowest).
   53 00000000 10000000 
                       NVIC_PENDSVSET
                               EQU              0x10000000  ; Value to trigger 
                                                            PendSV exception.
   54 00000000         
   55 00000000         
   56 00000000         ;*******************************************************
                       *************************************************
   57 00000000         ;                                     CODE GENERATION DI
                       RECTIVES
   58 00000000         ;*******************************************************
                       *************************************************
   59 00000000         
   60 00000000                 PRESERVE8
   61 00000000                 THUMB
   62 00000000         
   63 00000000                 AREA             CODE, CODE, READONLY
   64 00000000         
   65 00000000         
   66 00000000         ;PAGE
   67 00000000         ;*******************************************************
                       *************************************************
   68 00000000         ;                                         START MULTITAS
                       KING
   69 00000000         ;                                      void OSStartHighR
                       dy(void)
   70 00000000         ;
   71 00000000         ; Note(s) : 1) This function triggers a PendSV exception
                        (essentially, causes a context switch) to cause
   72 00000000         ;              the first task to start.
   73 00000000         ;
   74 00000000         ;           2) OSStartHighRdy() MUST:
   75 00000000         ;              a) Setup PendSV exception priority to low
                       est;
   76 00000000         ;              b) Set initial PSP to 0, to tell context 
                       switcher this is first run;
   77 00000000         ;              c) Set the main stack to OS_CPU_ExceptStk
                       Base
   78 00000000         ;              d) Trigger PendSV exception;
   79 00000000         ;              e) Enable interrupts (tasks will run with
                        interrupts enabled).



ARM Macro Assembler    Page 3 


   80 00000000         ;*******************************************************
                       *************************************************
   81 00000000         
   82 00000000         OSStartHighRdy
   83 00000000 4816            LDR              R0, =NVIC_SYSPRI14 ; Set the Pe
                                                            ndSV exception prio
                                                            rity
   84 00000002 F04F 01FF       LDR              R1, =NVIC_PENDSV_PRI
   85 00000006 7001            STRB             R1, [R0]    ;
   86 00000008         
   87 00000008 2000            MOVS             R0, #0      ; Set the PSP to 0 
                                                            for initial context
                                                             switch call
   88 0000000A F380 8809       MSR              PSP, R0
   89 0000000E         
   90 0000000E         ;   LDR     R0, =OS_CPU_ExceptStkBase                   
                               ; Initialize the MSP to the OS_CPU_ExceptStkBase
                       
   91 0000000E         ;  LDR     R1, [R0]
   92 0000000E         ;   MSR     MSP, R1 
   93 0000000E         
   94 0000000E 4814            LDR              R0, =NVIC_INT_CTRL ; Trigger th
                                                            e PendSV exception 
                                                            (causes context swi
                                                            tch)
   95 00000010 F04F 5180       LDR              R1, =NVIC_PENDSVSET
   96 00000014 6001            STR              R1, [R0]
   97 00000016         
   98 00000016 B662            CPSIE            I           ; Enable interrupts
                                                             at processor level
                                                            
   99 00000018         
  100 00000018         OSStartHang
  101 00000018 E7FE            B                OSStartHang ; Should never get 
                                                            here
  102 0000001A         
  103 0000001A         ReBoot
  104 0000001A                 IMPORT           __main
  105 0000001A F3EF 8014       MRS              R0,CONTROL
  106 0000001E F000 0001       AND              R0,#0x01
  107 00000022 F380 8814       MSR              CONTROL,R0
  108 00000026 F7FF BFFE       B                __main
  109 0000002A         
  110 0000002A         
  111 0000002A         
  112 0000002A         
  113 0000002A         
  114 0000002A         ;PAGE
  115 0000002A         ;*******************************************************
                       *************************************************
  116 0000002A         ;                                       HANDLE PendSV EX
                       CEPTION
  117 0000002A         ;                                   void OS_CPU_PendSVHa
                       ndler(void)
  118 0000002A         ;
  119 0000002A         ; Note(s) : 1) PendSV is used to cause a context switch.
                         This is a recommended method for performing
  120 0000002A         ;              context switches with Cortex-M3.  This is
                        because the Cortex-M3 auto-saves half of the



ARM Macro Assembler    Page 4 


  121 0000002A         ;              processor context on any exception, and r
                       estores same on return from exception.  So only
  122 0000002A         ;              saving of R4-R11 is required and fixing u
                       p the stack pointers.  Using the PendSV exception
  123 0000002A         ;              this way means that context saving and re
                       storing is identical whether it is initiated from
  124 0000002A         ;              a thread or occurs due to an interrupt or
                        exception.
  125 0000002A         ;
  126 0000002A         ;           2) Pseudo-code is:
  127 0000002A         ;              a) Get the process SP, if 0 then skip (go
                       to d) the saving part (first context switch);
  128 0000002A         ;              b) Save remaining regs r4-r11 on process 
                       stack;
  129 0000002A         ;              c) Save the process SP in its TCB, OSTCBC
                       urPtr->OSTCBStkPtr = SP;
  130 0000002A         ;              d) Call OSTaskSwHook();
  131 0000002A         ;              e) Get current high priority, OSPrioCur =
                        OSPrioHighRdy;
  132 0000002A         ;              f) Get current ready thread TCB, OSTCBCur
                       Ptr = OSTCBHighRdyPtr;
  133 0000002A         ;              g) Get new process SP from TCB, SP = OSTC
                       BHighRdyPtr->OSTCBStkPtr;
  134 0000002A         ;              h) Restore R4-R11 from new process stack;
                       
  135 0000002A         ;              i) Perform exception return which will re
                       store remaining context.
  136 0000002A         ;
  137 0000002A         ;           3) On entry into PendSV handler:
  138 0000002A         ;              a) The following have been saved on the p
                       rocess stack (by processor):
  139 0000002A         ;                 xPSR, PC, LR, R12, R0-R3
  140 0000002A         ;              b) Processor mode is switched to Handler 
                       mode (from Thread mode)
  141 0000002A         ;              c) Stack is Main stack (switched from Pro
                       cess stack)
  142 0000002A         ;              d) OSTCBCurPtr      points to the OS_TCB 
                       of the task to suspend
  143 0000002A         ;                 OSTCBHighRdyPtr  points to the OS_TCB 
                       of the task to resume
  144 0000002A         ;
  145 0000002A         ;           4) Since PendSV is set to lowest priority in
                        the system (by OSStartHighRdy() above), we
  146 0000002A         ;              know that it will only be run when no oth
                       er exception or interrupt is active, and
  147 0000002A         ;              therefore safe to assume that context bei
                       ng switched out was using the process stack (PSP).
  148 0000002A         ;*******************************************************
                       *************************************************
  149 0000002A         
  150 0000002A         OS_CPU_PendSVHandler
  151 0000002A B672            CPSID            I           ; Prevent interrupt
                                                            ion during context 
                                                            switch
  152 0000002C F3EF 8009       MRS              R0, PSP     ; PSP is process st
                                                            ack pointer
  153 00000030 B128            CBZ              R0, OS_CPU_PendSVHandler_nosave
 
                                                            ; Skip register sav



ARM Macro Assembler    Page 5 


                                                            e the first time
  154 00000032         
  155 00000032 3820            SUBS             R0, R0, #0x20 ; Save remaining 
                                                            regs r4-11 on proce
                                                            ss stack
  156 00000034 E880 0FF0       STM              R0, {R4-R11}
  157 00000038         
  158 00000038 490A            LDR              R1, =OSTCBCurPtr ; OSTCBCurPtr-
                                                            >OSTCBStkPtr = SP;
  159 0000003A 6809            LDR              R1, [R1]
  160 0000003C 6008            STR              R0, [R1]    ; R0 is SP of proce
                                                            ss being switched o
                                                            ut
  161 0000003E         ;改写新的栈顶地址
  162 0000003E         ; At this point, entire context of process has been save
                       d
  163 0000003E         OS_CPU_PendSVHandler_nosave
  164 0000003E         ;    PUSH    {R14}                                      
                                ; Save LR exc_return value
  165 0000003E         ;    LDR     R0, =OSTaskSwHook                          
                                ; OSTaskSwHook();
  166 0000003E         ;    BLX     R0
  167 0000003E         ;    POP     {R14}
  168 0000003E         
  169 0000003E         ;    LDR     R0, =OSPrioCur                             
                                ; OSPrioCur   = OSPrioHighRdy;
  170 0000003E         ;    LDR     R1, =OSPrioHighRdy
  171 0000003E         ;    LDRB    R2, [R1]
  172 0000003E         ;    STRB    R2, [R0]
  173 0000003E         
  174 0000003E 4809            LDR              R0, =OSTCBCurPtr ; OSTCBCurPtr 
                                                            = OSTCBHighRdyPtr;
  175 00000040 4909            LDR              R1, =OSTCBHighRdyPtr
  176 00000042 680A            LDR              R2, [R1]
  177 00000044 6002            STR              R2, [R0]
  178 00000046         
  179 00000046 6810            LDR              R0, [R2]    ; R0 is new process
                                                             SP; SP = OSTCBHigh
                                                            RdyPtr->StkPtr;
  180 00000048 E890 0FF0       LDM              R0, {R4-R11} ; Restore r4-11 fr
                                                            om new process stac
                                                            k
  181 0000004C 3020            ADDS             R0, R0, #0x20
  182 0000004E F380 8809       MSR              PSP, R0     ; Load PSP with new
                                                             process SP
  183 00000052 F04E 0E04       ORR              LR, LR, #0x04 ; Ensure exceptio
                                                            n return uses proce
                                                            ss stack
  184 00000056 B662            CPSIE            I
  185 00000058 4770            BX               LR          ; Exception return 
                                                            will restore remain
                                                            ing context
  186 0000005A BF00            NOP
  187 0000005C                 END
              E000ED22 
              E000ED04 
              00000000 
              00000000 
Command Line: --debug --xref --cpu=Cortex-M3 --apcs=interwork --depend=..\..\ou



ARM Macro Assembler    Page 6 


tput\os_cpu_a.d -o..\..\output\os_cpu_a.o -I..\..\source\include -I..\..\source
\include\os_base -I..\..\source\include\os_core -I..\..\source\include\os_core\
schedule -I..\..\source\include\os_cpu -I..\..\source\include\os_cpu\bsp -I..\.
.\source\include\shell -I..\..\source\include\os_lib -I..\..\source\main -I..\.
.\source\src\CMSIS\startup -I..\..\source\src\CMSIS -I..\..\source\src\FWlib\in
c -I..\..\source\src\FWlib\src -I..\..\source\src\user\OS_CORE -I..\..\source\s
rc\user\OS_CORE\schedule -I..\..\source\src\user\OS_CPU -I..\..\source\src\user
\OS_CPU\bsp -I..\..\source\src\user\OS_LIB -I..\..\source\src\user\shell -I..\.
.\source\include\os_core -IF:\ARM\RV31\INC -IF:\ARM\PACK\ARM\CMSIS\4.1.0\CMSIS\
Include -IF:\ARM\PACK\Keil\STM32F1xx_DFP\1.0.5\Device\Include --list=..\..\list
ing\os_cpu_a.lst ..\..\source\src\user\OS_CPU\OS_CPU_A.s



ARM Macro Assembler    Page 1 Alphabetic symbol ordering
Relocatable symbols

CODE 00000000

Symbol: CODE
   Definitions
      At line 63 in file ..\..\source\src\user\OS_CPU\OS_CPU_A.s
   Uses
      None
Comment: CODE unused
OSStartHang 00000018

Symbol: OSStartHang
   Definitions
      At line 100 in file ..\..\source\src\user\OS_CPU\OS_CPU_A.s
   Uses
      At line 101 in file ..\..\source\src\user\OS_CPU\OS_CPU_A.s
Comment: OSStartHang used once
OSStartHighRdy 00000000

Symbol: OSStartHighRdy
   Definitions
      At line 82 in file ..\..\source\src\user\OS_CPU\OS_CPU_A.s
   Uses
      At line 41 in file ..\..\source\src\user\OS_CPU\OS_CPU_A.s
Comment: OSStartHighRdy used once
OS_CPU_PendSVHandler 0000002A

Symbol: OS_CPU_PendSVHandler
   Definitions
      At line 150 in file ..\..\source\src\user\OS_CPU\OS_CPU_A.s
   Uses
      At line 42 in file ..\..\source\src\user\OS_CPU\OS_CPU_A.s
Comment: OS_CPU_PendSVHandler used once
OS_CPU_PendSVHandler_nosave 0000003E

Symbol: OS_CPU_PendSVHandler_nosave
   Definitions
      At line 163 in file ..\..\source\src\user\OS_CPU\OS_CPU_A.s
   Uses
      At line 153 in file ..\..\source\src\user\OS_CPU\OS_CPU_A.s
Comment: OS_CPU_PendSVHandler_nosave used once
ReBoot 0000001A

Symbol: ReBoot
   Definitions
      At line 103 in file ..\..\source\src\user\OS_CPU\OS_CPU_A.s
   Uses
      At line 43 in file ..\..\source\src\user\OS_CPU\OS_CPU_A.s
Comment: ReBoot used once
6 symbols



ARM Macro Assembler    Page 1 Alphabetic symbol ordering
Absolute symbols

NVIC_INT_CTRL E000ED04

Symbol: NVIC_INT_CTRL
   Definitions
      At line 50 in file ..\..\source\src\user\OS_CPU\OS_CPU_A.s
   Uses
      At line 94 in file ..\..\source\src\user\OS_CPU\OS_CPU_A.s
Comment: NVIC_INT_CTRL used once
NVIC_PENDSVSET 10000000

Symbol: NVIC_PENDSVSET
   Definitions
      At line 53 in file ..\..\source\src\user\OS_CPU\OS_CPU_A.s
   Uses
      At line 95 in file ..\..\source\src\user\OS_CPU\OS_CPU_A.s
Comment: NVIC_PENDSVSET used once
NVIC_PENDSV_PRI 000000FF

Symbol: NVIC_PENDSV_PRI
   Definitions
      At line 52 in file ..\..\source\src\user\OS_CPU\OS_CPU_A.s
   Uses
      At line 84 in file ..\..\source\src\user\OS_CPU\OS_CPU_A.s
Comment: NVIC_PENDSV_PRI used once
NVIC_SYSPRI14 E000ED22

Symbol: NVIC_SYSPRI14
   Definitions
      At line 51 in file ..\..\source\src\user\OS_CPU\OS_CPU_A.s
   Uses
      At line 83 in file ..\..\source\src\user\OS_CPU\OS_CPU_A.s
Comment: NVIC_SYSPRI14 used once
4 symbols



ARM Macro Assembler    Page 1 Alphabetic symbol ordering
External symbols

OSTCBCurPtr 00000000

Symbol: OSTCBCurPtr
   Definitions
      At line 33 in file ..\..\source\src\user\OS_CPU\OS_CPU_A.s
   Uses
      At line 158 in file ..\..\source\src\user\OS_CPU\OS_CPU_A.s
      At line 174 in file ..\..\source\src\user\OS_CPU\OS_CPU_A.s

OSTCBHighRdyPtr 00000000

Symbol: OSTCBHighRdyPtr
   Definitions
      At line 34 in file ..\..\source\src\user\OS_CPU\OS_CPU_A.s
   Uses
      At line 175 in file ..\..\source\src\user\OS_CPU\OS_CPU_A.s
Comment: OSTCBHighRdyPtr used once
__main 00000000

Symbol: __main
   Definitions
      At line 104 in file ..\..\source\src\user\OS_CPU\OS_CPU_A.s
   Uses
      At line 108 in file ..\..\source\src\user\OS_CPU\OS_CPU_A.s
Comment: __main used once
3 symbols
345 symbols in table
