


ARM Macro Assembler    Page 1 


    1 00000000         ;******************** (C) COPYRIGHT 2011 STMicroelectron
                       ics ********************
    2 00000000         ;* File Name          : startup_stm32f10x_hd.s
    3 00000000         ;* Author             : MCD Application Team
    4 00000000         ;* Version            : V3.5.0
    5 00000000         ;* Date               : 11-March-2011
    6 00000000         ;* Description        : STM32F10x High Density Devices v
                       ector table for MDK-ARM 
    7 00000000         ;*                      toolchain. 
    8 00000000         ;*                      This module performs:
    9 00000000         ;*                      - Set the initial SP
   10 00000000         ;*                      - Set the initial PC == Reset_Ha
                       ndler
   11 00000000         ;*                      - Set the vector table entries w
                       ith the exceptions ISR address
   12 00000000         ;*                      - Configure the clock system and
                        also configure the external 
   13 00000000         ;*                        SRAM mounted on STM3210E-EVAL 
                       board to be used as data 
   14 00000000         ;*                        memory (optional, to be enable
                       d by user)
   15 00000000         ;*                      - Branches to __main in the C li
                       brary (which eventually
   16 00000000         ;*                        calls main()).
   17 00000000         ;*                      After Reset the CortexM3 process
                       or is in Thread mode,
   18 00000000         ;*                      priority is Privileged, and the 
                       Stack is set to Main.
   19 00000000         ;* <<< Use Configuration Wizard in Context Menu >>>   
   20 00000000         ;*******************************************************
                       ************************
   21 00000000         ; THE PRESENT FIRMWARE WHICH IS FOR GUIDANCE ONLY AIMS A
                       T PROVIDING CUSTOMERS
   22 00000000         ; WITH CODING INFORMATION REGARDING THEIR PRODUCTS IN OR
                       DER FOR THEM TO SAVE TIME.
   23 00000000         ; AS A RESULT, STMICROELECTRONICS SHALL NOT BE HELD LIAB
                       LE FOR ANY DIRECT,
   24 00000000         ; INDIRECT OR CONSEQUENTIAL DAMAGES WITH RESPECT TO ANY 
                       CLAIMS ARISING FROM THE
   25 00000000         ; CONTENT OF SUCH FIRMWARE AND/OR THE USE MADE BY CUSTOM
                       ERS OF THE CODING
   26 00000000         ; INFORMATION CONTAINED HEREIN IN CONNECTION WITH THEIR 
                       PRODUCTS.
   27 00000000         ;*******************************************************
                       ************************
   28 00000000         
   29 00000000         ; Amount of memory (in bytes) allocated for Stack
   30 00000000         ; Tailor this value to your application needs
   31 00000000         ; <h> Stack Configuration
   32 00000000         ;   <o> Stack Size (in Bytes) <0x0-0xFFFFFFFF:8>
   33 00000000         ; </h>
   34 00000000         
   35 00000000 00000400 
                       Stack_Size
                               EQU              0x00000400
   36 00000000         
   37 00000000                 AREA             STACK, NOINIT, READWRITE, ALIGN
=3
   38 00000000         __stack_base



ARM Macro Assembler    Page 2 


   39 00000000         Stack_Mem
                               SPACE            Stack_Size
   40 00000400         __initial_sp
   41 00000400         
   42 00000400         ; <h> Heap Configuration
   43 00000400         ;   <o>  Heap Size (in Bytes) <0x0-0xFFFFFFFF:8>
   44 00000400         ; </h>
   45 00000400         
   46 00000400 00000200 
                       Heap_Size
                               EQU              0x00000200
   47 00000400         
   48 00000400                 AREA             HEAP, NOINIT, READWRITE, ALIGN=
3
   49 00000000         __heap_base
   50 00000000         Heap_Mem
                               SPACE            Heap_Size
   51 00000200         __heap_limit
   52 00000200         
   53 00000200                 PRESERVE8
   54 00000200                 THUMB
   55 00000200         
   56 00000200         
   57 00000200         ; Vector Table Mapped to Address 0 at Reset
   58 00000200                 AREA             RESET, DATA, READONLY
   59 00000000                 EXPORT           __Vectors
   60 00000000                 EXPORT           __Vectors_End
   61 00000000                 EXPORT           __Vectors_Size
   62 00000000         
   63 00000000 00000000 
                       __Vectors
                               DCD              __initial_sp ; Top of Stack
   64 00000004 00000000        DCD              Reset_Handler ; Reset Handler
   65 00000008 00000000        DCD              NMI_Handler ; NMI Handler
   66 0000000C 00000000        DCD              HardFault_Handler ; Hard Fault 
                                                            Handler
   67 00000010 00000000        DCD              MemManage_Handler 
                                                            ; MPU Fault Handler
                                                            
   68 00000014 00000000        DCD              BusFault_Handler 
                                                            ; Bus Fault Handler
                                                            
   69 00000018 00000000        DCD              UsageFault_Handler ; Usage Faul
                                                            t Handler
   70 0000001C 00000000        DCD              0           ; Reserved
   71 00000020 00000000        DCD              0           ; Reserved
   72 00000024 00000000        DCD              0           ; Reserved
   73 00000028 00000000        DCD              0           ; Reserved
   74 0000002C 00000000        DCD              SVC_Handler ; SVCall Handler
   75 00000030 00000000        DCD              DebugMon_Handler ; Debug Monito
                                                            r Handler
   76 00000034 00000000        DCD              0           ; Reserved
   77 00000038 00000000        DCD              OS_CPU_PendSVHandler ; PendSV H
                                                            andler  ;// Modifie
                                                            d by fire （原是 Pe
                                                            ndSV Handler）
   78 0000003C 00000000        DCD              OS_CPU_SysTickHandler ; SysTick
                                                             Handler ;// Modifi
                                                            ed by fire （原是 S



ARM Macro Assembler    Page 3 


                                                            ysTick Handler）
   79 00000040         
   80 00000040         ; External Interrupts
   81 00000040 00000000        DCD              WWDG_IRQHandler 
                                                            ; Window Watchdog
   82 00000044 00000000        DCD              PVD_IRQHandler ; PVD through EX
                                                            TI Line detect
   83 00000048 00000000        DCD              TAMPER_IRQHandler ; Tamper
   84 0000004C 00000000        DCD              RTC_IRQHandler ; RTC
   85 00000050 00000000        DCD              FLASH_IRQHandler ; Flash
   86 00000054 00000000        DCD              RCC_IRQHandler ; RCC
   87 00000058 00000000        DCD              EXTI0_IRQHandler ; EXTI Line 0
   88 0000005C 00000000        DCD              EXTI1_IRQHandler ; EXTI Line 1
   89 00000060 00000000        DCD              EXTI2_IRQHandler ; EXTI Line 2
   90 00000064 00000000        DCD              EXTI3_IRQHandler ; EXTI Line 3
   91 00000068 00000000        DCD              EXTI4_IRQHandler ; EXTI Line 4
   92 0000006C 00000000        DCD              DMA1_Channel1_IRQHandler 
                                                            ; DMA1 Channel 1
   93 00000070 00000000        DCD              DMA1_Channel2_IRQHandler 
                                                            ; DMA1 Channel 2
   94 00000074 00000000        DCD              DMA1_Channel3_IRQHandler 
                                                            ; DMA1 Channel 3
   95 00000078 00000000        DCD              DMA1_Channel4_IRQHandler 
                                                            ; DMA1 Channel 4
   96 0000007C 00000000        DCD              DMA1_Channel5_IRQHandler 
                                                            ; DMA1 Channel 5
   97 00000080 00000000        DCD              DMA1_Channel6_IRQHandler 
                                                            ; DMA1 Channel 6
   98 00000084 00000000        DCD              DMA1_Channel7_IRQHandler 
                                                            ; DMA1 Channel 7
   99 00000088 00000000        DCD              ADC1_2_IRQHandler ; ADC1 & ADC2
                                                            
  100 0000008C 00000000        DCD              USB_HP_CAN1_TX_IRQHandler ; USB
                                                             High Priority or C
                                                            AN1 TX
  101 00000090 00000000        DCD              USB_LP_CAN1_RX0_IRQHandler ; US
                                                            B Low  Priority or 
                                                            CAN1 RX0
  102 00000094 00000000        DCD              CAN1_RX1_IRQHandler ; CAN1 RX1
  103 00000098 00000000        DCD              CAN1_SCE_IRQHandler ; CAN1 SCE
  104 0000009C 00000000        DCD              EXTI9_5_IRQHandler 
                                                            ; EXTI Line 9..5
  105 000000A0 00000000        DCD              TIM1_BRK_IRQHandler 
                                                            ; TIM1 Break
  106 000000A4 00000000        DCD              TIM1_UP_IRQHandler 
                                                            ; TIM1 Update
  107 000000A8 00000000        DCD              TIM1_TRG_COM_IRQHandler ; TIM1 
                                                            Trigger and Commuta
                                                            tion
  108 000000AC 00000000        DCD              TIM1_CC_IRQHandler ; TIM1 Captu
                                                            re Compare
  109 000000B0 00000000        DCD              TIM2_IRQHandler ; TIM2
  110 000000B4 00000000        DCD              TIM3_IRQHandler ; TIM3
  111 000000B8 00000000        DCD              TIM4_IRQHandler ; TIM4
  112 000000BC 00000000        DCD              I2C1_EV_IRQHandler ; I2C1 Event
                                                            
  113 000000C0 00000000        DCD              I2C1_ER_IRQHandler ; I2C1 Error
                                                            
  114 000000C4 00000000        DCD              I2C2_EV_IRQHandler ; I2C2 Event



ARM Macro Assembler    Page 4 


                                                            
  115 000000C8 00000000        DCD              I2C2_ER_IRQHandler ; I2C2 Error
                                                            
  116 000000CC 00000000        DCD              SPI1_IRQHandler ; SPI1
  117 000000D0 00000000        DCD              SPI2_IRQHandler ; SPI2
  118 000000D4 00000000        DCD              USART1_IRQHandler ; USART1
  119 000000D8 00000000        DCD              USART2_IRQHandler ; USART2
  120 000000DC 00000000        DCD              USART3_IRQHandler ; USART3
  121 000000E0 00000000        DCD              EXTI15_10_IRQHandler 
                                                            ; EXTI Line 15..10
  122 000000E4 00000000        DCD              RTCAlarm_IRQHandler ; RTC Alarm
                                                             through EXTI Line
  123 000000E8 00000000        DCD              USBWakeUp_IRQHandler ; USB Wake
                                                            up from suspend
  124 000000EC 00000000        DCD              TIM8_BRK_IRQHandler 
                                                            ; TIM8 Break
  125 000000F0 00000000        DCD              TIM8_UP_IRQHandler 
                                                            ; TIM8 Update
  126 000000F4 00000000        DCD              TIM8_TRG_COM_IRQHandler ; TIM8 
                                                            Trigger and Commuta
                                                            tion
  127 000000F8 00000000        DCD              TIM8_CC_IRQHandler ; TIM8 Captu
                                                            re Compare
  128 000000FC 00000000        DCD              ADC3_IRQHandler ; ADC3
  129 00000100 00000000        DCD              FSMC_IRQHandler ; FSMC
  130 00000104 00000000        DCD              SDIO_IRQHandler ; SDIO
  131 00000108 00000000        DCD              TIM5_IRQHandler ; TIM5
  132 0000010C 00000000        DCD              SPI3_IRQHandler ; SPI3
  133 00000110 00000000        DCD              UART4_IRQHandler ; UART4
  134 00000114 00000000        DCD              UART5_IRQHandler ; UART5
  135 00000118 00000000        DCD              TIM6_IRQHandler ; TIM6
  136 0000011C 00000000        DCD              TIM7_IRQHandler ; TIM7
  137 00000120 00000000        DCD              DMA2_Channel1_IRQHandler 
                                                            ; DMA2 Channel1
  138 00000124 00000000        DCD              DMA2_Channel2_IRQHandler 
                                                            ; DMA2 Channel2
  139 00000128 00000000        DCD              DMA2_Channel3_IRQHandler 
                                                            ; DMA2 Channel3
  140 0000012C 00000000        DCD              DMA2_Channel4_5_IRQHandler ; DM
                                                            A2 Channel4 & Chann
                                                            el5
  141 00000130         __Vectors_End
  142 00000130         
  143 00000130 00000130 
                       __Vectors_Size
                               EQU              __Vectors_End - __Vectors
  144 00000130         
  145 00000130                 AREA             |.text|, CODE, READONLY
  146 00000000         
  147 00000000         ; Reset handler
  148 00000000         Reset_Handler
                               PROC
  149 00000000                 EXPORT           Reset_Handler             [WEAK
]
  150 00000000                 IMPORT           __main
  151 00000000                 IMPORT           SystemInit
  152 00000000 480D            LDR              R0, =SystemInit
  153 00000002 4780            BLX              R0
  154 00000004 480D            LDR              R0, =__main



ARM Macro Assembler    Page 5 


  155 00000006 4700            BX               R0
  156 00000008                 ENDP
  157 00000008         
  158 00000008         ; Dummy Exception Handlers (infinite loops which can be 
                       modified)
  159 00000008         
  160 00000008         NMI_Handler
                               PROC
  161 00000008                 EXPORT           NMI_Handler                [WEA
K]
  162 00000008 E7FE            B                .
  163 0000000A                 ENDP
  165 0000000A         HardFault_Handler
                               PROC
  166 0000000A         ;EXPORT  HardFault_Handler          [WEAK]
  167 0000000A         ;BX LR
  168 0000000A         ;B      .
  169 0000000A                 IMPORT           hard_fault_handler_c
  170 0000000A         
  171 0000000A F01E 0F04       TST              LR, #4
  172 0000000E         
  173 0000000E BF0C            ITE              EQ
  174 00000010         
  175 00000010 F3EF 8008       MRSEQ            R0, MSP
  176 00000014         
  177 00000014 F3EF 8009       MRSNE            R0, PSP
  178 00000018         
  179 00000018 F7FF BFFE       B                hard_fault_handler_c
  180 0000001C                 ENDP
  182 0000001C         MemManage_Handler
                               PROC
  183 0000001C                 EXPORT           MemManage_Handler          [WEA
K]
  184 0000001C E7FE            B                .
  185 0000001E                 ENDP
  187 0000001E         BusFault_Handler
                               PROC
  188 0000001E                 EXPORT           BusFault_Handler           [WEA
K]
  189 0000001E E7FE            B                .
  190 00000020                 ENDP
  192 00000020         UsageFault_Handler
                               PROC
  193 00000020                 EXPORT           UsageFault_Handler         [WEA
K]
  194 00000020 E7FE            B                .
  195 00000022                 ENDP
  196 00000022         SVC_Handler
                               PROC
  197 00000022                 EXPORT           SVC_Handler                [WEA
K]
  198 00000022 E7FE            B                .
  199 00000024                 ENDP
  201 00000024         DebugMon_Handler
                               PROC
  202 00000024                 EXPORT           DebugMon_Handler           [WEA
K]
  203 00000024 E7FE            B                .
  204 00000026                 ENDP



ARM Macro Assembler    Page 6 


  205 00000026         OS_CPU_PendSVHandler
                               PROC                         ;// Modified by fir
                                                            e （原是 PendSV Han
                                                            dler）
  206 00000026                 EXPORT           OS_CPU_PendSVHandler           
  [WEAK] 
                                                            ;// Modified by fir
                                                            e （原是 PendSV Han
                                                            dler）
  207 00000026 E7FE            B                .
  208 00000028                 ENDP
  209 00000028         OS_CPU_SysTickHandler
                               PROC                         ;// Modified by fir
                                                            e （原是 SysTick Ha
                                                            ndler）
  210 00000028                 EXPORT           OS_CPU_SysTickHandler          
  [WEAK] 
                                                            ;// Modified by fir
                                                            e （原是 SysTick Ha
                                                            ndler）
  211 00000028 E7FE            B                .
  212 0000002A                 ENDP
  213 0000002A         
  214 0000002A         Default_Handler
                               PROC
  215 0000002A         
  216 0000002A                 EXPORT           WWDG_IRQHandler            [WEA
K]
  217 0000002A                 EXPORT           PVD_IRQHandler             [WEA
K]
  218 0000002A                 EXPORT           TAMPER_IRQHandler          [WEA
K]
  219 0000002A                 EXPORT           RTC_IRQHandler             [WEA
K]
  220 0000002A                 EXPORT           FLASH_IRQHandler           [WEA
K]
  221 0000002A                 EXPORT           RCC_IRQHandler             [WEA
K]
  222 0000002A                 EXPORT           EXTI0_IRQHandler           [WEA
K]
  223 0000002A                 EXPORT           EXTI1_IRQHandler           [WEA
K]
  224 0000002A                 EXPORT           EXTI2_IRQHandler           [WEA
K]
  225 0000002A                 EXPORT           EXTI3_IRQHandler           [WEA
K]
  226 0000002A                 EXPORT           EXTI4_IRQHandler           [WEA
K]
  227 0000002A                 EXPORT           DMA1_Channel1_IRQHandler   [WEA
K]
  228 0000002A                 EXPORT           DMA1_Channel2_IRQHandler   [WEA
K]
  229 0000002A                 EXPORT           DMA1_Channel3_IRQHandler   [WEA
K]
  230 0000002A                 EXPORT           DMA1_Channel4_IRQHandler   [WEA
K]
  231 0000002A                 EXPORT           DMA1_Channel5_IRQHandler   [WEA
K]
  232 0000002A                 EXPORT           DMA1_Channel6_IRQHandler   [WEA



ARM Macro Assembler    Page 7 


K]
  233 0000002A                 EXPORT           DMA1_Channel7_IRQHandler   [WEA
K]
  234 0000002A                 EXPORT           ADC1_2_IRQHandler          [WEA
K]
  235 0000002A                 EXPORT           USB_HP_CAN1_TX_IRQHandler  [WEA
K]
  236 0000002A                 EXPORT           USB_LP_CAN1_RX0_IRQHandler [WEA
K]
  237 0000002A                 EXPORT           CAN1_RX1_IRQHandler        [WEA
K]
  238 0000002A                 EXPORT           CAN1_SCE_IRQHandler        [WEA
K]
  239 0000002A                 EXPORT           EXTI9_5_IRQHandler         [WEA
K]
  240 0000002A                 EXPORT           TIM1_BRK_IRQHandler        [WEA
K]
  241 0000002A                 EXPORT           TIM1_UP_IRQHandler         [WEA
K]
  242 0000002A                 EXPORT           TIM1_TRG_COM_IRQHandler    [WEA
K]
  243 0000002A                 EXPORT           TIM1_CC_IRQHandler         [WEA
K]
  244 0000002A                 EXPORT           TIM2_IRQHandler            [WEA
K]
  245 0000002A                 EXPORT           TIM3_IRQHandler            [WEA
K]
  246 0000002A                 EXPORT           TIM4_IRQHandler            [WEA
K]
  247 0000002A                 EXPORT           I2C1_EV_IRQHandler         [WEA
K]
  248 0000002A                 EXPORT           I2C1_ER_IRQHandler         [WEA
K]
  249 0000002A                 EXPORT           I2C2_EV_IRQHandler         [WEA
K]
  250 0000002A                 EXPORT           I2C2_ER_IRQHandler         [WEA
K]
  251 0000002A                 EXPORT           SPI1_IRQHandler            [WEA
K]
  252 0000002A                 EXPORT           SPI2_IRQHandler            [WEA
K]
  253 0000002A                 EXPORT           USART1_IRQHandler          [WEA
K]
  254 0000002A                 EXPORT           USART2_IRQHandler          [WEA
K]
  255 0000002A                 EXPORT           USART3_IRQHandler          [WEA
K]
  256 0000002A                 EXPORT           EXTI15_10_IRQHandler       [WEA
K]
  257 0000002A                 EXPORT           RTCAlarm_IRQHandler        [WEA
K]
  258 0000002A                 EXPORT           USBWakeUp_IRQHandler       [WEA
K]
  259 0000002A                 EXPORT           TIM8_BRK_IRQHandler        [WEA
K]
  260 0000002A                 EXPORT           TIM8_UP_IRQHandler         [WEA
K]
  261 0000002A                 EXPORT           TIM8_TRG_COM_IRQHandler    [WEA
K]



ARM Macro Assembler    Page 8 


  262 0000002A                 EXPORT           TIM8_CC_IRQHandler         [WEA
K]
  263 0000002A                 EXPORT           ADC3_IRQHandler            [WEA
K]
  264 0000002A                 EXPORT           FSMC_IRQHandler            [WEA
K]
  265 0000002A                 EXPORT           SDIO_IRQHandler            [WEA
K]
  266 0000002A                 EXPORT           TIM5_IRQHandler            [WEA
K]
  267 0000002A                 EXPORT           SPI3_IRQHandler            [WEA
K]
  268 0000002A                 EXPORT           UART4_IRQHandler           [WEA
K]
  269 0000002A                 EXPORT           UART5_IRQHandler           [WEA
K]
  270 0000002A                 EXPORT           TIM6_IRQHandler            [WEA
K]
  271 0000002A                 EXPORT           TIM7_IRQHandler            [WEA
K]
  272 0000002A                 EXPORT           DMA2_Channel1_IRQHandler   [WEA
K]
  273 0000002A                 EXPORT           DMA2_Channel2_IRQHandler   [WEA
K]
  274 0000002A                 EXPORT           DMA2_Channel3_IRQHandler   [WEA
K]
  275 0000002A                 EXPORT           DMA2_Channel4_5_IRQHandler [WEA
K]
  276 0000002A         
  277 0000002A         WWDG_IRQHandler
  278 0000002A         PVD_IRQHandler
  279 0000002A         TAMPER_IRQHandler
  280 0000002A         RTC_IRQHandler
  281 0000002A         FLASH_IRQHandler
  282 0000002A         RCC_IRQHandler
  283 0000002A         EXTI0_IRQHandler
  284 0000002A         EXTI1_IRQHandler
  285 0000002A         EXTI2_IRQHandler
  286 0000002A         EXTI3_IRQHandler
  287 0000002A         EXTI4_IRQHandler
  288 0000002A         DMA1_Channel1_IRQHandler
  289 0000002A         DMA1_Channel2_IRQHandler
  290 0000002A         DMA1_Channel3_IRQHandler
  291 0000002A         DMA1_Channel4_IRQHandler
  292 0000002A         DMA1_Channel5_IRQHandler
  293 0000002A         DMA1_Channel6_IRQHandler
  294 0000002A         DMA1_Channel7_IRQHandler
  295 0000002A         ADC1_2_IRQHandler
  296 0000002A         USB_HP_CAN1_TX_IRQHandler
  297 0000002A         USB_LP_CAN1_RX0_IRQHandler
  298 0000002A         CAN1_RX1_IRQHandler
  299 0000002A         CAN1_SCE_IRQHandler
  300 0000002A         EXTI9_5_IRQHandler
  301 0000002A         TIM1_BRK_IRQHandler
  302 0000002A         TIM1_UP_IRQHandler
  303 0000002A         TIM1_TRG_COM_IRQHandler
  304 0000002A         TIM1_CC_IRQHandler
  305 0000002A         TIM2_IRQHandler
  306 0000002A         TIM3_IRQHandler



ARM Macro Assembler    Page 9 


  307 0000002A         TIM4_IRQHandler
  308 0000002A         I2C1_EV_IRQHandler
  309 0000002A         I2C1_ER_IRQHandler
  310 0000002A         I2C2_EV_IRQHandler
  311 0000002A         I2C2_ER_IRQHandler
  312 0000002A         SPI1_IRQHandler
  313 0000002A         SPI2_IRQHandler
  314 0000002A         USART1_IRQHandler
  315 0000002A         USART2_IRQHandler
  316 0000002A         USART3_IRQHandler
  317 0000002A         EXTI15_10_IRQHandler
  318 0000002A         RTCAlarm_IRQHandler
  319 0000002A         USBWakeUp_IRQHandler
  320 0000002A         TIM8_BRK_IRQHandler
  321 0000002A         TIM8_UP_IRQHandler
  322 0000002A         TIM8_TRG_COM_IRQHandler
  323 0000002A         TIM8_CC_IRQHandler
  324 0000002A         ADC3_IRQHandler
  325 0000002A         FSMC_IRQHandler
  326 0000002A         SDIO_IRQHandler
  327 0000002A         TIM5_IRQHandler
  328 0000002A         SPI3_IRQHandler
  329 0000002A         UART4_IRQHandler
  330 0000002A         UART5_IRQHandler
  331 0000002A         TIM6_IRQHandler
  332 0000002A         TIM7_IRQHandler
  333 0000002A         DMA2_Channel1_IRQHandler
  334 0000002A         DMA2_Channel2_IRQHandler
  335 0000002A         DMA2_Channel3_IRQHandler
  336 0000002A         DMA2_Channel4_5_IRQHandler
  337 0000002A E7FE            B                .
  338 0000002C         
  339 0000002C                 ENDP
  340 0000002C         
  341 0000002C                 ALIGN
  342 0000002C         
  343 0000002C         ;*******************************************************
                       ************************
  344 0000002C         ; User Stack and Heap initialization
  345 0000002C         ;*******************************************************
                       ************************
  346 0000002C                 IF               :DEF:__MICROLIB
  354 0000002C         
  355 0000002C                 IMPORT           __use_two_region_memory
  356 0000002C                 EXPORT           __user_initial_stackheap
  357 0000002C         
  358 0000002C         __user_initial_stackheap
  359 0000002C         
  360 0000002C 4804            LDR              R0, =  Heap_Mem
  361 0000002E 4905            LDR              R1, =(Stack_Mem + Stack_Size)
  362 00000030 4A05            LDR              R2, = (Heap_Mem +  Heap_Size)
  363 00000032 4B06            LDR              R3, = Stack_Mem
  364 00000034 4770            BX               LR
  365 00000036         
  366 00000036 00 00           ALIGN
  367 00000038         
  368 00000038                 ENDIF
  369 00000038         
  370 00000038                 END



ARM Macro Assembler    Page 10 


              00000000 
              00000000 
              00000000 
              00000400 
              00000200 
              00000000 
Command Line: --debug --xref --cpu=Cortex-M3 --apcs=interwork --depend=..\..\ou
tput\startup_stm32f10x_hd.d -o..\..\output\startup_stm32f10x_hd.o -I..\..\sourc
e\include -I..\..\source\include\os_base -I..\..\source\include\os_core -I..\..
\source\include\os_core\schedule -I..\..\source\include\os_cpu -I..\..\source\i
nclude\os_cpu\bsp -I..\..\source\include\shell -I..\..\source\include\os_lib -I
..\..\source\main -I..\..\source\src\CMSIS\startup -I..\..\source\src\CMSIS -I.
.\..\source\src\FWlib\inc -I..\..\source\src\FWlib\src -I..\..\source\src\user\
OS_CORE -I..\..\source\src\user\OS_CORE\schedule -I..\..\source\src\user\OS_CPU
 -I..\..\source\src\user\OS_CPU\bsp -I..\..\source\src\user\OS_LIB -I..\..\sour
ce\src\user\shell -I..\..\source\include\os_core -IF:\ARM\RV31\INC -IF:\ARM\PAC
K\ARM\CMSIS\4.1.0\CMSIS\Include -IF:\ARM\PACK\Keil\STM32F1xx_DFP\1.0.5\Device\I
nclude --list=..\..\listing\startup_stm32f10x_hd.lst ..\..\source\src\CMSIS\sta
rtup\startup_stm32f10x_hd.s



ARM Macro Assembler    Page 1 Alphabetic symbol ordering
Relocatable symbols

STACK 00000000

Symbol: STACK
   Definitions
      At line 37 in file ..\..\source\src\CMSIS\startup\startup_stm32f10x_hd.s
   Uses
      None
Comment: STACK unused
Stack_Mem 00000000

Symbol: Stack_Mem
   Definitions
      At line 39 in file ..\..\source\src\CMSIS\startup\startup_stm32f10x_hd.s
   Uses
      At line 361 in file ..\..\source\src\CMSIS\startup\startup_stm32f10x_hd.s
      At line 363 in file ..\..\source\src\CMSIS\startup\startup_stm32f10x_hd.s

__initial_sp 00000400

Symbol: __initial_sp
   Definitions
      At line 40 in file ..\..\source\src\CMSIS\startup\startup_stm32f10x_hd.s
   Uses
      At line 63 in file ..\..\source\src\CMSIS\startup\startup_stm32f10x_hd.s
Comment: __initial_sp used once
__stack_base 00000000

Symbol: __stack_base
   Definitions
      At line 38 in file ..\..\source\src\CMSIS\startup\startup_stm32f10x_hd.s
   Uses
      None
Comment: __stack_base unused
4 symbols



ARM Macro Assembler    Page 1 Alphabetic symbol ordering
Relocatable symbols

HEAP 00000000

Symbol: HEAP
   Definitions
      At line 48 in file ..\..\source\src\CMSIS\startup\startup_stm32f10x_hd.s
   Uses
      None
Comment: HEAP unused
Heap_Mem 00000000

Symbol: Heap_Mem
   Definitions
      At line 50 in file ..\..\source\src\CMSIS\startup\startup_stm32f10x_hd.s
   Uses
      At line 360 in file ..\..\source\src\CMSIS\startup\startup_stm32f10x_hd.s
      At line 362 in file ..\..\source\src\CMSIS\startup\startup_stm32f10x_hd.s

__heap_base 00000000

Symbol: __heap_base
   Definitions
      At line 49 in file ..\..\source\src\CMSIS\startup\startup_stm32f10x_hd.s
   Uses
      None
Comment: __heap_base unused
__heap_limit 00000200

Symbol: __heap_limit
   Definitions
      At line 51 in file ..\..\source\src\CMSIS\startup\startup_stm32f10x_hd.s
   Uses
      None
Comment: __heap_limit unused
4 symbols



ARM Macro Assembler    Page 1 Alphabetic symbol ordering
Relocatable symbols

RESET 00000000

Symbol: RESET
   Definitions
      At line 58 in file ..\..\source\src\CMSIS\startup\startup_stm32f10x_hd.s
   Uses
      None
Comment: RESET unused
__Vectors 00000000

Symbol: __Vectors
   Definitions
      At line 63 in file ..\..\source\src\CMSIS\startup\startup_stm32f10x_hd.s
   Uses
      At line 59 in file ..\..\source\src\CMSIS\startup\startup_stm32f10x_hd.s
      At line 143 in file ..\..\source\src\CMSIS\startup\startup_stm32f10x_hd.s

__Vectors_End 00000130

Symbol: __Vectors_End
   Definitions
      At line 141 in file ..\..\source\src\CMSIS\startup\startup_stm32f10x_hd.s
   Uses
      At line 60 in file ..\..\source\src\CMSIS\startup\startup_stm32f10x_hd.s
      At line 143 in file ..\..\source\src\CMSIS\startup\startup_stm32f10x_hd.s

3 symbols



ARM Macro Assembler    Page 1 Alphabetic symbol ordering
Relocatable symbols

.text 00000000

Symbol: .text
   Definitions
      At line 145 in file ..\..\source\src\CMSIS\startup\startup_stm32f10x_hd.s
   Uses
      None
Comment: .text unused
ADC1_2_IRQHandler 0000002A

Symbol: ADC1_2_IRQHandler
   Definitions
      At line 295 in file ..\..\source\src\CMSIS\startup\startup_stm32f10x_hd.s
   Uses
      At line 99 in file ..\..\source\src\CMSIS\startup\startup_stm32f10x_hd.s
      At line 234 in file ..\..\source\src\CMSIS\startup\startup_stm32f10x_hd.s

ADC3_IRQHandler 0000002A

Symbol: ADC3_IRQHandler
   Definitions
      At line 324 in file ..\..\source\src\CMSIS\startup\startup_stm32f10x_hd.s
   Uses
      At line 128 in file ..\..\source\src\CMSIS\startup\startup_stm32f10x_hd.s
      At line 263 in file ..\..\source\src\CMSIS\startup\startup_stm32f10x_hd.s

BusFault_Handler 0000001E

Symbol: BusFault_Handler
   Definitions
      At line 187 in file ..\..\source\src\CMSIS\startup\startup_stm32f10x_hd.s
   Uses
      At line 68 in file ..\..\source\src\CMSIS\startup\startup_stm32f10x_hd.s
      At line 188 in file ..\..\source\src\CMSIS\startup\startup_stm32f10x_hd.s

CAN1_RX1_IRQHandler 0000002A

Symbol: CAN1_RX1_IRQHandler
   Definitions
      At line 298 in file ..\..\source\src\CMSIS\startup\startup_stm32f10x_hd.s
   Uses
      At line 102 in file ..\..\source\src\CMSIS\startup\startup_stm32f10x_hd.s
      At line 237 in file ..\..\source\src\CMSIS\startup\startup_stm32f10x_hd.s

CAN1_SCE_IRQHandler 0000002A

Symbol: CAN1_SCE_IRQHandler
   Definitions
      At line 299 in file ..\..\source\src\CMSIS\startup\startup_stm32f10x_hd.s
   Uses
      At line 103 in file ..\..\source\src\CMSIS\startup\startup_stm32f10x_hd.s
      At line 238 in file ..\..\source\src\CMSIS\startup\startup_stm32f10x_hd.s

DMA1_Channel1_IRQHandler 0000002A

Symbol: DMA1_Channel1_IRQHandler
   Definitions
      At line 288 in file ..\..\source\src\CMSIS\startup\startup_stm32f10x_hd.s
   Uses



ARM Macro Assembler    Page 2 Alphabetic symbol ordering
Relocatable symbols

      At line 92 in file ..\..\source\src\CMSIS\startup\startup_stm32f10x_hd.s
      At line 227 in file ..\..\source\src\CMSIS\startup\startup_stm32f10x_hd.s

DMA1_Channel2_IRQHandler 0000002A

Symbol: DMA1_Channel2_IRQHandler
   Definitions
      At line 289 in file ..\..\source\src\CMSIS\startup\startup_stm32f10x_hd.s
   Uses
      At line 93 in file ..\..\source\src\CMSIS\startup\startup_stm32f10x_hd.s
      At line 228 in file ..\..\source\src\CMSIS\startup\startup_stm32f10x_hd.s

DMA1_Channel3_IRQHandler 0000002A

Symbol: DMA1_Channel3_IRQHandler
   Definitions
      At line 290 in file ..\..\source\src\CMSIS\startup\startup_stm32f10x_hd.s
   Uses
      At line 94 in file ..\..\source\src\CMSIS\startup\startup_stm32f10x_hd.s
      At line 229 in file ..\..\source\src\CMSIS\startup\startup_stm32f10x_hd.s

DMA1_Channel4_IRQHandler 0000002A

Symbol: DMA1_Channel4_IRQHandler
   Definitions
      At line 291 in file ..\..\source\src\CMSIS\startup\startup_stm32f10x_hd.s
   Uses
      At line 95 in file ..\..\source\src\CMSIS\startup\startup_stm32f10x_hd.s
      At line 230 in file ..\..\source\src\CMSIS\startup\startup_stm32f10x_hd.s

DMA1_Channel5_IRQHandler 0000002A

Symbol: DMA1_Channel5_IRQHandler
   Definitions
      At line 292 in file ..\..\source\src\CMSIS\startup\startup_stm32f10x_hd.s
   Uses
      At line 96 in file ..\..\source\src\CMSIS\startup\startup_stm32f10x_hd.s
      At line 231 in file ..\..\source\src\CMSIS\startup\startup_stm32f10x_hd.s

DMA1_Channel6_IRQHandler 0000002A

Symbol: DMA1_Channel6_IRQHandler
   Definitions
      At line 293 in file ..\..\source\src\CMSIS\startup\startup_stm32f10x_hd.s
   Uses
      At line 97 in file ..\..\source\src\CMSIS\startup\startup_stm32f10x_hd.s
      At line 232 in file ..\..\source\src\CMSIS\startup\startup_stm32f10x_hd.s

DMA1_Channel7_IRQHandler 0000002A

Symbol: DMA1_Channel7_IRQHandler
   Definitions
      At line 294 in file ..\..\source\src\CMSIS\startup\startup_stm32f10x_hd.s
   Uses
      At line 98 in file ..\..\source\src\CMSIS\startup\startup_stm32f10x_hd.s
      At line 233 in file ..\..\source\src\CMSIS\startup\startup_stm32f10x_hd.s

DMA2_Channel1_IRQHandler 0000002A




ARM Macro Assembler    Page 3 Alphabetic symbol ordering
Relocatable symbols

Symbol: DMA2_Channel1_IRQHandler
   Definitions
      At line 333 in file ..\..\source\src\CMSIS\startup\startup_stm32f10x_hd.s
   Uses
      At line 137 in file ..\..\source\src\CMSIS\startup\startup_stm32f10x_hd.s
      At line 272 in file ..\..\source\src\CMSIS\startup\startup_stm32f10x_hd.s

DMA2_Channel2_IRQHandler 0000002A

Symbol: DMA2_Channel2_IRQHandler
   Definitions
      At line 334 in file ..\..\source\src\CMSIS\startup\startup_stm32f10x_hd.s
   Uses
      At line 138 in file ..\..\source\src\CMSIS\startup\startup_stm32f10x_hd.s
      At line 273 in file ..\..\source\src\CMSIS\startup\startup_stm32f10x_hd.s

DMA2_Channel3_IRQHandler 0000002A

Symbol: DMA2_Channel3_IRQHandler
   Definitions
      At line 335 in file ..\..\source\src\CMSIS\startup\startup_stm32f10x_hd.s
   Uses
      At line 139 in file ..\..\source\src\CMSIS\startup\startup_stm32f10x_hd.s
      At line 274 in file ..\..\source\src\CMSIS\startup\startup_stm32f10x_hd.s

DMA2_Channel4_5_IRQHandler 0000002A

Symbol: DMA2_Channel4_5_IRQHandler
   Definitions
      At line 336 in file ..\..\source\src\CMSIS\startup\startup_stm32f10x_hd.s
   Uses
      At line 140 in file ..\..\source\src\CMSIS\startup\startup_stm32f10x_hd.s
      At line 275 in file ..\..\source\src\CMSIS\startup\startup_stm32f10x_hd.s

DebugMon_Handler 00000024

Symbol: DebugMon_Handler
   Definitions
      At line 201 in file ..\..\source\src\CMSIS\startup\startup_stm32f10x_hd.s
   Uses
      At line 75 in file ..\..\source\src\CMSIS\startup\startup_stm32f10x_hd.s
      At line 202 in file ..\..\source\src\CMSIS\startup\startup_stm32f10x_hd.s

Default_Handler 0000002A

Symbol: Default_Handler
   Definitions
      At line 214 in file ..\..\source\src\CMSIS\startup\startup_stm32f10x_hd.s
   Uses
      None
Comment: Default_Handler unused
EXTI0_IRQHandler 0000002A

Symbol: EXTI0_IRQHandler
   Definitions
      At line 283 in file ..\..\source\src\CMSIS\startup\startup_stm32f10x_hd.s
   Uses
      At line 87 in file ..\..\source\src\CMSIS\startup\startup_stm32f10x_hd.s
      At line 222 in file ..\..\source\src\CMSIS\startup\startup_stm32f10x_hd.s



ARM Macro Assembler    Page 4 Alphabetic symbol ordering
Relocatable symbols


EXTI15_10_IRQHandler 0000002A

Symbol: EXTI15_10_IRQHandler
   Definitions
      At line 317 in file ..\..\source\src\CMSIS\startup\startup_stm32f10x_hd.s
   Uses
      At line 121 in file ..\..\source\src\CMSIS\startup\startup_stm32f10x_hd.s
      At line 256 in file ..\..\source\src\CMSIS\startup\startup_stm32f10x_hd.s

EXTI1_IRQHandler 0000002A

Symbol: EXTI1_IRQHandler
   Definitions
      At line 284 in file ..\..\source\src\CMSIS\startup\startup_stm32f10x_hd.s
   Uses
      At line 88 in file ..\..\source\src\CMSIS\startup\startup_stm32f10x_hd.s
      At line 223 in file ..\..\source\src\CMSIS\startup\startup_stm32f10x_hd.s

EXTI2_IRQHandler 0000002A

Symbol: EXTI2_IRQHandler
   Definitions
      At line 285 in file ..\..\source\src\CMSIS\startup\startup_stm32f10x_hd.s
   Uses
      At line 89 in file ..\..\source\src\CMSIS\startup\startup_stm32f10x_hd.s
      At line 224 in file ..\..\source\src\CMSIS\startup\startup_stm32f10x_hd.s

EXTI3_IRQHandler 0000002A

Symbol: EXTI3_IRQHandler
   Definitions
      At line 286 in file ..\..\source\src\CMSIS\startup\startup_stm32f10x_hd.s
   Uses
      At line 90 in file ..\..\source\src\CMSIS\startup\startup_stm32f10x_hd.s
      At line 225 in file ..\..\source\src\CMSIS\startup\startup_stm32f10x_hd.s

EXTI4_IRQHandler 0000002A

Symbol: EXTI4_IRQHandler
   Definitions
      At line 287 in file ..\..\source\src\CMSIS\startup\startup_stm32f10x_hd.s
   Uses
      At line 91 in file ..\..\source\src\CMSIS\startup\startup_stm32f10x_hd.s
      At line 226 in file ..\..\source\src\CMSIS\startup\startup_stm32f10x_hd.s

EXTI9_5_IRQHandler 0000002A

Symbol: EXTI9_5_IRQHandler
   Definitions
      At line 300 in file ..\..\source\src\CMSIS\startup\startup_stm32f10x_hd.s
   Uses
      At line 104 in file ..\..\source\src\CMSIS\startup\startup_stm32f10x_hd.s
      At line 239 in file ..\..\source\src\CMSIS\startup\startup_stm32f10x_hd.s

FLASH_IRQHandler 0000002A

Symbol: FLASH_IRQHandler
   Definitions



ARM Macro Assembler    Page 5 Alphabetic symbol ordering
Relocatable symbols

      At line 281 in file ..\..\source\src\CMSIS\startup\startup_stm32f10x_hd.s
   Uses
      At line 85 in file ..\..\source\src\CMSIS\startup\startup_stm32f10x_hd.s
      At line 220 in file ..\..\source\src\CMSIS\startup\startup_stm32f10x_hd.s

FSMC_IRQHandler 0000002A

Symbol: FSMC_IRQHandler
   Definitions
      At line 325 in file ..\..\source\src\CMSIS\startup\startup_stm32f10x_hd.s
   Uses
      At line 129 in file ..\..\source\src\CMSIS\startup\startup_stm32f10x_hd.s
      At line 264 in file ..\..\source\src\CMSIS\startup\startup_stm32f10x_hd.s

HardFault_Handler 0000000A

Symbol: HardFault_Handler
   Definitions
      At line 165 in file ..\..\source\src\CMSIS\startup\startup_stm32f10x_hd.s
   Uses
      At line 66 in file ..\..\source\src\CMSIS\startup\startup_stm32f10x_hd.s
Comment: HardFault_Handler used once
I2C1_ER_IRQHandler 0000002A

Symbol: I2C1_ER_IRQHandler
   Definitions
      At line 309 in file ..\..\source\src\CMSIS\startup\startup_stm32f10x_hd.s
   Uses
      At line 113 in file ..\..\source\src\CMSIS\startup\startup_stm32f10x_hd.s
      At line 248 in file ..\..\source\src\CMSIS\startup\startup_stm32f10x_hd.s

I2C1_EV_IRQHandler 0000002A

Symbol: I2C1_EV_IRQHandler
   Definitions
      At line 308 in file ..\..\source\src\CMSIS\startup\startup_stm32f10x_hd.s
   Uses
      At line 112 in file ..\..\source\src\CMSIS\startup\startup_stm32f10x_hd.s
      At line 247 in file ..\..\source\src\CMSIS\startup\startup_stm32f10x_hd.s

I2C2_ER_IRQHandler 0000002A

Symbol: I2C2_ER_IRQHandler
   Definitions
      At line 311 in file ..\..\source\src\CMSIS\startup\startup_stm32f10x_hd.s
   Uses
      At line 115 in file ..\..\source\src\CMSIS\startup\startup_stm32f10x_hd.s
      At line 250 in file ..\..\source\src\CMSIS\startup\startup_stm32f10x_hd.s

I2C2_EV_IRQHandler 0000002A

Symbol: I2C2_EV_IRQHandler
   Definitions
      At line 310 in file ..\..\source\src\CMSIS\startup\startup_stm32f10x_hd.s
   Uses
      At line 114 in file ..\..\source\src\CMSIS\startup\startup_stm32f10x_hd.s
      At line 249 in file ..\..\source\src\CMSIS\startup\startup_stm32f10x_hd.s

MemManage_Handler 0000001C



ARM Macro Assembler    Page 6 Alphabetic symbol ordering
Relocatable symbols


Symbol: MemManage_Handler
   Definitions
      At line 182 in file ..\..\source\src\CMSIS\startup\startup_stm32f10x_hd.s
   Uses
      At line 67 in file ..\..\source\src\CMSIS\startup\startup_stm32f10x_hd.s
      At line 183 in file ..\..\source\src\CMSIS\startup\startup_stm32f10x_hd.s

NMI_Handler 00000008

Symbol: NMI_Handler
   Definitions
      At line 160 in file ..\..\source\src\CMSIS\startup\startup_stm32f10x_hd.s
   Uses
      At line 65 in file ..\..\source\src\CMSIS\startup\startup_stm32f10x_hd.s
      At line 161 in file ..\..\source\src\CMSIS\startup\startup_stm32f10x_hd.s

OS_CPU_PendSVHandler 00000026

Symbol: OS_CPU_PendSVHandler
   Definitions
      At line 205 in file ..\..\source\src\CMSIS\startup\startup_stm32f10x_hd.s
   Uses
      At line 77 in file ..\..\source\src\CMSIS\startup\startup_stm32f10x_hd.s
      At line 206 in file ..\..\source\src\CMSIS\startup\startup_stm32f10x_hd.s

OS_CPU_SysTickHandler 00000028

Symbol: OS_CPU_SysTickHandler
   Definitions
      At line 209 in file ..\..\source\src\CMSIS\startup\startup_stm32f10x_hd.s
   Uses
      At line 78 in file ..\..\source\src\CMSIS\startup\startup_stm32f10x_hd.s
      At line 210 in file ..\..\source\src\CMSIS\startup\startup_stm32f10x_hd.s

PVD_IRQHandler 0000002A

Symbol: PVD_IRQHandler
   Definitions
      At line 278 in file ..\..\source\src\CMSIS\startup\startup_stm32f10x_hd.s
   Uses
      At line 82 in file ..\..\source\src\CMSIS\startup\startup_stm32f10x_hd.s
      At line 217 in file ..\..\source\src\CMSIS\startup\startup_stm32f10x_hd.s

RCC_IRQHandler 0000002A

Symbol: RCC_IRQHandler
   Definitions
      At line 282 in file ..\..\source\src\CMSIS\startup\startup_stm32f10x_hd.s
   Uses
      At line 86 in file ..\..\source\src\CMSIS\startup\startup_stm32f10x_hd.s
      At line 221 in file ..\..\source\src\CMSIS\startup\startup_stm32f10x_hd.s

RTCAlarm_IRQHandler 0000002A

Symbol: RTCAlarm_IRQHandler
   Definitions
      At line 318 in file ..\..\source\src\CMSIS\startup\startup_stm32f10x_hd.s
   Uses



ARM Macro Assembler    Page 7 Alphabetic symbol ordering
Relocatable symbols

      At line 122 in file ..\..\source\src\CMSIS\startup\startup_stm32f10x_hd.s
      At line 257 in file ..\..\source\src\CMSIS\startup\startup_stm32f10x_hd.s

RTC_IRQHandler 0000002A

Symbol: RTC_IRQHandler
   Definitions
      At line 280 in file ..\..\source\src\CMSIS\startup\startup_stm32f10x_hd.s
   Uses
      At line 84 in file ..\..\source\src\CMSIS\startup\startup_stm32f10x_hd.s
      At line 219 in file ..\..\source\src\CMSIS\startup\startup_stm32f10x_hd.s

Reset_Handler 00000000

Symbol: Reset_Handler
   Definitions
      At line 148 in file ..\..\source\src\CMSIS\startup\startup_stm32f10x_hd.s
   Uses
      At line 64 in file ..\..\source\src\CMSIS\startup\startup_stm32f10x_hd.s
      At line 149 in file ..\..\source\src\CMSIS\startup\startup_stm32f10x_hd.s

SDIO_IRQHandler 0000002A

Symbol: SDIO_IRQHandler
   Definitions
      At line 326 in file ..\..\source\src\CMSIS\startup\startup_stm32f10x_hd.s
   Uses
      At line 130 in file ..\..\source\src\CMSIS\startup\startup_stm32f10x_hd.s
      At line 265 in file ..\..\source\src\CMSIS\startup\startup_stm32f10x_hd.s

SPI1_IRQHandler 0000002A

Symbol: SPI1_IRQHandler
   Definitions
      At line 312 in file ..\..\source\src\CMSIS\startup\startup_stm32f10x_hd.s
   Uses
      At line 116 in file ..\..\source\src\CMSIS\startup\startup_stm32f10x_hd.s
      At line 251 in file ..\..\source\src\CMSIS\startup\startup_stm32f10x_hd.s

SPI2_IRQHandler 0000002A

Symbol: SPI2_IRQHandler
   Definitions
      At line 313 in file ..\..\source\src\CMSIS\startup\startup_stm32f10x_hd.s
   Uses
      At line 117 in file ..\..\source\src\CMSIS\startup\startup_stm32f10x_hd.s
      At line 252 in file ..\..\source\src\CMSIS\startup\startup_stm32f10x_hd.s

SPI3_IRQHandler 0000002A

Symbol: SPI3_IRQHandler
   Definitions
      At line 328 in file ..\..\source\src\CMSIS\startup\startup_stm32f10x_hd.s
   Uses
      At line 132 in file ..\..\source\src\CMSIS\startup\startup_stm32f10x_hd.s
      At line 267 in file ..\..\source\src\CMSIS\startup\startup_stm32f10x_hd.s

SVC_Handler 00000022




ARM Macro Assembler    Page 8 Alphabetic symbol ordering
Relocatable symbols

Symbol: SVC_Handler
   Definitions
      At line 196 in file ..\..\source\src\CMSIS\startup\startup_stm32f10x_hd.s
   Uses
      At line 74 in file ..\..\source\src\CMSIS\startup\startup_stm32f10x_hd.s
      At line 197 in file ..\..\source\src\CMSIS\startup\startup_stm32f10x_hd.s

TAMPER_IRQHandler 0000002A

Symbol: TAMPER_IRQHandler
   Definitions
      At line 279 in file ..\..\source\src\CMSIS\startup\startup_stm32f10x_hd.s
   Uses
      At line 83 in file ..\..\source\src\CMSIS\startup\startup_stm32f10x_hd.s
      At line 218 in file ..\..\source\src\CMSIS\startup\startup_stm32f10x_hd.s

TIM1_BRK_IRQHandler 0000002A

Symbol: TIM1_BRK_IRQHandler
   Definitions
      At line 301 in file ..\..\source\src\CMSIS\startup\startup_stm32f10x_hd.s
   Uses
      At line 105 in file ..\..\source\src\CMSIS\startup\startup_stm32f10x_hd.s
      At line 240 in file ..\..\source\src\CMSIS\startup\startup_stm32f10x_hd.s

TIM1_CC_IRQHandler 0000002A

Symbol: TIM1_CC_IRQHandler
   Definitions
      At line 304 in file ..\..\source\src\CMSIS\startup\startup_stm32f10x_hd.s
   Uses
      At line 108 in file ..\..\source\src\CMSIS\startup\startup_stm32f10x_hd.s
      At line 243 in file ..\..\source\src\CMSIS\startup\startup_stm32f10x_hd.s

TIM1_TRG_COM_IRQHandler 0000002A

Symbol: TIM1_TRG_COM_IRQHandler
   Definitions
      At line 303 in file ..\..\source\src\CMSIS\startup\startup_stm32f10x_hd.s
   Uses
      At line 107 in file ..\..\source\src\CMSIS\startup\startup_stm32f10x_hd.s
      At line 242 in file ..\..\source\src\CMSIS\startup\startup_stm32f10x_hd.s

TIM1_UP_IRQHandler 0000002A

Symbol: TIM1_UP_IRQHandler
   Definitions
      At line 302 in file ..\..\source\src\CMSIS\startup\startup_stm32f10x_hd.s
   Uses
      At line 106 in file ..\..\source\src\CMSIS\startup\startup_stm32f10x_hd.s
      At line 241 in file ..\..\source\src\CMSIS\startup\startup_stm32f10x_hd.s

TIM2_IRQHandler 0000002A

Symbol: TIM2_IRQHandler
   Definitions
      At line 305 in file ..\..\source\src\CMSIS\startup\startup_stm32f10x_hd.s
   Uses
      At line 109 in file ..\..\source\src\CMSIS\startup\startup_stm32f10x_hd.s



ARM Macro Assembler    Page 9 Alphabetic symbol ordering
Relocatable symbols

      At line 244 in file ..\..\source\src\CMSIS\startup\startup_stm32f10x_hd.s

TIM3_IRQHandler 0000002A

Symbol: TIM3_IRQHandler
   Definitions
      At line 306 in file ..\..\source\src\CMSIS\startup\startup_stm32f10x_hd.s
   Uses
      At line 110 in file ..\..\source\src\CMSIS\startup\startup_stm32f10x_hd.s
      At line 245 in file ..\..\source\src\CMSIS\startup\startup_stm32f10x_hd.s

TIM4_IRQHandler 0000002A

Symbol: TIM4_IRQHandler
   Definitions
      At line 307 in file ..\..\source\src\CMSIS\startup\startup_stm32f10x_hd.s
   Uses
      At line 111 in file ..\..\source\src\CMSIS\startup\startup_stm32f10x_hd.s
      At line 246 in file ..\..\source\src\CMSIS\startup\startup_stm32f10x_hd.s

TIM5_IRQHandler 0000002A

Symbol: TIM5_IRQHandler
   Definitions
      At line 327 in file ..\..\source\src\CMSIS\startup\startup_stm32f10x_hd.s
   Uses
      At line 131 in file ..\..\source\src\CMSIS\startup\startup_stm32f10x_hd.s
      At line 266 in file ..\..\source\src\CMSIS\startup\startup_stm32f10x_hd.s

TIM6_IRQHandler 0000002A

Symbol: TIM6_IRQHandler
   Definitions
      At line 331 in file ..\..\source\src\CMSIS\startup\startup_stm32f10x_hd.s
   Uses
      At line 135 in file ..\..\source\src\CMSIS\startup\startup_stm32f10x_hd.s
      At line 270 in file ..\..\source\src\CMSIS\startup\startup_stm32f10x_hd.s

TIM7_IRQHandler 0000002A

Symbol: TIM7_IRQHandler
   Definitions
      At line 332 in file ..\..\source\src\CMSIS\startup\startup_stm32f10x_hd.s
   Uses
      At line 136 in file ..\..\source\src\CMSIS\startup\startup_stm32f10x_hd.s
      At line 271 in file ..\..\source\src\CMSIS\startup\startup_stm32f10x_hd.s

TIM8_BRK_IRQHandler 0000002A

Symbol: TIM8_BRK_IRQHandler
   Definitions
      At line 320 in file ..\..\source\src\CMSIS\startup\startup_stm32f10x_hd.s
   Uses
      At line 124 in file ..\..\source\src\CMSIS\startup\startup_stm32f10x_hd.s
      At line 259 in file ..\..\source\src\CMSIS\startup\startup_stm32f10x_hd.s

TIM8_CC_IRQHandler 0000002A

Symbol: TIM8_CC_IRQHandler



ARM Macro Assembler    Page 10 Alphabetic symbol ordering
Relocatable symbols

   Definitions
      At line 323 in file ..\..\source\src\CMSIS\startup\startup_stm32f10x_hd.s
   Uses
      At line 127 in file ..\..\source\src\CMSIS\startup\startup_stm32f10x_hd.s
      At line 262 in file ..\..\source\src\CMSIS\startup\startup_stm32f10x_hd.s

TIM8_TRG_COM_IRQHandler 0000002A

Symbol: TIM8_TRG_COM_IRQHandler
   Definitions
      At line 322 in file ..\..\source\src\CMSIS\startup\startup_stm32f10x_hd.s
   Uses
      At line 126 in file ..\..\source\src\CMSIS\startup\startup_stm32f10x_hd.s
      At line 261 in file ..\..\source\src\CMSIS\startup\startup_stm32f10x_hd.s

TIM8_UP_IRQHandler 0000002A

Symbol: TIM8_UP_IRQHandler
   Definitions
      At line 321 in file ..\..\source\src\CMSIS\startup\startup_stm32f10x_hd.s
   Uses
      At line 125 in file ..\..\source\src\CMSIS\startup\startup_stm32f10x_hd.s
      At line 260 in file ..\..\source\src\CMSIS\startup\startup_stm32f10x_hd.s

UART4_IRQHandler 0000002A

Symbol: UART4_IRQHandler
   Definitions
      At line 329 in file ..\..\source\src\CMSIS\startup\startup_stm32f10x_hd.s
   Uses
      At line 133 in file ..\..\source\src\CMSIS\startup\startup_stm32f10x_hd.s
      At line 268 in file ..\..\source\src\CMSIS\startup\startup_stm32f10x_hd.s

UART5_IRQHandler 0000002A

Symbol: UART5_IRQHandler
   Definitions
      At line 330 in file ..\..\source\src\CMSIS\startup\startup_stm32f10x_hd.s
   Uses
      At line 134 in file ..\..\source\src\CMSIS\startup\startup_stm32f10x_hd.s
      At line 269 in file ..\..\source\src\CMSIS\startup\startup_stm32f10x_hd.s

USART1_IRQHandler 0000002A

Symbol: USART1_IRQHandler
   Definitions
      At line 314 in file ..\..\source\src\CMSIS\startup\startup_stm32f10x_hd.s
   Uses
      At line 118 in file ..\..\source\src\CMSIS\startup\startup_stm32f10x_hd.s
      At line 253 in file ..\..\source\src\CMSIS\startup\startup_stm32f10x_hd.s

USART2_IRQHandler 0000002A

Symbol: USART2_IRQHandler
   Definitions
      At line 315 in file ..\..\source\src\CMSIS\startup\startup_stm32f10x_hd.s
   Uses
      At line 119 in file ..\..\source\src\CMSIS\startup\startup_stm32f10x_hd.s
      At line 254 in file ..\..\source\src\CMSIS\startup\startup_stm32f10x_hd.s



ARM Macro Assembler    Page 11 Alphabetic symbol ordering
Relocatable symbols


USART3_IRQHandler 0000002A

Symbol: USART3_IRQHandler
   Definitions
      At line 316 in file ..\..\source\src\CMSIS\startup\startup_stm32f10x_hd.s
   Uses
      At line 120 in file ..\..\source\src\CMSIS\startup\startup_stm32f10x_hd.s
      At line 255 in file ..\..\source\src\CMSIS\startup\startup_stm32f10x_hd.s

USBWakeUp_IRQHandler 0000002A

Symbol: USBWakeUp_IRQHandler
   Definitions
      At line 319 in file ..\..\source\src\CMSIS\startup\startup_stm32f10x_hd.s
   Uses
      At line 123 in file ..\..\source\src\CMSIS\startup\startup_stm32f10x_hd.s
      At line 258 in file ..\..\source\src\CMSIS\startup\startup_stm32f10x_hd.s

USB_HP_CAN1_TX_IRQHandler 0000002A

Symbol: USB_HP_CAN1_TX_IRQHandler
   Definitions
      At line 296 in file ..\..\source\src\CMSIS\startup\startup_stm32f10x_hd.s
   Uses
      At line 100 in file ..\..\source\src\CMSIS\startup\startup_stm32f10x_hd.s
      At line 235 in file ..\..\source\src\CMSIS\startup\startup_stm32f10x_hd.s

USB_LP_CAN1_RX0_IRQHandler 0000002A

Symbol: USB_LP_CAN1_RX0_IRQHandler
   Definitions
      At line 297 in file ..\..\source\src\CMSIS\startup\startup_stm32f10x_hd.s
   Uses
      At line 101 in file ..\..\source\src\CMSIS\startup\startup_stm32f10x_hd.s
      At line 236 in file ..\..\source\src\CMSIS\startup\startup_stm32f10x_hd.s

UsageFault_Handler 00000020

Symbol: UsageFault_Handler
   Definitions
      At line 192 in file ..\..\source\src\CMSIS\startup\startup_stm32f10x_hd.s
   Uses
      At line 69 in file ..\..\source\src\CMSIS\startup\startup_stm32f10x_hd.s
      At line 193 in file ..\..\source\src\CMSIS\startup\startup_stm32f10x_hd.s

WWDG_IRQHandler 0000002A

Symbol: WWDG_IRQHandler
   Definitions
      At line 277 in file ..\..\source\src\CMSIS\startup\startup_stm32f10x_hd.s
   Uses
      At line 81 in file ..\..\source\src\CMSIS\startup\startup_stm32f10x_hd.s
      At line 216 in file ..\..\source\src\CMSIS\startup\startup_stm32f10x_hd.s

__user_initial_stackheap 0000002C

Symbol: __user_initial_stackheap
   Definitions



ARM Macro Assembler    Page 12 Alphabetic symbol ordering
Relocatable symbols

      At line 358 in file ..\..\source\src\CMSIS\startup\startup_stm32f10x_hd.s
   Uses
      At line 356 in file ..\..\source\src\CMSIS\startup\startup_stm32f10x_hd.s
Comment: __user_initial_stackheap used once
73 symbols



ARM Macro Assembler    Page 1 Alphabetic symbol ordering
Absolute symbols

Heap_Size 00000200

Symbol: Heap_Size
   Definitions
      At line 46 in file ..\..\source\src\CMSIS\startup\startup_stm32f10x_hd.s
   Uses
      At line 50 in file ..\..\source\src\CMSIS\startup\startup_stm32f10x_hd.s
      At line 362 in file ..\..\source\src\CMSIS\startup\startup_stm32f10x_hd.s

Stack_Size 00000400

Symbol: Stack_Size
   Definitions
      At line 35 in file ..\..\source\src\CMSIS\startup\startup_stm32f10x_hd.s
   Uses
      At line 39 in file ..\..\source\src\CMSIS\startup\startup_stm32f10x_hd.s
      At line 361 in file ..\..\source\src\CMSIS\startup\startup_stm32f10x_hd.s

__Vectors_Size 00000130

Symbol: __Vectors_Size
   Definitions
      At line 143 in file ..\..\source\src\CMSIS\startup\startup_stm32f10x_hd.s
   Uses
      At line 61 in file ..\..\source\src\CMSIS\startup\startup_stm32f10x_hd.s
Comment: __Vectors_Size used once
3 symbols



ARM Macro Assembler    Page 1 Alphabetic symbol ordering
External symbols

SystemInit 00000000

Symbol: SystemInit
   Definitions
      At line 151 in file ..\..\source\src\CMSIS\startup\startup_stm32f10x_hd.s
   Uses
      At line 152 in file ..\..\source\src\CMSIS\startup\startup_stm32f10x_hd.s
Comment: SystemInit used once
__main 00000000

Symbol: __main
   Definitions
      At line 150 in file ..\..\source\src\CMSIS\startup\startup_stm32f10x_hd.s
   Uses
      At line 154 in file ..\..\source\src\CMSIS\startup\startup_stm32f10x_hd.s
Comment: __main used once
__use_two_region_memory 00000000

Symbol: __use_two_region_memory
   Definitions
      At line 355 in file ..\..\source\src\CMSIS\startup\startup_stm32f10x_hd.s
   Uses
      None
Comment: __use_two_region_memory unused
hard_fault_handler_c 00000000

Symbol: hard_fault_handler_c
   Definitions
      At line 169 in file ..\..\source\src\CMSIS\startup\startup_stm32f10x_hd.s
   Uses
      At line 179 in file ..\..\source\src\CMSIS\startup\startup_stm32f10x_hd.s
Comment: hard_fault_handler_c used once
4 symbols
425 symbols in table
