ARM GAS  G:\Users\Jaxb\AppData\Local\Temp\ccQSqEme.s 			page 1


   1              		.cpu cortex-m3
   2              		.eabi_attribute 20, 1
   3              		.eabi_attribute 21, 1
   4              		.eabi_attribute 23, 3
   5              		.eabi_attribute 24, 1
   6              		.eabi_attribute 25, 1
   7              		.eabi_attribute 26, 1
   8              		.eabi_attribute 30, 2
   9              		.eabi_attribute 34, 1
  10              		.eabi_attribute 18, 4
  11              		.file	"bsp.c"
  12              		.text
  13              	.Ltext0:
  14              		.cfi_sections	.debug_frame
  15              		.align	1
  16              		.p2align 2,,3
  17              		.global	ka_putchar
  18              		.syntax unified
  19              		.thumb
  20              		.thumb_func
  21              		.fpu softvfp
  22              		.type	ka_putchar, %function
  23              	ka_putchar:
  24              	.LFB33:
  25              		.file 1 "../../source/src/user/OS_CPU/bsp/bsp.c"
   1:../../source/src/user/OS_CPU/bsp/bsp.c **** #include <bsp.h>
   2:../../source/src/user/OS_CPU/bsp/bsp.c **** #include <buddy.h>
   3:../../source/src/user/OS_CPU/bsp/bsp.c **** #include <bsp_usart.h>
   4:../../source/src/user/OS_CPU/bsp/bsp.c **** #include <sram.h>
   5:../../source/src/user/OS_CPU/bsp/bsp.c **** #include <myMicroLIB.h>
   6:../../source/src/user/OS_CPU/bsp/bsp.c **** 
   7:../../source/src/user/OS_CPU/bsp/bsp.c **** static const struct dev_mem_para para1 = {
   8:../../source/src/user/OS_CPU/bsp/bsp.c **** 	.start = (void *)0x20000000,
   9:../../source/src/user/OS_CPU/bsp/bsp.c **** 	.size = 64, // KB
  10:../../source/src/user/OS_CPU/bsp/bsp.c **** 	.prio = 1,
  11:../../source/src/user/OS_CPU/bsp/bsp.c **** };
  12:../../source/src/user/OS_CPU/bsp/bsp.c **** 
  13:../../source/src/user/OS_CPU/bsp/bsp.c **** static const struct dev_mem_para para2 = {
  14:../../source/src/user/OS_CPU/bsp/bsp.c **** 	.start = (void *)0x68000000,
  15:../../source/src/user/OS_CPU/bsp/bsp.c **** 	.size = 1024, //KB
  16:../../source/src/user/OS_CPU/bsp/bsp.c **** 	.prio = 2,
  17:../../source/src/user/OS_CPU/bsp/bsp.c **** };
  18:../../source/src/user/OS_CPU/bsp/bsp.c **** 
  19:../../source/src/user/OS_CPU/bsp/bsp.c **** static const struct device device_array[] = {
  20:../../source/src/user/OS_CPU/bsp/bsp.c **** 
  21:../../source/src/user/OS_CPU/bsp/bsp.c **** 	{
  22:../../source/src/user/OS_CPU/bsp/bsp.c **** 		.head.dev_name = "USART1",
  23:../../source/src/user/OS_CPU/bsp/bsp.c **** 		.head.dev_info = NULL,
  24:../../source/src/user/OS_CPU/bsp/bsp.c **** 		.head.type = DEV_NORMAL,
  25:../../source/src/user/OS_CPU/bsp/bsp.c **** 		.u.normal.init_fun = USART_Config,
  26:../../source/src/user/OS_CPU/bsp/bsp.c **** 	},
  27:../../source/src/user/OS_CPU/bsp/bsp.c **** 
  28:../../source/src/user/OS_CPU/bsp/bsp.c **** 	{
  29:../../source/src/user/OS_CPU/bsp/bsp.c **** 		.head.dev_name = "SRAM",
  30:../../source/src/user/OS_CPU/bsp/bsp.c **** 		.head.dev_info = NULL,
  31:../../source/src/user/OS_CPU/bsp/bsp.c **** 		.head.type = DEV_NORMAL,
  32:../../source/src/user/OS_CPU/bsp/bsp.c **** 		.u.normal.init_fun = FSMC_SRAM_Init,
ARM GAS  G:\Users\Jaxb\AppData\Local\Temp\ccQSqEme.s 			page 2


  33:../../source/src/user/OS_CPU/bsp/bsp.c **** 	},
  34:../../source/src/user/OS_CPU/bsp/bsp.c **** 
  35:../../source/src/user/OS_CPU/bsp/bsp.c **** 	{	
  36:../../source/src/user/OS_CPU/bsp/bsp.c **** 		.head.dev_name = "first mem",
  37:../../source/src/user/OS_CPU/bsp/bsp.c **** 		.head.dev_info = NULL,
  38:../../source/src/user/OS_CPU/bsp/bsp.c **** 		.head.type = DEV_MEM,
  39:../../source/src/user/OS_CPU/bsp/bsp.c **** 		.u.mem.init_fun = buddy_init,
  40:../../source/src/user/OS_CPU/bsp/bsp.c **** 		.u.mem.para = &para1,
  41:../../source/src/user/OS_CPU/bsp/bsp.c **** 	},
  42:../../source/src/user/OS_CPU/bsp/bsp.c **** 
  43:../../source/src/user/OS_CPU/bsp/bsp.c **** 	{	
  44:../../source/src/user/OS_CPU/bsp/bsp.c **** 		.head.dev_name = "second mem",
  45:../../source/src/user/OS_CPU/bsp/bsp.c **** 		.head.dev_info = NULL,
  46:../../source/src/user/OS_CPU/bsp/bsp.c **** 		.head.type = DEV_MEM,
  47:../../source/src/user/OS_CPU/bsp/bsp.c **** 		.u.mem.init_fun = buddy_init,
  48:../../source/src/user/OS_CPU/bsp/bsp.c **** 		.u.mem.para = &para2,
  49:../../source/src/user/OS_CPU/bsp/bsp.c **** 	}
  50:../../source/src/user/OS_CPU/bsp/bsp.c **** 	
  51:../../source/src/user/OS_CPU/bsp/bsp.c **** };
  52:../../source/src/user/OS_CPU/bsp/bsp.c **** 
  53:../../source/src/user/OS_CPU/bsp/bsp.c **** void ka_putchar(const char ch)  
  54:../../source/src/user/OS_CPU/bsp/bsp.c **** {
  26              		.loc 1 54 0
  27              		.cfi_startproc
  28              		@ args = 0, pretend = 0, frame = 0
  29              		@ frame_needed = 0, uses_anonymous_args = 0
  30              	.LVL0:
  31 0000 10B5     		push	{r4, lr}
  32              	.LCFI0:
  33              		.cfi_def_cfa_offset 8
  34              		.cfi_offset 4, -8
  35              		.cfi_offset 14, -4
  55:../../source/src/user/OS_CPU/bsp/bsp.c **** 	USART_SendData(DEBUG_USARTx,ch);
  36              		.loc 1 55 0
  37 0002 0146     		mov	r1, r0
  38 0004 0548     		ldr	r0, .L6
  39              	.LVL1:
  40 0006 FFF7FEFF 		bl	USART_SendData
  41              	.LVL2:
  56:../../source/src/user/OS_CPU/bsp/bsp.c **** 	while (USART_GetFlagStatus(DEBUG_USARTx, USART_FLAG_TXE) == RESET);
  42              		.loc 1 56 0
  43 000a 044C     		ldr	r4, .L6
  44              	.L2:
  45              		.loc 1 56 0 is_stmt 0 discriminator 1
  46 000c 8021     		movs	r1, #128
  47 000e 2046     		mov	r0, r4
  48 0010 FFF7FEFF 		bl	USART_GetFlagStatus
  49              	.LVL3:
  50 0014 0028     		cmp	r0, #0
  51 0016 F9D0     		beq	.L2
  57:../../source/src/user/OS_CPU/bsp/bsp.c **** }
  52              		.loc 1 57 0 is_stmt 1
  53 0018 10BD     		pop	{r4, pc}
  54              	.L7:
  55 001a 00BF     		.align	2
  56              	.L6:
  57 001c 00380140 		.word	1073821696
ARM GAS  G:\Users\Jaxb\AppData\Local\Temp\ccQSqEme.s 			page 3


  58              		.cfi_endproc
  59              	.LFE33:
  60              		.size	ka_putchar, .-ka_putchar
  61              		.align	1
  62              		.p2align 2,,3
  63              		.global	bsp_init
  64              		.syntax unified
  65              		.thumb
  66              		.thumb_func
  67              		.fpu softvfp
  68              		.type	bsp_init, %function
  69              	bsp_init:
  70              	.LFB34:
  58:../../source/src/user/OS_CPU/bsp/bsp.c **** 
  59:../../source/src/user/OS_CPU/bsp/bsp.c **** void bsp_init(void)
  60:../../source/src/user/OS_CPU/bsp/bsp.c **** {
  71              		.loc 1 60 0
  72              		.cfi_startproc
  73              		@ args = 0, pretend = 0, frame = 0
  74              		@ frame_needed = 0, uses_anonymous_args = 0
  75 0020 2DE9F041 		push	{r4, r5, r6, r7, r8, lr}
  76              	.LCFI1:
  77              		.cfi_def_cfa_offset 24
  78              		.cfi_offset 4, -24
  79              		.cfi_offset 5, -20
  80              		.cfi_offset 6, -16
  81              		.cfi_offset 7, -12
  82              		.cfi_offset 8, -8
  83              		.cfi_offset 14, -4
  61:../../source/src/user/OS_CPU/bsp/bsp.c **** 	unsigned int i;
  62:../../source/src/user/OS_CPU/bsp/bsp.c **** 	USART_Config();
  84              		.loc 1 62 0
  85 0024 FFF7FEFF 		bl	USART_Config
  86              	.LVL4:
  87 0028 0023     		movs	r3, #0
  88 002a 184C     		ldr	r4, .L22
  63:../../source/src/user/OS_CPU/bsp/bsp.c **** 	for(i=0;i<sizeof(device_array)/sizeof(struct device);++i)
  64:../../source/src/user/OS_CPU/bsp/bsp.c **** 	{
  65:../../source/src/user/OS_CPU/bsp/bsp.c **** 		switch(device_array[i].head.type)
  66:../../source/src/user/OS_CPU/bsp/bsp.c **** 		{
  67:../../source/src/user/OS_CPU/bsp/bsp.c **** 			case DEV_NORMAL:
  68:../../source/src/user/OS_CPU/bsp/bsp.c **** 				device_array[i].u.normal.init_fun();
  69:../../source/src/user/OS_CPU/bsp/bsp.c **** 				ka_printf("type is ");
  89              		.loc 1 69 0
  90 002c 184E     		ldr	r6, .L22+4
  70:../../source/src/user/OS_CPU/bsp/bsp.c **** 				ka_printf("DEV_NORMAL\n");
  91              		.loc 1 70 0
  92 002e DFF87480 		ldr	r8, .L22+24
  71:../../source/src/user/OS_CPU/bsp/bsp.c **** 				break;
  72:../../source/src/user/OS_CPU/bsp/bsp.c **** 			case DEV_MEM:
  73:../../source/src/user/OS_CPU/bsp/bsp.c **** 				device_array[i].u.mem.init_fun(device_array[i].u.mem.para);
  74:../../source/src/user/OS_CPU/bsp/bsp.c **** 				ka_printf("type is ");
  75:../../source/src/user/OS_CPU/bsp/bsp.c **** 				ka_printf("DEV_MEM\n");
  76:../../source/src/user/OS_CPU/bsp/bsp.c **** 				break;
  77:../../source/src/user/OS_CPU/bsp/bsp.c **** 			default :
  78:../../source/src/user/OS_CPU/bsp/bsp.c **** 				ka_printf("error!!!\n");break;
  93              		.loc 1 78 0
ARM GAS  G:\Users\Jaxb\AppData\Local\Temp\ccQSqEme.s 			page 4


  94 0032 184F     		ldr	r7, .L22+8
  95 0034 04F15005 		add	r5, r4, #80
  65:../../source/src/user/OS_CPU/bsp/bsp.c **** 		{
  96              		.loc 1 65 0
  97 0038 CBB1     		cbz	r3, .L10
  98              	.L21:
  99 003a 012B     		cmp	r3, #1
 100 003c 20D1     		bne	.L20
  73:../../source/src/user/OS_CPU/bsp/bsp.c **** 				ka_printf("type is ");
 101              		.loc 1 73 0
 102 003e D4E90330 		ldrd	r3, r0, [r4, #12]
 103 0042 9847     		blx	r3
 104              	.LVL5:
  74:../../source/src/user/OS_CPU/bsp/bsp.c **** 				ka_printf("DEV_MEM\n");
 105              		.loc 1 74 0
 106 0044 3046     		mov	r0, r6
 107 0046 FFF7FEFF 		bl	ka_printf
 108              	.LVL6:
  75:../../source/src/user/OS_CPU/bsp/bsp.c **** 				break;
 109              		.loc 1 75 0
 110 004a 1348     		ldr	r0, .L22+12
 111 004c FFF7FEFF 		bl	ka_printf
 112              	.LVL7:
 113              	.L12:
  79:../../source/src/user/OS_CPU/bsp/bsp.c **** 		}
  80:../../source/src/user/OS_CPU/bsp/bsp.c **** 		ka_printf("dev_name is %s\n",device_array[i].head.dev_name);
 114              		.loc 1 80 0
 115 0050 2168     		ldr	r1, [r4]
 116 0052 1248     		ldr	r0, .L22+16
 117 0054 FFF7FEFF 		bl	ka_printf
 118              	.LVL8:
  81:../../source/src/user/OS_CPU/bsp/bsp.c **** 		if(NULL != device_array[i].head.dev_info)
 119              		.loc 1 81 0
 120 0058 6168     		ldr	r1, [r4, #4]
  82:../../source/src/user/OS_CPU/bsp/bsp.c **** 		{
  83:../../source/src/user/OS_CPU/bsp/bsp.c **** 			ka_printf("dev_info is %s\n",device_array[i].head.dev_info);
 121              		.loc 1 83 0
 122 005a 1148     		ldr	r0, .L22+20
 123 005c 1434     		adds	r4, r4, #20
  81:../../source/src/user/OS_CPU/bsp/bsp.c **** 		if(NULL != device_array[i].head.dev_info)
 124              		.loc 1 81 0
 125 005e 09B1     		cbz	r1, .L13
 126              		.loc 1 83 0
 127 0060 FFF7FEFF 		bl	ka_printf
 128              	.LVL9:
 129              	.L13:
  63:../../source/src/user/OS_CPU/bsp/bsp.c **** 	{
 130              		.loc 1 63 0 discriminator 2
 131 0064 AC42     		cmp	r4, r5
 132 0066 0FD0     		beq	.L8
 133 0068 237A     		ldrb	r3, [r4, #8]	@ zero_extendqisi2
  65:../../source/src/user/OS_CPU/bsp/bsp.c **** 		{
 134              		.loc 1 65 0
 135 006a 002B     		cmp	r3, #0
 136 006c E5D1     		bne	.L21
 137              	.L10:
  68:../../source/src/user/OS_CPU/bsp/bsp.c **** 				ka_printf("type is ");
ARM GAS  G:\Users\Jaxb\AppData\Local\Temp\ccQSqEme.s 			page 5


 138              		.loc 1 68 0
 139 006e E368     		ldr	r3, [r4, #12]
 140 0070 9847     		blx	r3
 141              	.LVL10:
  69:../../source/src/user/OS_CPU/bsp/bsp.c **** 				ka_printf("DEV_NORMAL\n");
 142              		.loc 1 69 0
 143 0072 3046     		mov	r0, r6
 144 0074 FFF7FEFF 		bl	ka_printf
 145              	.LVL11:
  70:../../source/src/user/OS_CPU/bsp/bsp.c **** 				break;
 146              		.loc 1 70 0
 147 0078 4046     		mov	r0, r8
 148 007a FFF7FEFF 		bl	ka_printf
 149              	.LVL12:
  71:../../source/src/user/OS_CPU/bsp/bsp.c **** 			case DEV_MEM:
 150              		.loc 1 71 0
 151 007e E7E7     		b	.L12
 152              	.L20:
  78:../../source/src/user/OS_CPU/bsp/bsp.c **** 		}
 153              		.loc 1 78 0
 154 0080 3846     		mov	r0, r7
 155 0082 FFF7FEFF 		bl	ka_printf
 156              	.LVL13:
 157 0086 E3E7     		b	.L12
 158              	.L8:
  84:../../source/src/user/OS_CPU/bsp/bsp.c **** 		}
  85:../../source/src/user/OS_CPU/bsp/bsp.c **** 	}
  86:../../source/src/user/OS_CPU/bsp/bsp.c **** }
 159              		.loc 1 86 0
 160 0088 BDE8F081 		pop	{r4, r5, r6, r7, r8, pc}
 161              	.L23:
 162              		.align	2
 163              	.L22:
 164 008c 00000000 		.word	.LANCHOR0
 165 0090 00000000 		.word	.LC0
 166 0094 24000000 		.word	.LC3
 167 0098 18000000 		.word	.LC2
 168 009c 30000000 		.word	.LC4
 169 00a0 40000000 		.word	.LC5
 170 00a4 0C000000 		.word	.LC1
 171              		.cfi_endproc
 172              	.LFE34:
 173              		.size	bsp_init, .-bsp_init
 174              		.section	.rodata
 175              		.align	2
 176              		.set	.LANCHOR0,. + 0
 177              		.type	device_array, %object
 178              		.size	device_array, 80
 179              	device_array:
 180 0000 50000000 		.word	.LC6
 181 0004 00000000 		.word	0
 182 0008 00       		.byte	0
 183 0009 000000   		.space	3
 184 000c 00000000 		.word	USART_Config
 185 0010 00000000 		.space	4
 186 0014 58000000 		.word	.LC7
 187 0018 00000000 		.word	0
ARM GAS  G:\Users\Jaxb\AppData\Local\Temp\ccQSqEme.s 			page 6


 188 001c 00       		.byte	0
 189 001d 000000   		.space	3
 190 0020 00000000 		.word	FSMC_SRAM_Init
 191 0024 00000000 		.space	4
 192 0028 60000000 		.word	.LC8
 193 002c 00000000 		.word	0
 194 0030 01       		.byte	1
 195 0031 000000   		.space	3
 196 0034 00000000 		.word	buddy_init
 197 0038 5C000000 		.word	para1
 198 003c 6C000000 		.word	.LC9
 199 0040 00000000 		.word	0
 200 0044 01       		.byte	1
 201 0045 000000   		.space	3
 202 0048 00000000 		.word	buddy_init
 203 004c 50000000 		.word	para2
 204              		.type	para2, %object
 205              		.size	para2, 12
 206              	para2:
 207 0050 02000000 		.word	2
 208 0054 00000068 		.word	1744830464
 209 0058 00040000 		.word	1024
 210              		.type	para1, %object
 211              		.size	para1, 12
 212              	para1:
 213 005c 01000000 		.word	1
 214 0060 00000020 		.word	536870912
 215 0064 40000000 		.word	64
 216              		.section	.rodata.str1.4,"aMS",%progbits,1
 217              		.align	2
 218              	.LC0:
 219 0000 74797065 		.ascii	"type is \000"
 219      20697320 
 219      00
 220 0009 000000   		.space	3
 221              	.LC1:
 222 000c 4445565F 		.ascii	"DEV_NORMAL\012\000"
 222      4E4F524D 
 222      414C0A00 
 223              	.LC2:
 224 0018 4445565F 		.ascii	"DEV_MEM\012\000"
 224      4D454D0A 
 224      00
 225 0021 000000   		.space	3
 226              	.LC3:
 227 0024 6572726F 		.ascii	"error!!!\012\000"
 227      72212121 
 227      0A00
 228 002e 0000     		.space	2
 229              	.LC4:
 230 0030 6465765F 		.ascii	"dev_name is %s\012\000"
 230      6E616D65 
 230      20697320 
 230      25730A00 
 231              	.LC5:
 232 0040 6465765F 		.ascii	"dev_info is %s\012\000"
 232      696E666F 
ARM GAS  G:\Users\Jaxb\AppData\Local\Temp\ccQSqEme.s 			page 7


 232      20697320 
 232      25730A00 
 233              	.LC6:
 234 0050 55534152 		.ascii	"USART1\000"
 234      543100
 235 0057 00       		.space	1
 236              	.LC7:
 237 0058 5352414D 		.ascii	"SRAM\000"
 237      00
 238 005d 000000   		.space	3
 239              	.LC8:
 240 0060 66697273 		.ascii	"first mem\000"
 240      74206D65 
 240      6D00
 241 006a 0000     		.space	2
 242              	.LC9:
 243 006c 7365636F 		.ascii	"second mem\000"
 243      6E64206D 
 243      656D00
 244              		.text
 245              	.Letext0:
 246              		.file 2 "../../source/include/os_cpu/bsp/bsp.h"
 247              		.file 3 "../../source/include/os_cpu/kakaosstdint.h"
 248              		.file 4 "f:\\arm\\gcc2018\\arm-none-eabi\\include\\machine\\_default_types.h"
 249              		.file 5 "f:\\arm\\gcc2018\\arm-none-eabi\\include\\sys\\_stdint.h"
 250              		.file 6 "../../source/include/core_cm3.h"
 251              		.file 7 "../../source/include/system_stm32f10x.h"
 252              		.file 8 "../../source/include/stm32f10x.h"
 253              		.file 9 "../../source/include/os_cpu/bsp/bsp_usart.h"
 254              		.file 10 "../../source/include/os_lib/myMicroLIB.h"
 255              		.file 11 "../../source/src/FWlib/inc/stm32f10x_usart.h"
 256              		.section	.debug_info,"",%progbits
 257              	.Ldebug_info0:
 258 0000 AB040000 		.4byte	0x4ab
 259 0004 0200     		.2byte	0x2
 260 0006 00000000 		.4byte	.Ldebug_abbrev0
 261 000a 04       		.byte	0x4
 262 000b 01       		.uleb128 0x1
 263 000c 5C020000 		.4byte	.LASF53
 264 0010 0C       		.byte	0xc
 265 0011 1A030000 		.4byte	.LASF54
 266 0015 E3010000 		.4byte	.LASF55
 267 0019 00000000 		.4byte	.Ltext0
 268 001d A8000000 		.4byte	.Letext0
 269 0021 00000000 		.4byte	.Ldebug_line0
 270 0025 02       		.uleb128 0x2
 271 0026 01       		.byte	0x1
 272 0027 06       		.byte	0x6
 273 0028 19000000 		.4byte	.LASF0
 274 002c 02       		.uleb128 0x2
 275 002d 02       		.byte	0x2
 276 002e 05       		.byte	0x5
 277 002f BC000000 		.4byte	.LASF1
 278 0033 03       		.uleb128 0x3
 279 0034 04       		.byte	0x4
 280 0035 05       		.byte	0x5
 281 0036 696E7400 		.ascii	"int\000"
ARM GAS  G:\Users\Jaxb\AppData\Local\Temp\ccQSqEme.s 			page 8


 282 003a 04       		.uleb128 0x4
 283 003b 33000000 		.4byte	0x33
 284 003f 02       		.uleb128 0x2
 285 0040 08       		.byte	0x8
 286 0041 05       		.byte	0x5
 287 0042 CD000000 		.4byte	.LASF2
 288 0046 02       		.uleb128 0x2
 289 0047 01       		.byte	0x1
 290 0048 08       		.byte	0x8
 291 0049 0E010000 		.4byte	.LASF3
 292 004d 02       		.uleb128 0x2
 293 004e 02       		.byte	0x2
 294 004f 07       		.byte	0x7
 295 0050 5B010000 		.4byte	.LASF4
 296 0054 05       		.uleb128 0x5
 297 0055 3D000000 		.4byte	.LASF25
 298 0059 03       		.byte	0x3
 299 005a 0C       		.byte	0xc
 300 005b 5F000000 		.4byte	0x5f
 301 005f 02       		.uleb128 0x2
 302 0060 04       		.byte	0x4
 303 0061 07       		.byte	0x7
 304 0062 2D010000 		.4byte	.LASF5
 305 0066 02       		.uleb128 0x2
 306 0067 08       		.byte	0x8
 307 0068 07       		.byte	0x7
 308 0069 DB000000 		.4byte	.LASF6
 309 006d 06       		.uleb128 0x6
 310 006e 25000000 		.4byte	.LASF56
 311 0072 07       		.byte	0x7
 312 0073 01       		.byte	0x1
 313 0074 46000000 		.4byte	0x46
 314 0078 02       		.byte	0x2
 315 0079 05       		.byte	0x5
 316 007a 8B000000 		.4byte	0x8b
 317 007e 07       		.uleb128 0x7
 318 007f B1000000 		.4byte	.LASF7
 319 0083 00       		.byte	0
 320 0084 07       		.uleb128 0x7
 321 0085 1C010000 		.4byte	.LASF8
 322 0089 01       		.byte	0x1
 323 008a 00       		.byte	0
 324 008b 08       		.uleb128 0x8
 325 008c 0E000000 		.4byte	.LASF9
 326 0090 04       		.byte	0x4
 327 0091 02       		.byte	0x2
 328 0092 0A       		.byte	0xa
 329 0093 A6000000 		.4byte	0xa6
 330 0097 09       		.uleb128 0x9
 331 0098 FB000000 		.4byte	.LASF11
 332 009c 02       		.byte	0x2
 333 009d 0B       		.byte	0xb
 334 009e A8000000 		.4byte	0xa8
 335 00a2 02       		.byte	0x2
 336 00a3 23       		.byte	0x23
 337 00a4 00       		.uleb128 0
 338 00a5 00       		.byte	0
ARM GAS  G:\Users\Jaxb\AppData\Local\Temp\ccQSqEme.s 			page 9


 339 00a6 0A       		.uleb128 0xa
 340 00a7 01       		.byte	0x1
 341 00a8 0B       		.uleb128 0xb
 342 00a9 04       		.byte	0x4
 343 00aa A6000000 		.4byte	0xa6
 344 00ae 08       		.uleb128 0x8
 345 00af 68000000 		.4byte	.LASF10
 346 00b3 0C       		.byte	0xc
 347 00b4 02       		.byte	0x2
 348 00b5 0E       		.byte	0xe
 349 00b6 E5000000 		.4byte	0xe5
 350 00ba 09       		.uleb128 0x9
 351 00bb 41030000 		.4byte	.LASF12
 352 00bf 02       		.byte	0x2
 353 00c0 0F       		.byte	0xf
 354 00c1 5F000000 		.4byte	0x5f
 355 00c5 02       		.byte	0x2
 356 00c6 23       		.byte	0x23
 357 00c7 00       		.uleb128 0
 358 00c8 09       		.uleb128 0x9
 359 00c9 55010000 		.4byte	.LASF13
 360 00cd 02       		.byte	0x2
 361 00ce 10       		.byte	0x10
 362 00cf EA000000 		.4byte	0xea
 363 00d3 02       		.byte	0x2
 364 00d4 23       		.byte	0x23
 365 00d5 04       		.uleb128 0x4
 366 00d6 09       		.uleb128 0x9
 367 00d7 2E020000 		.4byte	.LASF14
 368 00db 02       		.byte	0x2
 369 00dc 11       		.byte	0x11
 370 00dd 54000000 		.4byte	0x54
 371 00e1 02       		.byte	0x2
 372 00e2 23       		.byte	0x23
 373 00e3 08       		.uleb128 0x8
 374 00e4 00       		.byte	0
 375 00e5 0C       		.uleb128 0xc
 376 00e6 AE000000 		.4byte	0xae
 377 00ea 0D       		.uleb128 0xd
 378 00eb 04       		.byte	0x4
 379 00ec 08       		.uleb128 0x8
 380 00ed 4D020000 		.4byte	.LASF15
 381 00f1 08       		.byte	0x8
 382 00f2 02       		.byte	0x2
 383 00f3 14       		.byte	0x14
 384 00f4 15010000 		.4byte	0x115
 385 00f8 09       		.uleb128 0x9
 386 00f9 FB000000 		.4byte	.LASF11
 387 00fd 02       		.byte	0x2
 388 00fe 15       		.byte	0x15
 389 00ff 27010000 		.4byte	0x127
 390 0103 02       		.byte	0x2
 391 0104 23       		.byte	0x23
 392 0105 00       		.uleb128 0
 393 0106 09       		.uleb128 0x9
 394 0107 AC000000 		.4byte	.LASF16
 395 010b 02       		.byte	0x2
ARM GAS  G:\Users\Jaxb\AppData\Local\Temp\ccQSqEme.s 			page 10


 396 010c 16       		.byte	0x16
 397 010d 21010000 		.4byte	0x121
 398 0111 02       		.byte	0x2
 399 0112 23       		.byte	0x23
 400 0113 04       		.uleb128 0x4
 401 0114 00       		.byte	0
 402 0115 0E       		.uleb128 0xe
 403 0116 01       		.byte	0x1
 404 0117 21010000 		.4byte	0x121
 405 011b 0F       		.uleb128 0xf
 406 011c 21010000 		.4byte	0x121
 407 0120 00       		.byte	0
 408 0121 0B       		.uleb128 0xb
 409 0122 04       		.byte	0x4
 410 0123 E5000000 		.4byte	0xe5
 411 0127 0B       		.uleb128 0xb
 412 0128 04       		.byte	0x4
 413 0129 15010000 		.4byte	0x115
 414 012d 08       		.uleb128 0x8
 415 012e A0000000 		.4byte	.LASF17
 416 0132 0C       		.byte	0xc
 417 0133 02       		.byte	0x2
 418 0134 19       		.byte	0x19
 419 0135 64010000 		.4byte	0x164
 420 0139 09       		.uleb128 0x9
 421 013a 6E010000 		.4byte	.LASF18
 422 013e 02       		.byte	0x2
 423 013f 1A       		.byte	0x1a
 424 0140 64010000 		.4byte	0x164
 425 0144 02       		.byte	0x2
 426 0145 23       		.byte	0x23
 427 0146 00       		.uleb128 0
 428 0147 09       		.uleb128 0x9
 429 0148 00000000 		.4byte	.LASF19
 430 014c 02       		.byte	0x2
 431 014d 1B       		.byte	0x1b
 432 014e 64010000 		.4byte	0x164
 433 0152 02       		.byte	0x2
 434 0153 23       		.byte	0x23
 435 0154 04       		.uleb128 0x4
 436 0155 09       		.uleb128 0x9
 437 0156 7C010000 		.4byte	.LASF20
 438 015a 02       		.byte	0x2
 439 015b 1D       		.byte	0x1d
 440 015c 6D000000 		.4byte	0x6d
 441 0160 02       		.byte	0x2
 442 0161 23       		.byte	0x23
 443 0162 08       		.uleb128 0x8
 444 0163 00       		.byte	0
 445 0164 0B       		.uleb128 0xb
 446 0165 04       		.byte	0x4
 447 0166 6A010000 		.4byte	0x16a
 448 016a 02       		.uleb128 0x2
 449 016b 01       		.byte	0x1
 450 016c 08       		.byte	0x8
 451 016d 77010000 		.4byte	.LASF21
 452 0171 0C       		.uleb128 0xc
ARM GAS  G:\Users\Jaxb\AppData\Local\Temp\ccQSqEme.s 			page 11


 453 0172 6A010000 		.4byte	0x16a
 454 0176 10       		.uleb128 0x10
 455 0177 08       		.byte	0x8
 456 0178 02       		.byte	0x2
 457 0179 23       		.byte	0x23
 458 017a 95010000 		.4byte	0x195
 459 017e 11       		.uleb128 0x11
 460 017f 55020000 		.4byte	.LASF22
 461 0183 02       		.byte	0x2
 462 0184 24       		.byte	0x24
 463 0185 8B000000 		.4byte	0x8b
 464 0189 12       		.uleb128 0x12
 465 018a 6D656D00 		.ascii	"mem\000"
 466 018e 02       		.byte	0x2
 467 018f 25       		.byte	0x25
 468 0190 EC000000 		.4byte	0xec
 469 0194 00       		.byte	0
 470 0195 08       		.uleb128 0x8
 471 0196 C6000000 		.4byte	.LASF23
 472 019a 14       		.byte	0x14
 473 019b 02       		.byte	0x2
 474 019c 20       		.byte	0x20
 475 019d BC010000 		.4byte	0x1bc
 476 01a1 09       		.uleb128 0x9
 477 01a2 75000000 		.4byte	.LASF24
 478 01a6 02       		.byte	0x2
 479 01a7 22       		.byte	0x22
 480 01a8 2D010000 		.4byte	0x12d
 481 01ac 02       		.byte	0x2
 482 01ad 23       		.byte	0x23
 483 01ae 00       		.uleb128 0
 484 01af 13       		.uleb128 0x13
 485 01b0 7500     		.ascii	"u\000"
 486 01b2 02       		.byte	0x2
 487 01b3 26       		.byte	0x26
 488 01b4 76010000 		.4byte	0x176
 489 01b8 02       		.byte	0x2
 490 01b9 23       		.byte	0x23
 491 01ba 0C       		.uleb128 0xc
 492 01bb 00       		.byte	0
 493 01bc 0C       		.uleb128 0xc
 494 01bd 95010000 		.4byte	0x195
 495 01c1 05       		.uleb128 0x5
 496 01c2 4F000000 		.4byte	.LASF26
 497 01c6 04       		.byte	0x4
 498 01c7 39       		.byte	0x39
 499 01c8 4D000000 		.4byte	0x4d
 500 01cc 02       		.uleb128 0x2
 501 01cd 04       		.byte	0x4
 502 01ce 05       		.byte	0x5
 503 01cf F2000000 		.4byte	.LASF27
 504 01d3 05       		.uleb128 0x5
 505 01d4 44000000 		.4byte	.LASF28
 506 01d8 04       		.byte	0x4
 507 01d9 4F       		.byte	0x4f
 508 01da DE010000 		.4byte	0x1de
 509 01de 02       		.uleb128 0x2
ARM GAS  G:\Users\Jaxb\AppData\Local\Temp\ccQSqEme.s 			page 12


 510 01df 04       		.byte	0x4
 511 01e0 07       		.byte	0x7
 512 01e1 43010000 		.4byte	.LASF29
 513 01e5 05       		.uleb128 0x5
 514 01e6 3A010000 		.4byte	.LASF30
 515 01ea 05       		.byte	0x5
 516 01eb 24       		.byte	0x24
 517 01ec C1010000 		.4byte	0x1c1
 518 01f0 04       		.uleb128 0x4
 519 01f1 E5010000 		.4byte	0x1e5
 520 01f5 05       		.uleb128 0x5
 521 01f6 24010000 		.4byte	.LASF31
 522 01fa 05       		.byte	0x5
 523 01fb 30       		.byte	0x30
 524 01fc D3010000 		.4byte	0x1d3
 525 0200 14       		.uleb128 0x14
 526 0201 02030000 		.4byte	.LASF32
 527 0205 06       		.byte	0x6
 528 0206 CE06     		.2byte	0x6ce
 529 0208 3A000000 		.4byte	0x3a
 530 020c 01       		.byte	0x1
 531 020d 01       		.byte	0x1
 532 020e 15       		.uleb128 0x15
 533 020f 81010000 		.4byte	.LASF33
 534 0213 07       		.byte	0x7
 535 0214 35       		.byte	0x35
 536 0215 F5010000 		.4byte	0x1f5
 537 0219 01       		.byte	0x1
 538 021a 01       		.byte	0x1
 539 021b 16       		.uleb128 0x16
 540 021c 07       		.byte	0x7
 541 021d 01       		.byte	0x1
 542 021e 46000000 		.4byte	0x46
 543 0222 08       		.byte	0x8
 544 0223 0702     		.2byte	0x207
 545 0225 36020000 		.4byte	0x236
 546 0229 07       		.uleb128 0x7
 547 022a 47020000 		.4byte	.LASF34
 548 022e 00       		.byte	0
 549 022f 17       		.uleb128 0x17
 550 0230 53455400 		.ascii	"SET\000"
 551 0234 01       		.byte	0x1
 552 0235 00       		.byte	0
 553 0236 18       		.uleb128 0x18
 554 0237 1C       		.byte	0x1c
 555 0238 08       		.byte	0x8
 556 0239 D204     		.2byte	0x4d2
 557 023b 10030000 		.4byte	0x310
 558 023f 19       		.uleb128 0x19
 559 0240 535200   		.ascii	"SR\000"
 560 0243 08       		.byte	0x8
 561 0244 D404     		.2byte	0x4d4
 562 0246 F0010000 		.4byte	0x1f0
 563 024a 02       		.byte	0x2
 564 024b 23       		.byte	0x23
 565 024c 00       		.uleb128 0
 566 024d 1A       		.uleb128 0x1a
ARM GAS  G:\Users\Jaxb\AppData\Local\Temp\ccQSqEme.s 			page 13


 567 024e 91010000 		.4byte	.LASF35
 568 0252 08       		.byte	0x8
 569 0253 D504     		.2byte	0x4d5
 570 0255 E5010000 		.4byte	0x1e5
 571 0259 02       		.byte	0x2
 572 025a 23       		.byte	0x23
 573 025b 02       		.uleb128 0x2
 574 025c 19       		.uleb128 0x19
 575 025d 445200   		.ascii	"DR\000"
 576 0260 08       		.byte	0x8
 577 0261 D604     		.2byte	0x4d6
 578 0263 F0010000 		.4byte	0x1f0
 579 0267 02       		.byte	0x2
 580 0268 23       		.byte	0x23
 581 0269 04       		.uleb128 0x4
 582 026a 1A       		.uleb128 0x1a
 583 026b 9B010000 		.4byte	.LASF36
 584 026f 08       		.byte	0x8
 585 0270 D704     		.2byte	0x4d7
 586 0272 E5010000 		.4byte	0x1e5
 587 0276 02       		.byte	0x2
 588 0277 23       		.byte	0x23
 589 0278 06       		.uleb128 0x6
 590 0279 19       		.uleb128 0x19
 591 027a 42525200 		.ascii	"BRR\000"
 592 027e 08       		.byte	0x8
 593 027f D804     		.2byte	0x4d8
 594 0281 F0010000 		.4byte	0x1f0
 595 0285 02       		.byte	0x2
 596 0286 23       		.byte	0x23
 597 0287 08       		.uleb128 0x8
 598 0288 1A       		.uleb128 0x1a
 599 0289 A5010000 		.4byte	.LASF37
 600 028d 08       		.byte	0x8
 601 028e D904     		.2byte	0x4d9
 602 0290 E5010000 		.4byte	0x1e5
 603 0294 02       		.byte	0x2
 604 0295 23       		.byte	0x23
 605 0296 0A       		.uleb128 0xa
 606 0297 19       		.uleb128 0x19
 607 0298 43523100 		.ascii	"CR1\000"
 608 029c 08       		.byte	0x8
 609 029d DA04     		.2byte	0x4da
 610 029f F0010000 		.4byte	0x1f0
 611 02a3 02       		.byte	0x2
 612 02a4 23       		.byte	0x23
 613 02a5 0C       		.uleb128 0xc
 614 02a6 1A       		.uleb128 0x1a
 615 02a7 AF010000 		.4byte	.LASF38
 616 02ab 08       		.byte	0x8
 617 02ac DB04     		.2byte	0x4db
 618 02ae E5010000 		.4byte	0x1e5
 619 02b2 02       		.byte	0x2
 620 02b3 23       		.byte	0x23
 621 02b4 0E       		.uleb128 0xe
 622 02b5 19       		.uleb128 0x19
 623 02b6 43523200 		.ascii	"CR2\000"
ARM GAS  G:\Users\Jaxb\AppData\Local\Temp\ccQSqEme.s 			page 14


 624 02ba 08       		.byte	0x8
 625 02bb DC04     		.2byte	0x4dc
 626 02bd F0010000 		.4byte	0x1f0
 627 02c1 02       		.byte	0x2
 628 02c2 23       		.byte	0x23
 629 02c3 10       		.uleb128 0x10
 630 02c4 1A       		.uleb128 0x1a
 631 02c5 89000000 		.4byte	.LASF39
 632 02c9 08       		.byte	0x8
 633 02ca DD04     		.2byte	0x4dd
 634 02cc E5010000 		.4byte	0x1e5
 635 02d0 02       		.byte	0x2
 636 02d1 23       		.byte	0x23
 637 02d2 12       		.uleb128 0x12
 638 02d3 19       		.uleb128 0x19
 639 02d4 43523300 		.ascii	"CR3\000"
 640 02d8 08       		.byte	0x8
 641 02d9 DE04     		.2byte	0x4de
 642 02db F0010000 		.4byte	0x1f0
 643 02df 02       		.byte	0x2
 644 02e0 23       		.byte	0x23
 645 02e1 14       		.uleb128 0x14
 646 02e2 1A       		.uleb128 0x1a
 647 02e3 C6010000 		.4byte	.LASF40
 648 02e7 08       		.byte	0x8
 649 02e8 DF04     		.2byte	0x4df
 650 02ea E5010000 		.4byte	0x1e5
 651 02ee 02       		.byte	0x2
 652 02ef 23       		.byte	0x23
 653 02f0 16       		.uleb128 0x16
 654 02f1 1A       		.uleb128 0x1a
 655 02f2 09000000 		.4byte	.LASF41
 656 02f6 08       		.byte	0x8
 657 02f7 E004     		.2byte	0x4e0
 658 02f9 F0010000 		.4byte	0x1f0
 659 02fd 02       		.byte	0x2
 660 02fe 23       		.byte	0x23
 661 02ff 18       		.uleb128 0x18
 662 0300 1A       		.uleb128 0x1a
 663 0301 D0010000 		.4byte	.LASF42
 664 0305 08       		.byte	0x8
 665 0306 E104     		.2byte	0x4e1
 666 0308 E5010000 		.4byte	0x1e5
 667 030c 02       		.byte	0x2
 668 030d 23       		.byte	0x23
 669 030e 1A       		.uleb128 0x1a
 670 030f 00       		.byte	0
 671 0310 1B       		.uleb128 0x1b
 672 0311 5A000000 		.4byte	.LASF43
 673 0315 08       		.byte	0x8
 674 0316 E204     		.2byte	0x4e2
 675 0318 36020000 		.4byte	0x236
 676 031c 1C       		.uleb128 0x1c
 677 031d 31000000 		.4byte	.LASF44
 678 0321 01       		.byte	0x1
 679 0322 07       		.byte	0x7
 680 0323 E5000000 		.4byte	0xe5
ARM GAS  G:\Users\Jaxb\AppData\Local\Temp\ccQSqEme.s 			page 15


 681 0327 05       		.byte	0x5
 682 0328 03       		.byte	0x3
 683 0329 5C000000 		.4byte	para1
 684 032d 1C       		.uleb128 0x1c
 685 032e 37000000 		.4byte	.LASF45
 686 0332 01       		.byte	0x1
 687 0333 0D       		.byte	0xd
 688 0334 E5000000 		.4byte	0xe5
 689 0338 05       		.byte	0x5
 690 0339 03       		.byte	0x3
 691 033a 50000000 		.4byte	para2
 692 033e 1D       		.uleb128 0x1d
 693 033f BC010000 		.4byte	0x1bc
 694 0343 4E030000 		.4byte	0x34e
 695 0347 1E       		.uleb128 0x1e
 696 0348 5F000000 		.4byte	0x5f
 697 034c 03       		.byte	0x3
 698 034d 00       		.byte	0
 699 034e 0C       		.uleb128 0xc
 700 034f 3E030000 		.4byte	0x33e
 701 0353 1C       		.uleb128 0x1c
 702 0354 B9010000 		.4byte	.LASF46
 703 0358 01       		.byte	0x1
 704 0359 13       		.byte	0x13
 705 035a 4E030000 		.4byte	0x34e
 706 035e 05       		.byte	0x5
 707 035f 03       		.byte	0x3
 708 0360 00000000 		.4byte	device_array
 709 0364 1F       		.uleb128 0x1f
 710 0365 01       		.byte	0x1
 711 0366 DA010000 		.4byte	.LASF47
 712 036a 01       		.byte	0x1
 713 036b 3B       		.byte	0x3b
 714 036c 01       		.byte	0x1
 715 036d 20000000 		.4byte	.LFB34
 716 0371 A8000000 		.4byte	.LFE34
 717 0375 00000000 		.4byte	.LLST2
 718 0379 01       		.byte	0x1
 719 037a 22040000 		.4byte	0x422
 720 037e 20       		.uleb128 0x20
 721 037f 6900     		.ascii	"i\000"
 722 0381 01       		.byte	0x1
 723 0382 3D       		.byte	0x3d
 724 0383 5F000000 		.4byte	0x5f
 725 0387 21       		.uleb128 0x21
 726 0388 28000000 		.4byte	.LVL4
 727 038c 78040000 		.4byte	0x478
 728 0390 22       		.uleb128 0x22
 729 0391 4A000000 		.4byte	.LVL6
 730 0395 85040000 		.4byte	0x485
 731 0399 A4030000 		.4byte	0x3a4
 732 039d 23       		.uleb128 0x23
 733 039e 01       		.byte	0x1
 734 039f 50       		.byte	0x50
 735 03a0 02       		.byte	0x2
 736 03a1 76       		.byte	0x76
 737 03a2 00       		.sleb128 0
ARM GAS  G:\Users\Jaxb\AppData\Local\Temp\ccQSqEme.s 			page 16


 738 03a3 00       		.byte	0
 739 03a4 22       		.uleb128 0x22
 740 03a5 50000000 		.4byte	.LVL7
 741 03a9 85040000 		.4byte	0x485
 742 03ad BB030000 		.4byte	0x3bb
 743 03b1 23       		.uleb128 0x23
 744 03b2 01       		.byte	0x1
 745 03b3 50       		.byte	0x50
 746 03b4 05       		.byte	0x5
 747 03b5 03       		.byte	0x3
 748 03b6 18000000 		.4byte	.LC2
 749 03ba 00       		.byte	0
 750 03bb 22       		.uleb128 0x22
 751 03bc 58000000 		.4byte	.LVL8
 752 03c0 85040000 		.4byte	0x485
 753 03c4 D2030000 		.4byte	0x3d2
 754 03c8 23       		.uleb128 0x23
 755 03c9 01       		.byte	0x1
 756 03ca 50       		.byte	0x50
 757 03cb 05       		.byte	0x5
 758 03cc 03       		.byte	0x3
 759 03cd 30000000 		.4byte	.LC4
 760 03d1 00       		.byte	0
 761 03d2 22       		.uleb128 0x22
 762 03d3 64000000 		.4byte	.LVL9
 763 03d7 85040000 		.4byte	0x485
 764 03db E9030000 		.4byte	0x3e9
 765 03df 23       		.uleb128 0x23
 766 03e0 01       		.byte	0x1
 767 03e1 50       		.byte	0x50
 768 03e2 05       		.byte	0x5
 769 03e3 03       		.byte	0x3
 770 03e4 40000000 		.4byte	.LC5
 771 03e8 00       		.byte	0
 772 03e9 22       		.uleb128 0x22
 773 03ea 78000000 		.4byte	.LVL11
 774 03ee 85040000 		.4byte	0x485
 775 03f2 FD030000 		.4byte	0x3fd
 776 03f6 23       		.uleb128 0x23
 777 03f7 01       		.byte	0x1
 778 03f8 50       		.byte	0x50
 779 03f9 02       		.byte	0x2
 780 03fa 76       		.byte	0x76
 781 03fb 00       		.sleb128 0
 782 03fc 00       		.byte	0
 783 03fd 22       		.uleb128 0x22
 784 03fe 7E000000 		.4byte	.LVL12
 785 0402 85040000 		.4byte	0x485
 786 0406 11040000 		.4byte	0x411
 787 040a 23       		.uleb128 0x23
 788 040b 01       		.byte	0x1
 789 040c 50       		.byte	0x50
 790 040d 02       		.byte	0x2
 791 040e 78       		.byte	0x78
 792 040f 00       		.sleb128 0
 793 0410 00       		.byte	0
 794 0411 24       		.uleb128 0x24
ARM GAS  G:\Users\Jaxb\AppData\Local\Temp\ccQSqEme.s 			page 17


 795 0412 86000000 		.4byte	.LVL13
 796 0416 85040000 		.4byte	0x485
 797 041a 23       		.uleb128 0x23
 798 041b 01       		.byte	0x1
 799 041c 50       		.byte	0x50
 800 041d 02       		.byte	0x2
 801 041e 77       		.byte	0x77
 802 041f 00       		.sleb128 0
 803 0420 00       		.byte	0
 804 0421 00       		.byte	0
 805 0422 25       		.uleb128 0x25
 806 0423 01       		.byte	0x1
 807 0424 0F030000 		.4byte	.LASF48
 808 0428 01       		.byte	0x1
 809 0429 35       		.byte	0x35
 810 042a 01       		.byte	0x1
 811 042b 00000000 		.4byte	.LFB33
 812 042f 20000000 		.4byte	.LFE33
 813 0433 20000000 		.4byte	.LLST0
 814 0437 01       		.byte	0x1
 815 0438 78040000 		.4byte	0x478
 816 043c 26       		.uleb128 0x26
 817 043d 636800   		.ascii	"ch\000"
 818 0440 01       		.byte	0x1
 819 0441 35       		.byte	0x35
 820 0442 71010000 		.4byte	0x171
 821 0446 40000000 		.4byte	.LLST1
 822 044a 22       		.uleb128 0x22
 823 044b 0A000000 		.4byte	.LVL2
 824 044f 92040000 		.4byte	0x492
 825 0453 61040000 		.4byte	0x461
 826 0457 23       		.uleb128 0x23
 827 0458 01       		.byte	0x1
 828 0459 50       		.byte	0x50
 829 045a 05       		.byte	0x5
 830 045b 0C       		.byte	0xc
 831 045c 00380140 		.4byte	0x40013800
 832 0460 00       		.byte	0
 833 0461 24       		.uleb128 0x24
 834 0462 14000000 		.4byte	.LVL3
 835 0466 A0040000 		.4byte	0x4a0
 836 046a 23       		.uleb128 0x23
 837 046b 01       		.byte	0x1
 838 046c 50       		.byte	0x50
 839 046d 02       		.byte	0x2
 840 046e 74       		.byte	0x74
 841 046f 00       		.sleb128 0
 842 0470 23       		.uleb128 0x23
 843 0471 01       		.byte	0x1
 844 0472 51       		.byte	0x51
 845 0473 02       		.byte	0x2
 846 0474 08       		.byte	0x8
 847 0475 80       		.byte	0x80
 848 0476 00       		.byte	0
 849 0477 00       		.byte	0
 850 0478 27       		.uleb128 0x27
 851 0479 01       		.byte	0x1
ARM GAS  G:\Users\Jaxb\AppData\Local\Temp\ccQSqEme.s 			page 18


 852 047a 01       		.byte	0x1
 853 047b 93000000 		.4byte	.LASF49
 854 047f 93000000 		.4byte	.LASF49
 855 0483 09       		.byte	0x9
 856 0484 6A       		.byte	0x6a
 857 0485 27       		.uleb128 0x27
 858 0486 01       		.byte	0x1
 859 0487 01       		.byte	0x1
 860 0488 04010000 		.4byte	.LASF50
 861 048c 04010000 		.4byte	.LASF50
 862 0490 0A       		.byte	0xa
 863 0491 0C       		.byte	0xc
 864 0492 28       		.uleb128 0x28
 865 0493 01       		.byte	0x1
 866 0494 01       		.byte	0x1
 867 0495 7A000000 		.4byte	.LASF51
 868 0499 7A000000 		.4byte	.LASF51
 869 049d 0B       		.byte	0xb
 870 049e 7A01     		.2byte	0x17a
 871 04a0 28       		.uleb128 0x28
 872 04a1 01       		.byte	0x1
 873 04a2 01       		.byte	0x1
 874 04a3 33020000 		.4byte	.LASF52
 875 04a7 33020000 		.4byte	.LASF52
 876 04ab 0B       		.byte	0xb
 877 04ac 8601     		.2byte	0x186
 878 04ae 00       		.byte	0
 879              		.section	.debug_abbrev,"",%progbits
 880              	.Ldebug_abbrev0:
 881 0000 01       		.uleb128 0x1
 882 0001 11       		.uleb128 0x11
 883 0002 01       		.byte	0x1
 884 0003 25       		.uleb128 0x25
 885 0004 0E       		.uleb128 0xe
 886 0005 13       		.uleb128 0x13
 887 0006 0B       		.uleb128 0xb
 888 0007 03       		.uleb128 0x3
 889 0008 0E       		.uleb128 0xe
 890 0009 1B       		.uleb128 0x1b
 891 000a 0E       		.uleb128 0xe
 892 000b 11       		.uleb128 0x11
 893 000c 01       		.uleb128 0x1
 894 000d 12       		.uleb128 0x12
 895 000e 01       		.uleb128 0x1
 896 000f 10       		.uleb128 0x10
 897 0010 06       		.uleb128 0x6
 898 0011 00       		.byte	0
 899 0012 00       		.byte	0
 900 0013 02       		.uleb128 0x2
 901 0014 24       		.uleb128 0x24
 902 0015 00       		.byte	0
 903 0016 0B       		.uleb128 0xb
 904 0017 0B       		.uleb128 0xb
 905 0018 3E       		.uleb128 0x3e
 906 0019 0B       		.uleb128 0xb
 907 001a 03       		.uleb128 0x3
 908 001b 0E       		.uleb128 0xe
ARM GAS  G:\Users\Jaxb\AppData\Local\Temp\ccQSqEme.s 			page 19


 909 001c 00       		.byte	0
 910 001d 00       		.byte	0
 911 001e 03       		.uleb128 0x3
 912 001f 24       		.uleb128 0x24
 913 0020 00       		.byte	0
 914 0021 0B       		.uleb128 0xb
 915 0022 0B       		.uleb128 0xb
 916 0023 3E       		.uleb128 0x3e
 917 0024 0B       		.uleb128 0xb
 918 0025 03       		.uleb128 0x3
 919 0026 08       		.uleb128 0x8
 920 0027 00       		.byte	0
 921 0028 00       		.byte	0
 922 0029 04       		.uleb128 0x4
 923 002a 35       		.uleb128 0x35
 924 002b 00       		.byte	0
 925 002c 49       		.uleb128 0x49
 926 002d 13       		.uleb128 0x13
 927 002e 00       		.byte	0
 928 002f 00       		.byte	0
 929 0030 05       		.uleb128 0x5
 930 0031 16       		.uleb128 0x16
 931 0032 00       		.byte	0
 932 0033 03       		.uleb128 0x3
 933 0034 0E       		.uleb128 0xe
 934 0035 3A       		.uleb128 0x3a
 935 0036 0B       		.uleb128 0xb
 936 0037 3B       		.uleb128 0x3b
 937 0038 0B       		.uleb128 0xb
 938 0039 49       		.uleb128 0x49
 939 003a 13       		.uleb128 0x13
 940 003b 00       		.byte	0
 941 003c 00       		.byte	0
 942 003d 06       		.uleb128 0x6
 943 003e 04       		.uleb128 0x4
 944 003f 01       		.byte	0x1
 945 0040 03       		.uleb128 0x3
 946 0041 0E       		.uleb128 0xe
 947 0042 3E       		.uleb128 0x3e
 948 0043 0B       		.uleb128 0xb
 949 0044 0B       		.uleb128 0xb
 950 0045 0B       		.uleb128 0xb
 951 0046 49       		.uleb128 0x49
 952 0047 13       		.uleb128 0x13
 953 0048 3A       		.uleb128 0x3a
 954 0049 0B       		.uleb128 0xb
 955 004a 3B       		.uleb128 0x3b
 956 004b 0B       		.uleb128 0xb
 957 004c 01       		.uleb128 0x1
 958 004d 13       		.uleb128 0x13
 959 004e 00       		.byte	0
 960 004f 00       		.byte	0
 961 0050 07       		.uleb128 0x7
 962 0051 28       		.uleb128 0x28
 963 0052 00       		.byte	0
 964 0053 03       		.uleb128 0x3
 965 0054 0E       		.uleb128 0xe
ARM GAS  G:\Users\Jaxb\AppData\Local\Temp\ccQSqEme.s 			page 20


 966 0055 1C       		.uleb128 0x1c
 967 0056 0B       		.uleb128 0xb
 968 0057 00       		.byte	0
 969 0058 00       		.byte	0
 970 0059 08       		.uleb128 0x8
 971 005a 13       		.uleb128 0x13
 972 005b 01       		.byte	0x1
 973 005c 03       		.uleb128 0x3
 974 005d 0E       		.uleb128 0xe
 975 005e 0B       		.uleb128 0xb
 976 005f 0B       		.uleb128 0xb
 977 0060 3A       		.uleb128 0x3a
 978 0061 0B       		.uleb128 0xb
 979 0062 3B       		.uleb128 0x3b
 980 0063 0B       		.uleb128 0xb
 981 0064 01       		.uleb128 0x1
 982 0065 13       		.uleb128 0x13
 983 0066 00       		.byte	0
 984 0067 00       		.byte	0
 985 0068 09       		.uleb128 0x9
 986 0069 0D       		.uleb128 0xd
 987 006a 00       		.byte	0
 988 006b 03       		.uleb128 0x3
 989 006c 0E       		.uleb128 0xe
 990 006d 3A       		.uleb128 0x3a
 991 006e 0B       		.uleb128 0xb
 992 006f 3B       		.uleb128 0x3b
 993 0070 0B       		.uleb128 0xb
 994 0071 49       		.uleb128 0x49
 995 0072 13       		.uleb128 0x13
 996 0073 38       		.uleb128 0x38
 997 0074 0A       		.uleb128 0xa
 998 0075 00       		.byte	0
 999 0076 00       		.byte	0
 1000 0077 0A       		.uleb128 0xa
 1001 0078 15       		.uleb128 0x15
 1002 0079 00       		.byte	0
 1003 007a 27       		.uleb128 0x27
 1004 007b 0C       		.uleb128 0xc
 1005 007c 00       		.byte	0
 1006 007d 00       		.byte	0
 1007 007e 0B       		.uleb128 0xb
 1008 007f 0F       		.uleb128 0xf
 1009 0080 00       		.byte	0
 1010 0081 0B       		.uleb128 0xb
 1011 0082 0B       		.uleb128 0xb
 1012 0083 49       		.uleb128 0x49
 1013 0084 13       		.uleb128 0x13
 1014 0085 00       		.byte	0
 1015 0086 00       		.byte	0
 1016 0087 0C       		.uleb128 0xc
 1017 0088 26       		.uleb128 0x26
 1018 0089 00       		.byte	0
 1019 008a 49       		.uleb128 0x49
 1020 008b 13       		.uleb128 0x13
 1021 008c 00       		.byte	0
 1022 008d 00       		.byte	0
ARM GAS  G:\Users\Jaxb\AppData\Local\Temp\ccQSqEme.s 			page 21


 1023 008e 0D       		.uleb128 0xd
 1024 008f 0F       		.uleb128 0xf
 1025 0090 00       		.byte	0
 1026 0091 0B       		.uleb128 0xb
 1027 0092 0B       		.uleb128 0xb
 1028 0093 00       		.byte	0
 1029 0094 00       		.byte	0
 1030 0095 0E       		.uleb128 0xe
 1031 0096 15       		.uleb128 0x15
 1032 0097 01       		.byte	0x1
 1033 0098 27       		.uleb128 0x27
 1034 0099 0C       		.uleb128 0xc
 1035 009a 01       		.uleb128 0x1
 1036 009b 13       		.uleb128 0x13
 1037 009c 00       		.byte	0
 1038 009d 00       		.byte	0
 1039 009e 0F       		.uleb128 0xf
 1040 009f 05       		.uleb128 0x5
 1041 00a0 00       		.byte	0
 1042 00a1 49       		.uleb128 0x49
 1043 00a2 13       		.uleb128 0x13
 1044 00a3 00       		.byte	0
 1045 00a4 00       		.byte	0
 1046 00a5 10       		.uleb128 0x10
 1047 00a6 17       		.uleb128 0x17
 1048 00a7 01       		.byte	0x1
 1049 00a8 0B       		.uleb128 0xb
 1050 00a9 0B       		.uleb128 0xb
 1051 00aa 3A       		.uleb128 0x3a
 1052 00ab 0B       		.uleb128 0xb
 1053 00ac 3B       		.uleb128 0x3b
 1054 00ad 0B       		.uleb128 0xb
 1055 00ae 01       		.uleb128 0x1
 1056 00af 13       		.uleb128 0x13
 1057 00b0 00       		.byte	0
 1058 00b1 00       		.byte	0
 1059 00b2 11       		.uleb128 0x11
 1060 00b3 0D       		.uleb128 0xd
 1061 00b4 00       		.byte	0
 1062 00b5 03       		.uleb128 0x3
 1063 00b6 0E       		.uleb128 0xe
 1064 00b7 3A       		.uleb128 0x3a
 1065 00b8 0B       		.uleb128 0xb
 1066 00b9 3B       		.uleb128 0x3b
 1067 00ba 0B       		.uleb128 0xb
 1068 00bb 49       		.uleb128 0x49
 1069 00bc 13       		.uleb128 0x13
 1070 00bd 00       		.byte	0
 1071 00be 00       		.byte	0
 1072 00bf 12       		.uleb128 0x12
 1073 00c0 0D       		.uleb128 0xd
 1074 00c1 00       		.byte	0
 1075 00c2 03       		.uleb128 0x3
 1076 00c3 08       		.uleb128 0x8
 1077 00c4 3A       		.uleb128 0x3a
 1078 00c5 0B       		.uleb128 0xb
 1079 00c6 3B       		.uleb128 0x3b
ARM GAS  G:\Users\Jaxb\AppData\Local\Temp\ccQSqEme.s 			page 22


 1080 00c7 0B       		.uleb128 0xb
 1081 00c8 49       		.uleb128 0x49
 1082 00c9 13       		.uleb128 0x13
 1083 00ca 00       		.byte	0
 1084 00cb 00       		.byte	0
 1085 00cc 13       		.uleb128 0x13
 1086 00cd 0D       		.uleb128 0xd
 1087 00ce 00       		.byte	0
 1088 00cf 03       		.uleb128 0x3
 1089 00d0 08       		.uleb128 0x8
 1090 00d1 3A       		.uleb128 0x3a
 1091 00d2 0B       		.uleb128 0xb
 1092 00d3 3B       		.uleb128 0x3b
 1093 00d4 0B       		.uleb128 0xb
 1094 00d5 49       		.uleb128 0x49
 1095 00d6 13       		.uleb128 0x13
 1096 00d7 38       		.uleb128 0x38
 1097 00d8 0A       		.uleb128 0xa
 1098 00d9 00       		.byte	0
 1099 00da 00       		.byte	0
 1100 00db 14       		.uleb128 0x14
 1101 00dc 34       		.uleb128 0x34
 1102 00dd 00       		.byte	0
 1103 00de 03       		.uleb128 0x3
 1104 00df 0E       		.uleb128 0xe
 1105 00e0 3A       		.uleb128 0x3a
 1106 00e1 0B       		.uleb128 0xb
 1107 00e2 3B       		.uleb128 0x3b
 1108 00e3 05       		.uleb128 0x5
 1109 00e4 49       		.uleb128 0x49
 1110 00e5 13       		.uleb128 0x13
 1111 00e6 3F       		.uleb128 0x3f
 1112 00e7 0C       		.uleb128 0xc
 1113 00e8 3C       		.uleb128 0x3c
 1114 00e9 0C       		.uleb128 0xc
 1115 00ea 00       		.byte	0
 1116 00eb 00       		.byte	0
 1117 00ec 15       		.uleb128 0x15
 1118 00ed 34       		.uleb128 0x34
 1119 00ee 00       		.byte	0
 1120 00ef 03       		.uleb128 0x3
 1121 00f0 0E       		.uleb128 0xe
 1122 00f1 3A       		.uleb128 0x3a
 1123 00f2 0B       		.uleb128 0xb
 1124 00f3 3B       		.uleb128 0x3b
 1125 00f4 0B       		.uleb128 0xb
 1126 00f5 49       		.uleb128 0x49
 1127 00f6 13       		.uleb128 0x13
 1128 00f7 3F       		.uleb128 0x3f
 1129 00f8 0C       		.uleb128 0xc
 1130 00f9 3C       		.uleb128 0x3c
 1131 00fa 0C       		.uleb128 0xc
 1132 00fb 00       		.byte	0
 1133 00fc 00       		.byte	0
 1134 00fd 16       		.uleb128 0x16
 1135 00fe 04       		.uleb128 0x4
 1136 00ff 01       		.byte	0x1
ARM GAS  G:\Users\Jaxb\AppData\Local\Temp\ccQSqEme.s 			page 23


 1137 0100 3E       		.uleb128 0x3e
 1138 0101 0B       		.uleb128 0xb
 1139 0102 0B       		.uleb128 0xb
 1140 0103 0B       		.uleb128 0xb
 1141 0104 49       		.uleb128 0x49
 1142 0105 13       		.uleb128 0x13
 1143 0106 3A       		.uleb128 0x3a
 1144 0107 0B       		.uleb128 0xb
 1145 0108 3B       		.uleb128 0x3b
 1146 0109 05       		.uleb128 0x5
 1147 010a 01       		.uleb128 0x1
 1148 010b 13       		.uleb128 0x13
 1149 010c 00       		.byte	0
 1150 010d 00       		.byte	0
 1151 010e 17       		.uleb128 0x17
 1152 010f 28       		.uleb128 0x28
 1153 0110 00       		.byte	0
 1154 0111 03       		.uleb128 0x3
 1155 0112 08       		.uleb128 0x8
 1156 0113 1C       		.uleb128 0x1c
 1157 0114 0B       		.uleb128 0xb
 1158 0115 00       		.byte	0
 1159 0116 00       		.byte	0
 1160 0117 18       		.uleb128 0x18
 1161 0118 13       		.uleb128 0x13
 1162 0119 01       		.byte	0x1
 1163 011a 0B       		.uleb128 0xb
 1164 011b 0B       		.uleb128 0xb
 1165 011c 3A       		.uleb128 0x3a
 1166 011d 0B       		.uleb128 0xb
 1167 011e 3B       		.uleb128 0x3b
 1168 011f 05       		.uleb128 0x5
 1169 0120 01       		.uleb128 0x1
 1170 0121 13       		.uleb128 0x13
 1171 0122 00       		.byte	0
 1172 0123 00       		.byte	0
 1173 0124 19       		.uleb128 0x19
 1174 0125 0D       		.uleb128 0xd
 1175 0126 00       		.byte	0
 1176 0127 03       		.uleb128 0x3
 1177 0128 08       		.uleb128 0x8
 1178 0129 3A       		.uleb128 0x3a
 1179 012a 0B       		.uleb128 0xb
 1180 012b 3B       		.uleb128 0x3b
 1181 012c 05       		.uleb128 0x5
 1182 012d 49       		.uleb128 0x49
 1183 012e 13       		.uleb128 0x13
 1184 012f 38       		.uleb128 0x38
 1185 0130 0A       		.uleb128 0xa
 1186 0131 00       		.byte	0
 1187 0132 00       		.byte	0
 1188 0133 1A       		.uleb128 0x1a
 1189 0134 0D       		.uleb128 0xd
 1190 0135 00       		.byte	0
 1191 0136 03       		.uleb128 0x3
 1192 0137 0E       		.uleb128 0xe
 1193 0138 3A       		.uleb128 0x3a
ARM GAS  G:\Users\Jaxb\AppData\Local\Temp\ccQSqEme.s 			page 24


 1194 0139 0B       		.uleb128 0xb
 1195 013a 3B       		.uleb128 0x3b
 1196 013b 05       		.uleb128 0x5
 1197 013c 49       		.uleb128 0x49
 1198 013d 13       		.uleb128 0x13
 1199 013e 38       		.uleb128 0x38
 1200 013f 0A       		.uleb128 0xa
 1201 0140 00       		.byte	0
 1202 0141 00       		.byte	0
 1203 0142 1B       		.uleb128 0x1b
 1204 0143 16       		.uleb128 0x16
 1205 0144 00       		.byte	0
 1206 0145 03       		.uleb128 0x3
 1207 0146 0E       		.uleb128 0xe
 1208 0147 3A       		.uleb128 0x3a
 1209 0148 0B       		.uleb128 0xb
 1210 0149 3B       		.uleb128 0x3b
 1211 014a 05       		.uleb128 0x5
 1212 014b 49       		.uleb128 0x49
 1213 014c 13       		.uleb128 0x13
 1214 014d 00       		.byte	0
 1215 014e 00       		.byte	0
 1216 014f 1C       		.uleb128 0x1c
 1217 0150 34       		.uleb128 0x34
 1218 0151 00       		.byte	0
 1219 0152 03       		.uleb128 0x3
 1220 0153 0E       		.uleb128 0xe
 1221 0154 3A       		.uleb128 0x3a
 1222 0155 0B       		.uleb128 0xb
 1223 0156 3B       		.uleb128 0x3b
 1224 0157 0B       		.uleb128 0xb
 1225 0158 49       		.uleb128 0x49
 1226 0159 13       		.uleb128 0x13
 1227 015a 02       		.uleb128 0x2
 1228 015b 0A       		.uleb128 0xa
 1229 015c 00       		.byte	0
 1230 015d 00       		.byte	0
 1231 015e 1D       		.uleb128 0x1d
 1232 015f 01       		.uleb128 0x1
 1233 0160 01       		.byte	0x1
 1234 0161 49       		.uleb128 0x49
 1235 0162 13       		.uleb128 0x13
 1236 0163 01       		.uleb128 0x1
 1237 0164 13       		.uleb128 0x13
 1238 0165 00       		.byte	0
 1239 0166 00       		.byte	0
 1240 0167 1E       		.uleb128 0x1e
 1241 0168 21       		.uleb128 0x21
 1242 0169 00       		.byte	0
 1243 016a 49       		.uleb128 0x49
 1244 016b 13       		.uleb128 0x13
 1245 016c 2F       		.uleb128 0x2f
 1246 016d 0B       		.uleb128 0xb
 1247 016e 00       		.byte	0
 1248 016f 00       		.byte	0
 1249 0170 1F       		.uleb128 0x1f
 1250 0171 2E       		.uleb128 0x2e
ARM GAS  G:\Users\Jaxb\AppData\Local\Temp\ccQSqEme.s 			page 25


 1251 0172 01       		.byte	0x1
 1252 0173 3F       		.uleb128 0x3f
 1253 0174 0C       		.uleb128 0xc
 1254 0175 03       		.uleb128 0x3
 1255 0176 0E       		.uleb128 0xe
 1256 0177 3A       		.uleb128 0x3a
 1257 0178 0B       		.uleb128 0xb
 1258 0179 3B       		.uleb128 0x3b
 1259 017a 0B       		.uleb128 0xb
 1260 017b 27       		.uleb128 0x27
 1261 017c 0C       		.uleb128 0xc
 1262 017d 11       		.uleb128 0x11
 1263 017e 01       		.uleb128 0x1
 1264 017f 12       		.uleb128 0x12
 1265 0180 01       		.uleb128 0x1
 1266 0181 40       		.uleb128 0x40
 1267 0182 06       		.uleb128 0x6
 1268 0183 9642     		.uleb128 0x2116
 1269 0185 0C       		.uleb128 0xc
 1270 0186 01       		.uleb128 0x1
 1271 0187 13       		.uleb128 0x13
 1272 0188 00       		.byte	0
 1273 0189 00       		.byte	0
 1274 018a 20       		.uleb128 0x20
 1275 018b 34       		.uleb128 0x34
 1276 018c 00       		.byte	0
 1277 018d 03       		.uleb128 0x3
 1278 018e 08       		.uleb128 0x8
 1279 018f 3A       		.uleb128 0x3a
 1280 0190 0B       		.uleb128 0xb
 1281 0191 3B       		.uleb128 0x3b
 1282 0192 0B       		.uleb128 0xb
 1283 0193 49       		.uleb128 0x49
 1284 0194 13       		.uleb128 0x13
 1285 0195 00       		.byte	0
 1286 0196 00       		.byte	0
 1287 0197 21       		.uleb128 0x21
 1288 0198 898201   		.uleb128 0x4109
 1289 019b 00       		.byte	0
 1290 019c 11       		.uleb128 0x11
 1291 019d 01       		.uleb128 0x1
 1292 019e 31       		.uleb128 0x31
 1293 019f 13       		.uleb128 0x13
 1294 01a0 00       		.byte	0
 1295 01a1 00       		.byte	0
 1296 01a2 22       		.uleb128 0x22
 1297 01a3 898201   		.uleb128 0x4109
 1298 01a6 01       		.byte	0x1
 1299 01a7 11       		.uleb128 0x11
 1300 01a8 01       		.uleb128 0x1
 1301 01a9 31       		.uleb128 0x31
 1302 01aa 13       		.uleb128 0x13
 1303 01ab 01       		.uleb128 0x1
 1304 01ac 13       		.uleb128 0x13
 1305 01ad 00       		.byte	0
 1306 01ae 00       		.byte	0
 1307 01af 23       		.uleb128 0x23
ARM GAS  G:\Users\Jaxb\AppData\Local\Temp\ccQSqEme.s 			page 26


 1308 01b0 8A8201   		.uleb128 0x410a
 1309 01b3 00       		.byte	0
 1310 01b4 02       		.uleb128 0x2
 1311 01b5 0A       		.uleb128 0xa
 1312 01b6 9142     		.uleb128 0x2111
 1313 01b8 0A       		.uleb128 0xa
 1314 01b9 00       		.byte	0
 1315 01ba 00       		.byte	0
 1316 01bb 24       		.uleb128 0x24
 1317 01bc 898201   		.uleb128 0x4109
 1318 01bf 01       		.byte	0x1
 1319 01c0 11       		.uleb128 0x11
 1320 01c1 01       		.uleb128 0x1
 1321 01c2 31       		.uleb128 0x31
 1322 01c3 13       		.uleb128 0x13
 1323 01c4 00       		.byte	0
 1324 01c5 00       		.byte	0
 1325 01c6 25       		.uleb128 0x25
 1326 01c7 2E       		.uleb128 0x2e
 1327 01c8 01       		.byte	0x1
 1328 01c9 3F       		.uleb128 0x3f
 1329 01ca 0C       		.uleb128 0xc
 1330 01cb 03       		.uleb128 0x3
 1331 01cc 0E       		.uleb128 0xe
 1332 01cd 3A       		.uleb128 0x3a
 1333 01ce 0B       		.uleb128 0xb
 1334 01cf 3B       		.uleb128 0x3b
 1335 01d0 0B       		.uleb128 0xb
 1336 01d1 27       		.uleb128 0x27
 1337 01d2 0C       		.uleb128 0xc
 1338 01d3 11       		.uleb128 0x11
 1339 01d4 01       		.uleb128 0x1
 1340 01d5 12       		.uleb128 0x12
 1341 01d6 01       		.uleb128 0x1
 1342 01d7 40       		.uleb128 0x40
 1343 01d8 06       		.uleb128 0x6
 1344 01d9 9742     		.uleb128 0x2117
 1345 01db 0C       		.uleb128 0xc
 1346 01dc 01       		.uleb128 0x1
 1347 01dd 13       		.uleb128 0x13
 1348 01de 00       		.byte	0
 1349 01df 00       		.byte	0
 1350 01e0 26       		.uleb128 0x26
 1351 01e1 05       		.uleb128 0x5
 1352 01e2 00       		.byte	0
 1353 01e3 03       		.uleb128 0x3
 1354 01e4 08       		.uleb128 0x8
 1355 01e5 3A       		.uleb128 0x3a
 1356 01e6 0B       		.uleb128 0xb
 1357 01e7 3B       		.uleb128 0x3b
 1358 01e8 0B       		.uleb128 0xb
 1359 01e9 49       		.uleb128 0x49
 1360 01ea 13       		.uleb128 0x13
 1361 01eb 02       		.uleb128 0x2
 1362 01ec 06       		.uleb128 0x6
 1363 01ed 00       		.byte	0
 1364 01ee 00       		.byte	0
ARM GAS  G:\Users\Jaxb\AppData\Local\Temp\ccQSqEme.s 			page 27


 1365 01ef 27       		.uleb128 0x27
 1366 01f0 2E       		.uleb128 0x2e
 1367 01f1 00       		.byte	0
 1368 01f2 3F       		.uleb128 0x3f
 1369 01f3 0C       		.uleb128 0xc
 1370 01f4 3C       		.uleb128 0x3c
 1371 01f5 0C       		.uleb128 0xc
 1372 01f6 8740     		.uleb128 0x2007
 1373 01f8 0E       		.uleb128 0xe
 1374 01f9 03       		.uleb128 0x3
 1375 01fa 0E       		.uleb128 0xe
 1376 01fb 3A       		.uleb128 0x3a
 1377 01fc 0B       		.uleb128 0xb
 1378 01fd 3B       		.uleb128 0x3b
 1379 01fe 0B       		.uleb128 0xb
 1380 01ff 00       		.byte	0
 1381 0200 00       		.byte	0
 1382 0201 28       		.uleb128 0x28
 1383 0202 2E       		.uleb128 0x2e
 1384 0203 00       		.byte	0
 1385 0204 3F       		.uleb128 0x3f
 1386 0205 0C       		.uleb128 0xc
 1387 0206 3C       		.uleb128 0x3c
 1388 0207 0C       		.uleb128 0xc
 1389 0208 8740     		.uleb128 0x2007
 1390 020a 0E       		.uleb128 0xe
 1391 020b 03       		.uleb128 0x3
 1392 020c 0E       		.uleb128 0xe
 1393 020d 3A       		.uleb128 0x3a
 1394 020e 0B       		.uleb128 0xb
 1395 020f 3B       		.uleb128 0x3b
 1396 0210 05       		.uleb128 0x5
 1397 0211 00       		.byte	0
 1398 0212 00       		.byte	0
 1399 0213 00       		.byte	0
 1400              		.section	.debug_loc,"",%progbits
 1401              	.Ldebug_loc0:
 1402              	.LLST2:
 1403 0000 20000000 		.4byte	.LFB34-.Ltext0
 1404 0004 24000000 		.4byte	.LCFI1-.Ltext0
 1405 0008 0200     		.2byte	0x2
 1406 000a 7D       		.byte	0x7d
 1407 000b 00       		.sleb128 0
 1408 000c 24000000 		.4byte	.LCFI1-.Ltext0
 1409 0010 A8000000 		.4byte	.LFE34-.Ltext0
 1410 0014 0200     		.2byte	0x2
 1411 0016 7D       		.byte	0x7d
 1412 0017 18       		.sleb128 24
 1413 0018 00000000 		.4byte	0
 1414 001c 00000000 		.4byte	0
 1415              	.LLST0:
 1416 0020 00000000 		.4byte	.LFB33-.Ltext0
 1417 0024 02000000 		.4byte	.LCFI0-.Ltext0
 1418 0028 0200     		.2byte	0x2
 1419 002a 7D       		.byte	0x7d
 1420 002b 00       		.sleb128 0
 1421 002c 02000000 		.4byte	.LCFI0-.Ltext0
ARM GAS  G:\Users\Jaxb\AppData\Local\Temp\ccQSqEme.s 			page 28


 1422 0030 20000000 		.4byte	.LFE33-.Ltext0
 1423 0034 0200     		.2byte	0x2
 1424 0036 7D       		.byte	0x7d
 1425 0037 08       		.sleb128 8
 1426 0038 00000000 		.4byte	0
 1427 003c 00000000 		.4byte	0
 1428              	.LLST1:
 1429 0040 00000000 		.4byte	.LVL0-.Ltext0
 1430 0044 06000000 		.4byte	.LVL1-.Ltext0
 1431 0048 0100     		.2byte	0x1
 1432 004a 50       		.byte	0x50
 1433 004b 06000000 		.4byte	.LVL1-.Ltext0
 1434 004f 20000000 		.4byte	.LFE33-.Ltext0
 1435 0053 0400     		.2byte	0x4
 1436 0055 F3       		.byte	0xf3
 1437 0056 01       		.uleb128 0x1
 1438 0057 50       		.byte	0x50
 1439 0058 9F       		.byte	0x9f
 1440 0059 00000000 		.4byte	0
 1441 005d 00000000 		.4byte	0
 1442              		.section	.debug_aranges,"",%progbits
 1443 0000 1C000000 		.4byte	0x1c
 1444 0004 0200     		.2byte	0x2
 1445 0006 00000000 		.4byte	.Ldebug_info0
 1446 000a 04       		.byte	0x4
 1447 000b 00       		.byte	0
 1448 000c 0000     		.2byte	0
 1449 000e 0000     		.2byte	0
 1450 0010 00000000 		.4byte	.Ltext0
 1451 0014 A8000000 		.4byte	.Letext0-.Ltext0
 1452 0018 00000000 		.4byte	0
 1453 001c 00000000 		.4byte	0
 1454              		.section	.debug_line,"",%progbits
 1455              	.Ldebug_line0:
 1456 0000 FB010000 		.section	.debug_str,"MS",%progbits,1
 1456      0200BE01 
 1456      00000201 
 1456      FB0E0D00 
 1456      01010101 
 1457              	.LASF19:
 1458 0000 6465765F 		.ascii	"dev_info\000"
 1458      696E666F 
 1458      00
 1459              	.LASF41:
 1460 0009 47545052 		.ascii	"GTPR\000"
 1460      00
 1461              	.LASF9:
 1462 000e 6465765F 		.ascii	"dev_normal\000"
 1462      6E6F726D 
 1462      616C00
 1463              	.LASF0:
 1464 0019 7369676E 		.ascii	"signed char\000"
 1464      65642063 
 1464      68617200 
 1465              	.LASF56:
 1466 0025 64657669 		.ascii	"device_type\000"
 1466      63655F74 
ARM GAS  G:\Users\Jaxb\AppData\Local\Temp\ccQSqEme.s 			page 29


 1466      79706500 
 1467              	.LASF44:
 1468 0031 70617261 		.ascii	"para1\000"
 1468      3100
 1469              	.LASF45:
 1470 0037 70617261 		.ascii	"para2\000"
 1470      3200
 1471              	.LASF25:
 1472 003d 55494E54 		.ascii	"UINT32\000"
 1472      333200
 1473              	.LASF28:
 1474 0044 5F5F7569 		.ascii	"__uint32_t\000"
 1474      6E743332 
 1474      5F7400
 1475              	.LASF26:
 1476 004f 5F5F7569 		.ascii	"__uint16_t\000"
 1476      6E743136 
 1476      5F7400
 1477              	.LASF43:
 1478 005a 55534152 		.ascii	"USART_TypeDef\000"
 1478      545F5479 
 1478      70654465 
 1478      6600
 1479              	.LASF10:
 1480 0068 6465765F 		.ascii	"dev_mem_para\000"
 1480      6D656D5F 
 1480      70617261 
 1480      00
 1481              	.LASF24:
 1482 0075 68656164 		.ascii	"head\000"
 1482      00
 1483              	.LASF51:
 1484 007a 55534152 		.ascii	"USART_SendData\000"
 1484      545F5365 
 1484      6E644461 
 1484      746100
 1485              	.LASF39:
 1486 0089 52455345 		.ascii	"RESERVED4\000"
 1486      52564544 
 1486      3400
 1487              	.LASF49:
 1488 0093 55534152 		.ascii	"USART_Config\000"
 1488      545F436F 
 1488      6E666967 
 1488      00
 1489              	.LASF17:
 1490 00a0 64657669 		.ascii	"device_head\000"
 1490      63655F68 
 1490      65616400 
 1491              	.LASF16:
 1492 00ac 70617261 		.ascii	"para\000"
 1492      00
 1493              	.LASF7:
 1494 00b1 4445565F 		.ascii	"DEV_NORMAL\000"
 1494      4E4F524D 
 1494      414C00
 1495              	.LASF1:
ARM GAS  G:\Users\Jaxb\AppData\Local\Temp\ccQSqEme.s 			page 30


 1496 00bc 73686F72 		.ascii	"short int\000"
 1496      7420696E 
 1496      7400
 1497              	.LASF23:
 1498 00c6 64657669 		.ascii	"device\000"
 1498      636500
 1499              	.LASF2:
 1500 00cd 6C6F6E67 		.ascii	"long long int\000"
 1500      206C6F6E 
 1500      6720696E 
 1500      7400
 1501              	.LASF6:
 1502 00db 6C6F6E67 		.ascii	"long long unsigned int\000"
 1502      206C6F6E 
 1502      6720756E 
 1502      7369676E 
 1502      65642069 
 1503              	.LASF27:
 1504 00f2 6C6F6E67 		.ascii	"long int\000"
 1504      20696E74 
 1504      00
 1505              	.LASF11:
 1506 00fb 696E6974 		.ascii	"init_fun\000"
 1506      5F66756E 
 1506      00
 1507              	.LASF50:
 1508 0104 6B615F70 		.ascii	"ka_printf\000"
 1508      72696E74 
 1508      6600
 1509              	.LASF3:
 1510 010e 756E7369 		.ascii	"unsigned char\000"
 1510      676E6564 
 1510      20636861 
 1510      7200
 1511              	.LASF8:
 1512 011c 4445565F 		.ascii	"DEV_MEM\000"
 1512      4D454D00 
 1513              	.LASF31:
 1514 0124 75696E74 		.ascii	"uint32_t\000"
 1514      33325F74 
 1514      00
 1515              	.LASF5:
 1516 012d 756E7369 		.ascii	"unsigned int\000"
 1516      676E6564 
 1516      20696E74 
 1516      00
 1517              	.LASF30:
 1518 013a 75696E74 		.ascii	"uint16_t\000"
 1518      31365F74 
 1518      00
 1519              	.LASF29:
 1520 0143 6C6F6E67 		.ascii	"long unsigned int\000"
 1520      20756E73 
 1520      69676E65 
 1520      6420696E 
 1520      7400
 1521              	.LASF13:
ARM GAS  G:\Users\Jaxb\AppData\Local\Temp\ccQSqEme.s 			page 31


 1522 0155 73746172 		.ascii	"start\000"
 1522      7400
 1523              	.LASF4:
 1524 015b 73686F72 		.ascii	"short unsigned int\000"
 1524      7420756E 
 1524      7369676E 
 1524      65642069 
 1524      6E7400
 1525              	.LASF18:
 1526 016e 6465765F 		.ascii	"dev_name\000"
 1526      6E616D65 
 1526      00
 1527              	.LASF21:
 1528 0177 63686172 		.ascii	"char\000"
 1528      00
 1529              	.LASF20:
 1530 017c 74797065 		.ascii	"type\000"
 1530      00
 1531              	.LASF33:
 1532 0181 53797374 		.ascii	"SystemCoreClock\000"
 1532      656D436F 
 1532      7265436C 
 1532      6F636B00 
 1533              	.LASF35:
 1534 0191 52455345 		.ascii	"RESERVED0\000"
 1534      52564544 
 1534      3000
 1535              	.LASF36:
 1536 019b 52455345 		.ascii	"RESERVED1\000"
 1536      52564544 
 1536      3100
 1537              	.LASF37:
 1538 01a5 52455345 		.ascii	"RESERVED2\000"
 1538      52564544 
 1538      3200
 1539              	.LASF38:
 1540 01af 52455345 		.ascii	"RESERVED3\000"
 1540      52564544 
 1540      3300
 1541              	.LASF46:
 1542 01b9 64657669 		.ascii	"device_array\000"
 1542      63655F61 
 1542      72726179 
 1542      00
 1543              	.LASF40:
 1544 01c6 52455345 		.ascii	"RESERVED5\000"
 1544      52564544 
 1544      3500
 1545              	.LASF42:
 1546 01d0 52455345 		.ascii	"RESERVED6\000"
 1546      52564544 
 1546      3600
 1547              	.LASF47:
 1548 01da 6273705F 		.ascii	"bsp_init\000"
 1548      696E6974 
 1548      00
 1549              	.LASF55:
ARM GAS  G:\Users\Jaxb\AppData\Local\Temp\ccQSqEme.s 			page 32


 1550 01e3 473A5C55 		.ascii	"G:\\Users\\Jaxb\\Desktop\\KAKAOS-0.07  2019.2.21  f"
 1550      73657273 
 1550      5C4A6178 
 1550      625C4465 
 1550      736B746F 
 1551 0212 6F722067 		.ascii	"or gcc\\Project\\RVMDK\243\250uv5\243\251\000"
 1551      63635C50 
 1551      726F6A65 
 1551      63745C52 
 1551      564D444B 
 1552              	.LASF14:
 1553 022e 73697A65 		.ascii	"size\000"
 1553      00
 1554              	.LASF52:
 1555 0233 55534152 		.ascii	"USART_GetFlagStatus\000"
 1555      545F4765 
 1555      74466C61 
 1555      67537461 
 1555      74757300 
 1556              	.LASF34:
 1557 0247 52455345 		.ascii	"RESET\000"
 1557      5400
 1558              	.LASF15:
 1559 024d 6465765F 		.ascii	"dev_mem\000"
 1559      6D656D00 
 1560              	.LASF22:
 1561 0255 6E6F726D 		.ascii	"normal\000"
 1561      616C00
 1562              	.LASF53:
 1563 025c 474E5520 		.ascii	"GNU C11 7.3.1 20180622 (release) [ARM/embedded-7-br"
 1563      43313120 
 1563      372E332E 
 1563      31203230 
 1563      31383036 
 1564 028f 616E6368 		.ascii	"anch revision 261907] -mcpu=cortex-m3 -mthumb -mapc"
 1564      20726576 
 1564      6973696F 
 1564      6E203236 
 1564      31393037 
 1565 02c2 732D6672 		.ascii	"s-frame -mthumb-interwork -mcpu=cortex-m3 -mthumb -"
 1565      616D6520 
 1565      2D6D7468 
 1565      756D622D 
 1565      696E7465 
 1566 02f5 67647761 		.ascii	"gdwarf-2 -O2\000"
 1566      72662D32 
 1566      202D4F32 
 1566      00
 1567              	.LASF32:
 1568 0302 49544D5F 		.ascii	"ITM_RxBuffer\000"
 1568      52784275 
 1568      66666572 
 1568      00
 1569              	.LASF48:
 1570 030f 6B615F70 		.ascii	"ka_putchar\000"
 1570      75746368 
 1570      617200
ARM GAS  G:\Users\Jaxb\AppData\Local\Temp\ccQSqEme.s 			page 33


 1571              	.LASF54:
 1572 031a 2E2E2F2E 		.ascii	"../../source/src/user/OS_CPU/bsp/bsp.c\000"
 1572      2E2F736F 
 1572      75726365 
 1572      2F737263 
 1572      2F757365 
 1573              	.LASF12:
 1574 0341 7072696F 		.ascii	"prio\000"
 1574      00
 1575              		.ident	"GCC: (GNU Tools for Arm Embedded Processors 7-2018-q2-update) 7.3.1 20180622 (release) [AR
ARM GAS  G:\Users\Jaxb\AppData\Local\Temp\ccQSqEme.s 			page 34


DEFINED SYMBOLS
                            *ABS*:00000000 bsp.c
G:\Users\Jaxb\AppData\Local\Temp\ccQSqEme.s:15     .text:00000000 $t
G:\Users\Jaxb\AppData\Local\Temp\ccQSqEme.s:23     .text:00000000 ka_putchar
G:\Users\Jaxb\AppData\Local\Temp\ccQSqEme.s:57     .text:0000001c $d
G:\Users\Jaxb\AppData\Local\Temp\ccQSqEme.s:61     .text:00000020 $t
G:\Users\Jaxb\AppData\Local\Temp\ccQSqEme.s:69     .text:00000020 bsp_init
G:\Users\Jaxb\AppData\Local\Temp\ccQSqEme.s:164    .text:0000008c $d
G:\Users\Jaxb\AppData\Local\Temp\ccQSqEme.s:175    .rodata:00000000 $d
G:\Users\Jaxb\AppData\Local\Temp\ccQSqEme.s:179    .rodata:00000000 device_array
G:\Users\Jaxb\AppData\Local\Temp\ccQSqEme.s:212    .rodata:0000005c para1
G:\Users\Jaxb\AppData\Local\Temp\ccQSqEme.s:206    .rodata:00000050 para2
G:\Users\Jaxb\AppData\Local\Temp\ccQSqEme.s:217    .rodata.str1.4:00000000 $d

UNDEFINED SYMBOLS
USART_SendData
USART_GetFlagStatus
USART_Config
ka_printf
FSMC_SRAM_Init
buddy_init
