ARM GAS  ../../source/src/user/OS_CPU/CPU_A.s 			page 1


   1              	    .cpu    cortex-m3
   2              	    .fpu    softvfp
   3              	    .syntax unified
   4              	    .thumb
   5              	    .text
   6              	
   7              	    .global CPU_IntDis
   8              	    .type CPU_IntDis, %function
   9              	CPU_IntDis:
  10 0000 72B6     	        CPSID   I
  11 0002 7047     	        BX      LR
  12              	
  13              	
  14              	    .global CPU_IntEn
  15              	    .type CPU_IntEn, %function
  16              	CPU_IntEn:
  17 0004 62B6     	        CPSIE   I
  18 0006 7047     	        BX      LR
  19              	
  20              	
  21              	    .global CPU_SR_Save
  22              	    .type CPU_SR_Save, %function
  23              	CPU_SR_Save:
  24 0008 EFF31080 	        MRS     R0, PRIMASK                     
  25 000c 72B6     	        CPSID   I
  26 000e 7047     	        BX      LR
  27              	
  28              	
  29              	    .global CPU_SR_Restore
  30              	    .type CPU_SR_Restore, %function
  31              	CPU_SR_Restore:                                  
  32 0010 80F31088 	        MSR     PRIMASK, R0
  33 0014 7047     	        BX      LR
  34              	
  35              	
  36              	
  37              	
  38              	
ARM GAS  ../../source/src/user/OS_CPU/CPU_A.s 			page 2


DEFINED SYMBOLS
../../source/src/user/OS_CPU/CPU_A.s:9      .text:00000000 CPU_IntDis
../../source/src/user/OS_CPU/CPU_A.s:10     .text:00000000 $t
../../source/src/user/OS_CPU/CPU_A.s:16     .text:00000004 CPU_IntEn
../../source/src/user/OS_CPU/CPU_A.s:23     .text:00000008 CPU_SR_Save
../../source/src/user/OS_CPU/CPU_A.s:31     .text:00000010 CPU_SR_Restore

NO UNDEFINED SYMBOLS
