ARM GAS  G:\Users\Jaxb\AppData\Local\Temp\ccregVf7.s 			page 1


   1              		.cpu cortex-m3
   2              		.eabi_attribute 20, 1
   3              		.eabi_attribute 21, 1
   4              		.eabi_attribute 23, 3
   5              		.eabi_attribute 24, 1
   6              		.eabi_attribute 25, 1
   7              		.eabi_attribute 26, 1
   8              		.eabi_attribute 30, 6
   9              		.eabi_attribute 34, 1
  10              		.eabi_attribute 18, 4
  11              		.file	"main.c"
  12              		.text
  13              	.Ltext0:
  14              		.cfi_sections	.debug_frame
  15              		.align	1
  16              		.global	main
  17              		.syntax unified
  18              		.thumb
  19              		.thumb_func
  20              		.fpu softvfp
  21              		.type	main, %function
  22              	main:
  23              	.LFB0:
  24              		.file 1 "../../source/main/main.c"
   1:../../source/main/main.c **** #include "os_cpu.h"
   2:../../source/main/main.c **** #include "osinit.h"
   3:../../source/main/main.c **** 
   4:../../source/main/main.c **** int main()
   5:../../source/main/main.c **** {
  25              		.loc 1 5 0
  26              		.cfi_startproc
  27              		@ args = 0, pretend = 0, frame = 0
  28              		@ frame_needed = 1, uses_anonymous_args = 0
  29 0000 80B5     		push	{r7, lr}
  30              	.LCFI0:
  31              		.cfi_def_cfa_offset 8
  32              		.cfi_offset 7, -8
  33              		.cfi_offset 14, -4
  34 0002 00AF     		add	r7, sp, #0
  35              	.LCFI1:
  36              		.cfi_def_cfa_register 7
   6:../../source/main/main.c **** 	CPU_IntDis();
  37              		.loc 1 6 0
  38 0004 FFF7FEFF 		bl	CPU_IntDis
   7:../../source/main/main.c **** 	os_start();
  39              		.loc 1 7 0
  40 0008 FFF7FEFF 		bl	os_start
  41              	.L2:
   8:../../source/main/main.c **** 	while(1)
  42              		.loc 1 8 0 discriminator 1
  43 000c FEE7     		b	.L2
  44              		.cfi_endproc
  45              	.LFE0:
  46              		.size	main, .-main
  47              	.Letext0:
  48              		.section	.debug_info,"",%progbits
  49              	.Ldebug_info0:
ARM GAS  G:\Users\Jaxb\AppData\Local\Temp\ccregVf7.s 			page 2


  50 0000 49000000 		.4byte	0x49
  51 0004 0200     		.2byte	0x2
  52 0006 00000000 		.4byte	.Ldebug_abbrev0
  53 000a 04       		.byte	0x4
  54 000b 01       		.uleb128 0x1
  55 000c 00000000 		.4byte	.LASF1
  56 0010 0C       		.byte	0xc
  57 0011 D4000000 		.4byte	.LASF2
  58 0015 A6000000 		.4byte	.LASF3
  59 0019 00000000 		.4byte	.Ltext0
  60 001d 0E000000 		.4byte	.Letext0
  61 0021 00000000 		.4byte	.Ldebug_line0
  62 0025 02       		.uleb128 0x2
  63 0026 04       		.byte	0x4
  64 0027 07       		.byte	0x7
  65 0028 ED000000 		.4byte	.LASF0
  66 002c 03       		.uleb128 0x3
  67 002d 01       		.byte	0x1
  68 002e FA000000 		.4byte	.LASF4
  69 0032 01       		.byte	0x1
  70 0033 04       		.byte	0x4
  71 0034 45000000 		.4byte	0x45
  72 0038 00000000 		.4byte	.LFB0
  73 003c 0E000000 		.4byte	.LFE0
  74 0040 00000000 		.4byte	.LLST0
  75 0044 01       		.byte	0x1
  76 0045 04       		.uleb128 0x4
  77 0046 04       		.byte	0x4
  78 0047 05       		.byte	0x5
  79 0048 696E7400 		.ascii	"int\000"
  80 004c 00       		.byte	0
  81              		.section	.debug_abbrev,"",%progbits
  82              	.Ldebug_abbrev0:
  83 0000 01       		.uleb128 0x1
  84 0001 11       		.uleb128 0x11
  85 0002 01       		.byte	0x1
  86 0003 25       		.uleb128 0x25
  87 0004 0E       		.uleb128 0xe
  88 0005 13       		.uleb128 0x13
  89 0006 0B       		.uleb128 0xb
  90 0007 03       		.uleb128 0x3
  91 0008 0E       		.uleb128 0xe
  92 0009 1B       		.uleb128 0x1b
  93 000a 0E       		.uleb128 0xe
  94 000b 11       		.uleb128 0x11
  95 000c 01       		.uleb128 0x1
  96 000d 12       		.uleb128 0x12
  97 000e 01       		.uleb128 0x1
  98 000f 10       		.uleb128 0x10
  99 0010 06       		.uleb128 0x6
 100 0011 00       		.byte	0
 101 0012 00       		.byte	0
 102 0013 02       		.uleb128 0x2
 103 0014 24       		.uleb128 0x24
 104 0015 00       		.byte	0
 105 0016 0B       		.uleb128 0xb
 106 0017 0B       		.uleb128 0xb
ARM GAS  G:\Users\Jaxb\AppData\Local\Temp\ccregVf7.s 			page 3


 107 0018 3E       		.uleb128 0x3e
 108 0019 0B       		.uleb128 0xb
 109 001a 03       		.uleb128 0x3
 110 001b 0E       		.uleb128 0xe
 111 001c 00       		.byte	0
 112 001d 00       		.byte	0
 113 001e 03       		.uleb128 0x3
 114 001f 2E       		.uleb128 0x2e
 115 0020 00       		.byte	0
 116 0021 3F       		.uleb128 0x3f
 117 0022 0C       		.uleb128 0xc
 118 0023 03       		.uleb128 0x3
 119 0024 0E       		.uleb128 0xe
 120 0025 3A       		.uleb128 0x3a
 121 0026 0B       		.uleb128 0xb
 122 0027 3B       		.uleb128 0x3b
 123 0028 0B       		.uleb128 0xb
 124 0029 49       		.uleb128 0x49
 125 002a 13       		.uleb128 0x13
 126 002b 11       		.uleb128 0x11
 127 002c 01       		.uleb128 0x1
 128 002d 12       		.uleb128 0x12
 129 002e 01       		.uleb128 0x1
 130 002f 40       		.uleb128 0x40
 131 0030 06       		.uleb128 0x6
 132 0031 9642     		.uleb128 0x2116
 133 0033 0C       		.uleb128 0xc
 134 0034 00       		.byte	0
 135 0035 00       		.byte	0
 136 0036 04       		.uleb128 0x4
 137 0037 24       		.uleb128 0x24
 138 0038 00       		.byte	0
 139 0039 0B       		.uleb128 0xb
 140 003a 0B       		.uleb128 0xb
 141 003b 3E       		.uleb128 0x3e
 142 003c 0B       		.uleb128 0xb
 143 003d 03       		.uleb128 0x3
 144 003e 08       		.uleb128 0x8
 145 003f 00       		.byte	0
 146 0040 00       		.byte	0
 147 0041 00       		.byte	0
 148              		.section	.debug_loc,"",%progbits
 149              	.Ldebug_loc0:
 150              	.LLST0:
 151 0000 00000000 		.4byte	.LFB0-.Ltext0
 152 0004 02000000 		.4byte	.LCFI0-.Ltext0
 153 0008 0200     		.2byte	0x2
 154 000a 7D       		.byte	0x7d
 155 000b 00       		.sleb128 0
 156 000c 02000000 		.4byte	.LCFI0-.Ltext0
 157 0010 04000000 		.4byte	.LCFI1-.Ltext0
 158 0014 0200     		.2byte	0x2
 159 0016 7D       		.byte	0x7d
 160 0017 08       		.sleb128 8
 161 0018 04000000 		.4byte	.LCFI1-.Ltext0
 162 001c 0E000000 		.4byte	.LFE0-.Ltext0
 163 0020 0200     		.2byte	0x2
ARM GAS  G:\Users\Jaxb\AppData\Local\Temp\ccregVf7.s 			page 4


 164 0022 77       		.byte	0x77
 165 0023 08       		.sleb128 8
 166 0024 00000000 		.4byte	0
 167 0028 00000000 		.4byte	0
 168              		.section	.debug_aranges,"",%progbits
 169 0000 1C000000 		.4byte	0x1c
 170 0004 0200     		.2byte	0x2
 171 0006 00000000 		.4byte	.Ldebug_info0
 172 000a 04       		.byte	0x4
 173 000b 00       		.byte	0
 174 000c 0000     		.2byte	0
 175 000e 0000     		.2byte	0
 176 0010 00000000 		.4byte	.Ltext0
 177 0014 0E000000 		.4byte	.Letext0-.Ltext0
 178 0018 00000000 		.4byte	0
 179 001c 00000000 		.4byte	0
 180              		.section	.debug_line,"",%progbits
 181              	.Ldebug_line0:
 182 0000 49000000 		.section	.debug_str,"MS",%progbits,1
 182      02002F00 
 182      00000201 
 182      FB0E0D00 
 182      01010101 
 183              	.LASF1:
 184 0000 474E5520 		.ascii	"GNU C11 7.3.1 20180622 (release) [ARM/embedded-7-br"
 184      43313120 
 184      372E332E 
 184      31203230 
 184      31383036 
 185 0033 616E6368 		.ascii	"anch revision 261907] -mcpu=cortex-m3 -mthumb -mapc"
 185      20726576 
 185      6973696F 
 185      6E203236 
 185      31393037 
 186 0066 732D6672 		.ascii	"s-frame -mthumb-interwork -mcpu=cortex-m3 -mthumb -"
 186      616D6520 
 186      2D6D7468 
 186      756D622D 
 186      696E7465 
 187 0099 67647761 		.ascii	"gdwarf-2 -O0\000"
 187      72662D32 
 187      202D4F30 
 187      00
 188              	.LASF3:
 189 00a6 463A5C6B 		.ascii	"F:\\kaka\\KAKAOS\\C\\windows\\Project\\RVMDK\243\250"
 189      616B615C 
 189      4B414B41 
 189      4F535C43 
 189      5C77696E 
 190 00ce 757635A3 		.ascii	"uv5\243\251\000"
 190      A900
 191              	.LASF2:
 192 00d4 2E2E2F2E 		.ascii	"../../source/main/main.c\000"
 192      2E2F736F 
 192      75726365 
 192      2F6D6169 
 192      6E2F6D61 
ARM GAS  G:\Users\Jaxb\AppData\Local\Temp\ccregVf7.s 			page 5


 193              	.LASF0:
 194 00ed 756E7369 		.ascii	"unsigned int\000"
 194      676E6564 
 194      20696E74 
 194      00
 195              	.LASF4:
 196 00fa 6D61696E 		.ascii	"main\000"
 196      00
 197              		.ident	"GCC: (GNU Tools for Arm Embedded Processors 7-2018-q2-update) 7.3.1 20180622 (release) [AR
ARM GAS  G:\Users\Jaxb\AppData\Local\Temp\ccregVf7.s 			page 6


DEFINED SYMBOLS
                            *ABS*:00000000 main.c
G:\Users\Jaxb\AppData\Local\Temp\ccregVf7.s:15     .text:00000000 $t
G:\Users\Jaxb\AppData\Local\Temp\ccregVf7.s:22     .text:00000000 main

UNDEFINED SYMBOLS
CPU_IntDis
os_start
