ARM GAS  G:\Users\Jaxb\AppData\Local\Temp\cczJLBPC.s 			page 1


   1              		.cpu cortex-m3
   2              		.eabi_attribute 20, 1
   3              		.eabi_attribute 21, 1
   4              		.eabi_attribute 23, 3
   5              		.eabi_attribute 24, 1
   6              		.eabi_attribute 25, 1
   7              		.eabi_attribute 26, 1
   8              		.eabi_attribute 30, 6
   9              		.eabi_attribute 34, 1
  10              		.eabi_attribute 18, 4
  11              		.file	"os_delay.c"
  12              		.text
  13              	.Ltext0:
  14              		.cfi_sections	.debug_frame
  15              		.bss
  16              		.align	2
  17              	delay_heap:
  18 0000 00000000 		.space	28
  18      00000000 
  18      00000000 
  18      00000000 
  18      00000000 
  19              		.size	delay_heap, 28
  20              		.text
  21              		.align	1
  22              		.syntax unified
  23              		.thumb
  24              		.thumb_func
  25              		.fpu softvfp
  26              		.type	_cmp, %function
  27              	_cmp:
  28              	.LFB13:
  29              		.file 1 "../../source/src/kernel/OS_CORE/schedule/os_delay.c"
   1:../../source/src/kernel/OS_CORE/schedule/os_delay.c **** #include "os_delay.h"
   2:../../source/src/kernel/OS_CORE/schedule/os_delay.c **** #include "TCB.h"
   3:../../source/src/kernel/OS_CORE/schedule/os_delay.c **** #include "ka_configuration.h"
   4:../../source/src/kernel/OS_CORE/schedule/os_delay.c **** #include "heap_oo.h"
   5:../../source/src/kernel/OS_CORE/schedule/os_delay.c **** #include "myassert.h"
   6:../../source/src/kernel/OS_CORE/schedule/os_delay.c **** #include <os_ready.h>
   7:../../source/src/kernel/OS_CORE/schedule/os_delay.c **** #include "myMicroLIB.h"
   8:../../source/src/kernel/OS_CORE/schedule/os_delay.c **** 
   9:../../source/src/kernel/OS_CORE/schedule/os_delay.c **** #define TIME_FIRST_SMALLER_THAN_SECOND(first,second) ((INT64)(first)-(INT64)(second) < 0)
  10:../../source/src/kernel/OS_CORE/schedule/os_delay.c **** #define TIME_FIRST_BIGGER_THAN_SECOND(first,second)  ((INT64)(first)-(INT64)(second) > 0)
  11:../../source/src/kernel/OS_CORE/schedule/os_delay.c **** 
  12:../../source/src/kernel/OS_CORE/schedule/os_delay.c **** static struct little_heap delay_heap;
  13:../../source/src/kernel/OS_CORE/schedule/os_delay.c **** 
  14:../../source/src/kernel/OS_CORE/schedule/os_delay.c **** /*this function is used by delay_heap*/
  15:../../source/src/kernel/OS_CORE/schedule/os_delay.c **** static int _cmp(Vector *Vector_ptr,unsigned int index1,unsigned int index2)
  16:../../source/src/kernel/OS_CORE/schedule/os_delay.c **** {
  30              		.loc 1 16 0
  31              		.cfi_startproc
  32              		@ args = 0, pretend = 0, frame = 24
  33              		@ frame_needed = 1, uses_anonymous_args = 0
  34 0000 2DE99048 		push	{r4, r7, fp, lr}
  35              	.LCFI0:
  36              		.cfi_def_cfa_offset 16
  37              		.cfi_offset 4, -16
ARM GAS  G:\Users\Jaxb\AppData\Local\Temp\cczJLBPC.s 			page 2


  38              		.cfi_offset 7, -12
  39              		.cfi_offset 11, -8
  40              		.cfi_offset 14, -4
  41 0004 86B0     		sub	sp, sp, #24
  42              	.LCFI1:
  43              		.cfi_def_cfa_offset 40
  44 0006 00AF     		add	r7, sp, #0
  45              	.LCFI2:
  46              		.cfi_def_cfa_register 7
  47 0008 F860     		str	r0, [r7, #12]
  48 000a B960     		str	r1, [r7, #8]
  49 000c 7A60     		str	r2, [r7, #4]
  17:../../source/src/kernel/OS_CORE/schedule/os_delay.c **** 	const TCB **a, **b;
  18:../../source/src/kernel/OS_CORE/schedule/os_delay.c **** 	Vector_get_index_address (Vector_ptr, index1, (void **)&a);
  50              		.loc 1 18 0
  51 000e 07F11403 		add	r3, r7, #20
  52 0012 1A46     		mov	r2, r3
  53 0014 B968     		ldr	r1, [r7, #8]
  54 0016 F868     		ldr	r0, [r7, #12]
  55 0018 FFF7FEFF 		bl	Vector_get_index_address
  19:../../source/src/kernel/OS_CORE/schedule/os_delay.c **** 	Vector_get_index_address (Vector_ptr, index2, (void **)&b);
  56              		.loc 1 19 0
  57 001c 07F11003 		add	r3, r7, #16
  58 0020 1A46     		mov	r2, r3
  59 0022 7968     		ldr	r1, [r7, #4]
  60 0024 F868     		ldr	r0, [r7, #12]
  61 0026 FFF7FEFF 		bl	Vector_get_index_address
  20:../../source/src/kernel/OS_CORE/schedule/os_delay.c **** 	if (TIME_FIRST_SMALLER_THAN_SECOND((*a)->delay_reach_time,(*b)->delay_reach_time))
  62              		.loc 1 20 0
  63 002a 7B69     		ldr	r3, [r7, #20]
  64 002c 1B68     		ldr	r3, [r3]
  65 002e 03F14004 		add	r4, r3, #64
  66 0032 D4E90034 		ldrd	r3, [r4]
  67 0036 1946     		mov	r1, r3
  68 0038 2246     		mov	r2, r4
  69 003a 3B69     		ldr	r3, [r7, #16]
  70 003c 1B68     		ldr	r3, [r3]
  71 003e 03F14004 		add	r4, r3, #64
  72 0042 D4E90034 		ldrd	r3, [r4]
  73 0046 9B46     		mov	fp, r3
  74 0048 A446     		mov	ip, r4
  75 004a 0B46     		mov	r3, r1
  76 004c 1446     		mov	r4, r2
  77 004e B3EB0B03 		subs	r3, r3, fp
  78 0052 64EB0C04 		sbc	r4, r4, ip
  79 0056 002B     		cmp	r3, #0
  80 0058 74F10003 		sbcs	r3, r4, #0
  81 005c 02DA     		bge	.L2
  21:../../source/src/kernel/OS_CORE/schedule/os_delay.c **** 	{
  22:../../source/src/kernel/OS_CORE/schedule/os_delay.c **** 	  return -1;
  82              		.loc 1 22 0
  83 005e 4FF0FF33 		mov	r3, #-1
  84 0062 1CE0     		b	.L5
  85              	.L2:
  23:../../source/src/kernel/OS_CORE/schedule/os_delay.c **** 	}
  24:../../source/src/kernel/OS_CORE/schedule/os_delay.c **** 	else if (TIME_FIRST_BIGGER_THAN_SECOND((*a)->delay_reach_time,(*b)->delay_reach_time))
  86              		.loc 1 24 0
ARM GAS  G:\Users\Jaxb\AppData\Local\Temp\cczJLBPC.s 			page 3


  87 0064 7B69     		ldr	r3, [r7, #20]
  88 0066 1B68     		ldr	r3, [r3]
  89 0068 03F14004 		add	r4, r3, #64
  90 006c D4E90034 		ldrd	r3, [r4]
  91 0070 1946     		mov	r1, r3
  92 0072 2246     		mov	r2, r4
  93 0074 3B69     		ldr	r3, [r7, #16]
  94 0076 1B68     		ldr	r3, [r3]
  95 0078 03F14004 		add	r4, r3, #64
  96 007c D4E90034 		ldrd	r3, [r4]
  97 0080 9B46     		mov	fp, r3
  98 0082 A446     		mov	ip, r4
  99 0084 0B46     		mov	r3, r1
 100 0086 1446     		mov	r4, r2
 101 0088 B3EB0B03 		subs	r3, r3, fp
 102 008c 64EB0C04 		sbc	r4, r4, ip
 103 0090 012B     		cmp	r3, #1
 104 0092 74F10003 		sbcs	r3, r4, #0
 105 0096 01DB     		blt	.L4
  25:../../source/src/kernel/OS_CORE/schedule/os_delay.c **** 	{
  26:../../source/src/kernel/OS_CORE/schedule/os_delay.c **** 	  return 1;
 106              		.loc 1 26 0
 107 0098 0123     		movs	r3, #1
 108 009a 00E0     		b	.L5
 109              	.L4:
  27:../../source/src/kernel/OS_CORE/schedule/os_delay.c **** 	}
  28:../../source/src/kernel/OS_CORE/schedule/os_delay.c **** 	else
  29:../../source/src/kernel/OS_CORE/schedule/os_delay.c **** 	{
  30:../../source/src/kernel/OS_CORE/schedule/os_delay.c **** 	  return 0;
 110              		.loc 1 30 0
 111 009c 0023     		movs	r3, #0
 112              	.L5:
  31:../../source/src/kernel/OS_CORE/schedule/os_delay.c **** 	}
  32:../../source/src/kernel/OS_CORE/schedule/os_delay.c **** }
 113              		.loc 1 32 0 discriminator 1
 114 009e 1846     		mov	r0, r3
 115 00a0 1837     		adds	r7, r7, #24
 116              	.LCFI3:
 117              		.cfi_def_cfa_offset 16
 118 00a2 BD46     		mov	sp, r7
 119              	.LCFI4:
 120              		.cfi_def_cfa_register 13
 121              		@ sp needed
 122 00a4 BDE89088 		pop	{r4, r7, fp, pc}
 123              		.cfi_endproc
 124              	.LFE13:
 125              		.size	_cmp, .-_cmp
 126              		.align	1
 127              		.syntax unified
 128              		.thumb
 129              		.thumb_func
 130              		.fpu softvfp
 131              		.type	index_change_record, %function
 132              	index_change_record:
 133              	.LFB14:
  33:../../source/src/kernel/OS_CORE/schedule/os_delay.c **** 
  34:../../source/src/kernel/OS_CORE/schedule/os_delay.c **** static inline void index_change_record(Vector *Vector_ptr,int index)
ARM GAS  G:\Users\Jaxb\AppData\Local\Temp\cczJLBPC.s 			page 4


  35:../../source/src/kernel/OS_CORE/schedule/os_delay.c **** {
 134              		.loc 1 35 0
 135              		.cfi_startproc
 136              		@ args = 0, pretend = 0, frame = 16
 137              		@ frame_needed = 1, uses_anonymous_args = 0
 138 00a8 80B5     		push	{r7, lr}
 139              	.LCFI5:
 140              		.cfi_def_cfa_offset 8
 141              		.cfi_offset 7, -8
 142              		.cfi_offset 14, -4
 143 00aa 84B0     		sub	sp, sp, #16
 144              	.LCFI6:
 145              		.cfi_def_cfa_offset 24
 146 00ac 00AF     		add	r7, sp, #0
 147              	.LCFI7:
 148              		.cfi_def_cfa_register 7
 149 00ae 7860     		str	r0, [r7, #4]
 150 00b0 3960     		str	r1, [r7]
  36:../../source/src/kernel/OS_CORE/schedule/os_delay.c **** 	TCB *TCB_ptr;
  37:../../source/src/kernel/OS_CORE/schedule/os_delay.c **** 	Vector_get_index_data(Vector_ptr,index,&TCB_ptr);
 151              		.loc 1 37 0
 152 00b2 3B68     		ldr	r3, [r7]
 153 00b4 07F10C02 		add	r2, r7, #12
 154 00b8 1946     		mov	r1, r3
 155 00ba 7868     		ldr	r0, [r7, #4]
 156 00bc FFF7FEFF 		bl	Vector_get_index_data
  38:../../source/src/kernel/OS_CORE/schedule/os_delay.c **** 	TCB_ptr->delay_heap_position = index;
 157              		.loc 1 38 0
 158 00c0 FB68     		ldr	r3, [r7, #12]
 159 00c2 3A68     		ldr	r2, [r7]
 160 00c4 9A61     		str	r2, [r3, #24]
  39:../../source/src/kernel/OS_CORE/schedule/os_delay.c **** }
 161              		.loc 1 39 0
 162 00c6 00BF     		nop
 163 00c8 1037     		adds	r7, r7, #16
 164              	.LCFI8:
 165              		.cfi_def_cfa_offset 8
 166 00ca BD46     		mov	sp, r7
 167              	.LCFI9:
 168              		.cfi_def_cfa_register 13
 169              		@ sp needed
 170 00cc 80BD     		pop	{r7, pc}
 171              		.cfi_endproc
 172              	.LFE14:
 173              		.size	index_change_record, .-index_change_record
 174              		.section	.rodata
 175              		.align	2
 176              	.LC0:
 177 0000 696E6974 		.ascii	"init_delay_heap error!\012stop booting.....\012\000"
 177      5F64656C 
 177      61795F68 
 177      65617020 
 177      6572726F 
 178              		.text
 179              		.align	1
 180              		.global	__init_delay_heap
 181              		.syntax unified
ARM GAS  G:\Users\Jaxb\AppData\Local\Temp\cczJLBPC.s 			page 5


 182              		.thumb
 183              		.thumb_func
 184              		.fpu softvfp
 185              		.type	__init_delay_heap, %function
 186              	__init_delay_heap:
 187              	.LFB15:
  40:../../source/src/kernel/OS_CORE/schedule/os_delay.c **** 	
  41:../../source/src/kernel/OS_CORE/schedule/os_delay.c **** inline void __init_delay_heap(void)
  42:../../source/src/kernel/OS_CORE/schedule/os_delay.c **** {
 188              		.loc 1 42 0
 189              		.cfi_startproc
 190              		@ args = 0, pretend = 0, frame = 0
 191              		@ frame_needed = 1, uses_anonymous_args = 0
 192 00ce 80B5     		push	{r7, lr}
 193              	.LCFI10:
 194              		.cfi_def_cfa_offset 8
 195              		.cfi_offset 7, -8
 196              		.cfi_offset 14, -4
 197 00d0 82B0     		sub	sp, sp, #8
 198              	.LCFI11:
 199              		.cfi_def_cfa_offset 16
 200 00d2 02AF     		add	r7, sp, #8
 201              	.LCFI12:
 202              		.cfi_def_cfa 7, 8
  43:../../source/src/kernel/OS_CORE/schedule/os_delay.c **** 	if(0 != heap_init(&delay_heap,PRIO_MAX/4,sizeof(TCB *),_cmp,index_change_record))
 203              		.loc 1 43 0
 204 00d4 084B     		ldr	r3, .L11
 205 00d6 0093     		str	r3, [sp]
 206 00d8 084B     		ldr	r3, .L11+4
 207 00da 0422     		movs	r2, #4
 208 00dc 1021     		movs	r1, #16
 209 00de 0848     		ldr	r0, .L11+8
 210 00e0 FFF7FEFF 		bl	heap_init
 211 00e4 0346     		mov	r3, r0
 212 00e6 002B     		cmp	r3, #0
 213 00e8 03D0     		beq	.L10
  44:../../source/src/kernel/OS_CORE/schedule/os_delay.c **** 	{
  45:../../source/src/kernel/OS_CORE/schedule/os_delay.c **** 		ka_printf("init_delay_heap error!\nstop booting.....\n");
 214              		.loc 1 45 0
 215 00ea 0648     		ldr	r0, .L11+12
 216 00ec FFF7FEFF 		bl	ka_printf
 217              	.L9:
  46:../../source/src/kernel/OS_CORE/schedule/os_delay.c **** 		while(1);
 218              		.loc 1 46 0 discriminator 1
 219 00f0 FEE7     		b	.L9
 220              	.L10:
  47:../../source/src/kernel/OS_CORE/schedule/os_delay.c **** 		/*os stop here*/
  48:../../source/src/kernel/OS_CORE/schedule/os_delay.c **** 	}
  49:../../source/src/kernel/OS_CORE/schedule/os_delay.c **** }
 221              		.loc 1 49 0
 222 00f2 00BF     		nop
 223 00f4 BD46     		mov	sp, r7
 224              	.LCFI13:
 225              		.cfi_def_cfa_register 13
 226              		@ sp needed
 227 00f6 80BD     		pop	{r7, pc}
 228              	.L12:
ARM GAS  G:\Users\Jaxb\AppData\Local\Temp\cczJLBPC.s 			page 6


 229              		.align	2
 230              	.L11:
 231 00f8 00000000 		.word	index_change_record
 232 00fc 00000000 		.word	_cmp
 233 0100 00000000 		.word	delay_heap
 234 0104 00000000 		.word	.LC0
 235              		.cfi_endproc
 236              	.LFE15:
 237              		.size	__init_delay_heap, .-__init_delay_heap
 238              		.section	.rodata
 239 002a 0000     		.align	2
 240              	.LC1:
 241 002c 2E2E2F2E 		.ascii	"../../source/src/kernel/OS_CORE/schedule/os_delay.c"
 241      2E2F736F 
 241      75726365 
 241      2F737263 
 241      2F6B6572 
 242 005f 00       		.ascii	"\000"
 243              		.text
 244              		.align	1
 245              		.global	_insert_into_delay_heap
 246              		.syntax unified
 247              		.thumb
 248              		.thumb_func
 249              		.fpu softvfp
 250              		.type	_insert_into_delay_heap, %function
 251              	_insert_into_delay_heap:
 252              	.LFB16:
  50:../../source/src/kernel/OS_CORE/schedule/os_delay.c **** 
  51:../../source/src/kernel/OS_CORE/schedule/os_delay.c **** /*before inserting action,os should set the delay_reach_time
  52:../../source/src/kernel/OS_CORE/schedule/os_delay.c **** this function do not change the task_state of the TCB,os shoule
  53:../../source/src/kernel/OS_CORE/schedule/os_delay.c **** change it before using this function*/
  54:../../source/src/kernel/OS_CORE/schedule/os_delay.c **** int _insert_into_delay_heap(TCB *TCB_ptr)
  55:../../source/src/kernel/OS_CORE/schedule/os_delay.c **** {
 253              		.loc 1 55 0
 254              		.cfi_startproc
 255              		@ args = 0, pretend = 0, frame = 8
 256              		@ frame_needed = 1, uses_anonymous_args = 0
 257 0108 80B5     		push	{r7, lr}
 258              	.LCFI14:
 259              		.cfi_def_cfa_offset 8
 260              		.cfi_offset 7, -8
 261              		.cfi_offset 14, -4
 262 010a 82B0     		sub	sp, sp, #8
 263              	.LCFI15:
 264              		.cfi_def_cfa_offset 16
 265 010c 00AF     		add	r7, sp, #0
 266              	.LCFI16:
 267              		.cfi_def_cfa_register 7
 268 010e 7860     		str	r0, [r7, #4]
  56:../../source/src/kernel/OS_CORE/schedule/os_delay.c **** 	ASSERT(NULL != TCB_ptr);
 269              		.loc 1 56 0
 270 0110 7B68     		ldr	r3, [r7, #4]
 271 0112 002B     		cmp	r3, #0
 272 0114 03D1     		bne	.L14
 273              		.loc 1 56 0 is_stmt 0 discriminator 1
 274 0116 3821     		movs	r1, #56
ARM GAS  G:\Users\Jaxb\AppData\Local\Temp\cczJLBPC.s 			page 7


 275 0118 0648     		ldr	r0, .L16
 276 011a FFF7FEFF 		bl	_ASSERT
 277              	.L14:
  57:../../source/src/kernel/OS_CORE/schedule/os_delay.c **** 	return heap_push(&delay_heap,&TCB_ptr);
 278              		.loc 1 57 0 is_stmt 1
 279 011e 3B1D     		adds	r3, r7, #4
 280 0120 1946     		mov	r1, r3
 281 0122 0548     		ldr	r0, .L16+4
 282 0124 FFF7FEFF 		bl	heap_push
 283 0128 0346     		mov	r3, r0
  58:../../source/src/kernel/OS_CORE/schedule/os_delay.c **** }
 284              		.loc 1 58 0
 285 012a 1846     		mov	r0, r3
 286 012c 0837     		adds	r7, r7, #8
 287              	.LCFI17:
 288              		.cfi_def_cfa_offset 8
 289 012e BD46     		mov	sp, r7
 290              	.LCFI18:
 291              		.cfi_def_cfa_register 13
 292              		@ sp needed
 293 0130 80BD     		pop	{r7, pc}
 294              	.L17:
 295 0132 00BF     		.align	2
 296              	.L16:
 297 0134 2C000000 		.word	.LC1
 298 0138 00000000 		.word	delay_heap
 299              		.cfi_endproc
 300              	.LFE16:
 301              		.size	_insert_into_delay_heap, .-_insert_into_delay_heap
 302              		.align	1
 303              		.global	_remove_from_delay_heap
 304              		.syntax unified
 305              		.thumb
 306              		.thumb_func
 307              		.fpu softvfp
 308              		.type	_remove_from_delay_heap, %function
 309              	_remove_from_delay_heap:
 310              	.LFB17:
  59:../../source/src/kernel/OS_CORE/schedule/os_delay.c **** 
  60:../../source/src/kernel/OS_CORE/schedule/os_delay.c **** int _remove_from_delay_heap(TCB *TCB_ptr)
  61:../../source/src/kernel/OS_CORE/schedule/os_delay.c **** {
 311              		.loc 1 61 0
 312              		.cfi_startproc
 313              		@ args = 0, pretend = 0, frame = 24
 314              		@ frame_needed = 1, uses_anonymous_args = 0
 315 013c 80B5     		push	{r7, lr}
 316              	.LCFI19:
 317              		.cfi_def_cfa_offset 8
 318              		.cfi_offset 7, -8
 319              		.cfi_offset 14, -4
 320 013e 86B0     		sub	sp, sp, #24
 321              	.LCFI20:
 322              		.cfi_def_cfa_offset 32
 323 0140 00AF     		add	r7, sp, #0
 324              	.LCFI21:
 325              		.cfi_def_cfa_register 7
 326 0142 7860     		str	r0, [r7, #4]
ARM GAS  G:\Users\Jaxb\AppData\Local\Temp\cczJLBPC.s 			page 8


  62:../../source/src/kernel/OS_CORE/schedule/os_delay.c **** 	ASSERT(NULL != TCB_ptr);
 327              		.loc 1 62 0
 328 0144 7B68     		ldr	r3, [r7, #4]
 329 0146 002B     		cmp	r3, #0
 330 0148 03D1     		bne	.L19
 331              		.loc 1 62 0 is_stmt 0 discriminator 1
 332 014a 3E21     		movs	r1, #62
 333 014c 1948     		ldr	r0, .L26
 334 014e FFF7FEFF 		bl	_ASSERT
 335              	.L19:
  63:../../source/src/kernel/OS_CORE/schedule/os_delay.c **** 	TCB *TCB_ptr_buffer;
  64:../../source/src/kernel/OS_CORE/schedule/os_delay.c **** 	int i;
  65:../../source/src/kernel/OS_CORE/schedule/os_delay.c **** 	int ret;
  66:../../source/src/kernel/OS_CORE/schedule/os_delay.c **** 	int len = heap_get_cur_len(&delay_heap);
 336              		.loc 1 66 0 is_stmt 1
 337 0152 1948     		ldr	r0, .L26+4
 338 0154 FFF7FEFF 		bl	heap_get_cur_len
 339 0158 0346     		mov	r3, r0
 340 015a 3B61     		str	r3, [r7, #16]
  67:../../source/src/kernel/OS_CORE/schedule/os_delay.c **** 	for(i=1;i<len;++i) /* check from first to the end*/
 341              		.loc 1 67 0
 342 015c 0123     		movs	r3, #1
 343 015e 7B61     		str	r3, [r7, #20]
 344 0160 1EE0     		b	.L20
 345              	.L24:
  68:../../source/src/kernel/OS_CORE/schedule/os_delay.c **** 	{
  69:../../source/src/kernel/OS_CORE/schedule/os_delay.c **** 		heap_get_index_data(&delay_heap,&TCB_ptr_buffer,i);
 346              		.loc 1 69 0
 347 0162 7A69     		ldr	r2, [r7, #20]
 348 0164 07F10803 		add	r3, r7, #8
 349 0168 1946     		mov	r1, r3
 350 016a 1348     		ldr	r0, .L26+4
 351 016c FFF7FEFF 		bl	heap_get_index_data
  70:../../source/src/kernel/OS_CORE/schedule/os_delay.c **** 		if(TCB_ptr == TCB_ptr_buffer)
 352              		.loc 1 70 0
 353 0170 BB68     		ldr	r3, [r7, #8]
 354 0172 7A68     		ldr	r2, [r7, #4]
 355 0174 9A42     		cmp	r2, r3
 356 0176 10D1     		bne	.L21
  71:../../source/src/kernel/OS_CORE/schedule/os_delay.c **** 		{
  72:../../source/src/kernel/OS_CORE/schedule/os_delay.c **** 			ret = heap_remove_index_data(&delay_heap,i,NULL);
 357              		.loc 1 72 0
 358 0178 7B69     		ldr	r3, [r7, #20]
 359 017a 0022     		movs	r2, #0
 360 017c 1946     		mov	r1, r3
 361 017e 0E48     		ldr	r0, .L26+4
 362 0180 FFF7FEFF 		bl	heap_remove_index_data
 363 0184 F860     		str	r0, [r7, #12]
  73:../../source/src/kernel/OS_CORE/schedule/os_delay.c **** 			if(0 != ret)
 364              		.loc 1 73 0
 365 0186 FB68     		ldr	r3, [r7, #12]
 366 0188 002B     		cmp	r3, #0
 367 018a 01D0     		beq	.L22
  74:../../source/src/kernel/OS_CORE/schedule/os_delay.c **** 			{
  75:../../source/src/kernel/OS_CORE/schedule/os_delay.c **** 				return ret;
 368              		.loc 1 75 0
 369 018c FB68     		ldr	r3, [r7, #12]
ARM GAS  G:\Users\Jaxb\AppData\Local\Temp\cczJLBPC.s 			page 9


 370 018e 0DE0     		b	.L25
 371              	.L22:
  76:../../source/src/kernel/OS_CORE/schedule/os_delay.c **** 			}
  77:../../source/src/kernel/OS_CORE/schedule/os_delay.c **** 			_insert_ready_TCB(TCB_ptr);
 372              		.loc 1 77 0
 373 0190 7868     		ldr	r0, [r7, #4]
 374 0192 FFF7FEFF 		bl	_insert_ready_TCB
  78:../../source/src/kernel/OS_CORE/schedule/os_delay.c **** 			return FUN_EXECUTE_SUCCESSFULLY;
 375              		.loc 1 78 0
 376 0196 0023     		movs	r3, #0
 377 0198 08E0     		b	.L25
 378              	.L21:
  67:../../source/src/kernel/OS_CORE/schedule/os_delay.c **** 	{
 379              		.loc 1 67 0 discriminator 2
 380 019a 7B69     		ldr	r3, [r7, #20]
 381 019c 0133     		adds	r3, r3, #1
 382 019e 7B61     		str	r3, [r7, #20]
 383              	.L20:
  67:../../source/src/kernel/OS_CORE/schedule/os_delay.c **** 	{
 384              		.loc 1 67 0 is_stmt 0 discriminator 1
 385 01a0 7A69     		ldr	r2, [r7, #20]
 386 01a2 3B69     		ldr	r3, [r7, #16]
 387 01a4 9A42     		cmp	r2, r3
 388 01a6 DCDB     		blt	.L24
  79:../../source/src/kernel/OS_CORE/schedule/os_delay.c **** 		}
  80:../../source/src/kernel/OS_CORE/schedule/os_delay.c **** 	}
  81:../../source/src/kernel/OS_CORE/schedule/os_delay.c **** 	return -ERROR_VALUELESS_INPUT;
 389              		.loc 1 81 0 is_stmt 1
 390 01a8 6FF0FD03 		mvn	r3, #253
 391              	.L25:
  82:../../source/src/kernel/OS_CORE/schedule/os_delay.c **** }
 392              		.loc 1 82 0 discriminator 1
 393 01ac 1846     		mov	r0, r3
 394 01ae 1837     		adds	r7, r7, #24
 395              	.LCFI22:
 396              		.cfi_def_cfa_offset 8
 397 01b0 BD46     		mov	sp, r7
 398              	.LCFI23:
 399              		.cfi_def_cfa_register 13
 400              		@ sp needed
 401 01b2 80BD     		pop	{r7, pc}
 402              	.L27:
 403              		.align	2
 404              	.L26:
 405 01b4 2C000000 		.word	.LC1
 406 01b8 00000000 		.word	delay_heap
 407              		.cfi_endproc
 408              	.LFE17:
 409              		.size	_remove_from_delay_heap, .-_remove_from_delay_heap
 410              		.align	1
 411              		.global	_delay_heap_get_top_TCB
 412              		.syntax unified
 413              		.thumb
 414              		.thumb_func
 415              		.fpu softvfp
 416              		.type	_delay_heap_get_top_TCB, %function
 417              	_delay_heap_get_top_TCB:
ARM GAS  G:\Users\Jaxb\AppData\Local\Temp\cczJLBPC.s 			page 10


 418              	.LFB18:
  83:../../source/src/kernel/OS_CORE/schedule/os_delay.c **** 
  84:../../source/src/kernel/OS_CORE/schedule/os_delay.c **** TCB* _delay_heap_get_top_TCB(void)
  85:../../source/src/kernel/OS_CORE/schedule/os_delay.c **** {
 419              		.loc 1 85 0
 420              		.cfi_startproc
 421              		@ args = 0, pretend = 0, frame = 8
 422              		@ frame_needed = 1, uses_anonymous_args = 0
 423 01bc 80B5     		push	{r7, lr}
 424              	.LCFI24:
 425              		.cfi_def_cfa_offset 8
 426              		.cfi_offset 7, -8
 427              		.cfi_offset 14, -4
 428 01be 82B0     		sub	sp, sp, #8
 429              	.LCFI25:
 430              		.cfi_def_cfa_offset 16
 431 01c0 00AF     		add	r7, sp, #0
 432              	.LCFI26:
 433              		.cfi_def_cfa_register 7
  86:../../source/src/kernel/OS_CORE/schedule/os_delay.c **** 	TCB *TCB_ptr;
  87:../../source/src/kernel/OS_CORE/schedule/os_delay.c **** 	if(0 != heap_get_top_safe(&delay_heap,&TCB_ptr))
 434              		.loc 1 87 0
 435 01c2 3B1D     		adds	r3, r7, #4
 436 01c4 0122     		movs	r2, #1
 437 01c6 1946     		mov	r1, r3
 438 01c8 0648     		ldr	r0, .L32
 439 01ca FFF7FEFF 		bl	heap_get_index_data_safe
 440 01ce 0346     		mov	r3, r0
 441 01d0 002B     		cmp	r3, #0
 442 01d2 01D0     		beq	.L29
  88:../../source/src/kernel/OS_CORE/schedule/os_delay.c **** 	{
  89:../../source/src/kernel/OS_CORE/schedule/os_delay.c **** 		return NULL;
 443              		.loc 1 89 0
 444 01d4 0023     		movs	r3, #0
 445 01d6 00E0     		b	.L31
 446              	.L29:
  90:../../source/src/kernel/OS_CORE/schedule/os_delay.c **** 	}
  91:../../source/src/kernel/OS_CORE/schedule/os_delay.c **** 	return TCB_ptr;
 447              		.loc 1 91 0
 448 01d8 7B68     		ldr	r3, [r7, #4]
 449              	.L31:
  92:../../source/src/kernel/OS_CORE/schedule/os_delay.c **** }
 450              		.loc 1 92 0 discriminator 1
 451 01da 1846     		mov	r0, r3
 452 01dc 0837     		adds	r7, r7, #8
 453              	.LCFI27:
 454              		.cfi_def_cfa_offset 8
 455 01de BD46     		mov	sp, r7
 456              	.LCFI28:
 457              		.cfi_def_cfa_register 13
 458              		@ sp needed
 459 01e0 80BD     		pop	{r7, pc}
 460              	.L33:
 461 01e2 00BF     		.align	2
 462              	.L32:
 463 01e4 00000000 		.word	delay_heap
 464              		.cfi_endproc
ARM GAS  G:\Users\Jaxb\AppData\Local\Temp\cczJLBPC.s 			page 11


 465              	.LFE18:
 466              		.size	_delay_heap_get_top_TCB, .-_delay_heap_get_top_TCB
 467              		.align	1
 468              		.global	_delay_heap_remove_top_TCB
 469              		.syntax unified
 470              		.thumb
 471              		.thumb_func
 472              		.fpu softvfp
 473              		.type	_delay_heap_remove_top_TCB, %function
 474              	_delay_heap_remove_top_TCB:
 475              	.LFB19:
  93:../../source/src/kernel/OS_CORE/schedule/os_delay.c **** 
  94:../../source/src/kernel/OS_CORE/schedule/os_delay.c **** TCB* _delay_heap_remove_top_TCB(void)
  95:../../source/src/kernel/OS_CORE/schedule/os_delay.c **** {
 476              		.loc 1 95 0
 477              		.cfi_startproc
 478              		@ args = 0, pretend = 0, frame = 8
 479              		@ frame_needed = 1, uses_anonymous_args = 0
 480 01e8 80B5     		push	{r7, lr}
 481              	.LCFI29:
 482              		.cfi_def_cfa_offset 8
 483              		.cfi_offset 7, -8
 484              		.cfi_offset 14, -4
 485 01ea 82B0     		sub	sp, sp, #8
 486              	.LCFI30:
 487              		.cfi_def_cfa_offset 16
 488 01ec 00AF     		add	r7, sp, #0
 489              	.LCFI31:
 490              		.cfi_def_cfa_register 7
  96:../../source/src/kernel/OS_CORE/schedule/os_delay.c **** 	TCB *TCB_ptr;
  97:../../source/src/kernel/OS_CORE/schedule/os_delay.c **** 	if(0 != heap_remove_top(&delay_heap,&TCB_ptr))
 491              		.loc 1 97 0
 492 01ee 3B1D     		adds	r3, r7, #4
 493 01f0 1A46     		mov	r2, r3
 494 01f2 0121     		movs	r1, #1
 495 01f4 0648     		ldr	r0, .L38
 496 01f6 FFF7FEFF 		bl	heap_remove_index_data
 497 01fa 0346     		mov	r3, r0
 498 01fc 002B     		cmp	r3, #0
 499 01fe 01D0     		beq	.L35
  98:../../source/src/kernel/OS_CORE/schedule/os_delay.c **** 	{
  99:../../source/src/kernel/OS_CORE/schedule/os_delay.c **** 		return NULL;
 500              		.loc 1 99 0
 501 0200 0023     		movs	r3, #0
 502 0202 00E0     		b	.L37
 503              	.L35:
 100:../../source/src/kernel/OS_CORE/schedule/os_delay.c **** 	}
 101:../../source/src/kernel/OS_CORE/schedule/os_delay.c **** 	return TCB_ptr;
 504              		.loc 1 101 0
 505 0204 7B68     		ldr	r3, [r7, #4]
 506              	.L37:
 102:../../source/src/kernel/OS_CORE/schedule/os_delay.c **** }
 507              		.loc 1 102 0 discriminator 1
 508 0206 1846     		mov	r0, r3
 509 0208 0837     		adds	r7, r7, #8
 510              	.LCFI32:
 511              		.cfi_def_cfa_offset 8
ARM GAS  G:\Users\Jaxb\AppData\Local\Temp\cczJLBPC.s 			page 12


 512 020a BD46     		mov	sp, r7
 513              	.LCFI33:
 514              		.cfi_def_cfa_register 13
 515              		@ sp needed
 516 020c 80BD     		pop	{r7, pc}
 517              	.L39:
 518 020e 00BF     		.align	2
 519              	.L38:
 520 0210 00000000 		.word	delay_heap
 521              		.cfi_endproc
 522              	.LFE19:
 523              		.size	_delay_heap_remove_top_TCB, .-_delay_heap_remove_top_TCB
 524              		.section	.rodata
 525              		.align	2
 526              	.LC2:
 527 0060 6E6F7720 		.ascii	"now start checking delay_heap\012\000"
 527      73746172 
 527      74206368 
 527      65636B69 
 527      6E672064 
 528 007f 00       		.align	2
 529              	.LC3:
 530 0080 68656170 		.ascii	"heap member %u has incorrect position with member %"
 530      206D656D 
 530      62657220 
 530      25752068 
 530      61732069 
 531 00b3 750A00   		.ascii	"u\012\000"
 532 00b6 0000     		.align	2
 533              	.LC4:
 534 00b8 64656C61 		.ascii	"delay_heap check complete\012\000"
 534      795F6865 
 534      61702063 
 534      6865636B 
 534      20636F6D 
 535              		.text
 536              		.align	1
 537              		.global	shell_delay_heap_check
 538              		.syntax unified
 539              		.thumb
 540              		.thumb_func
 541              		.fpu softvfp
 542              		.type	shell_delay_heap_check, %function
 543              	shell_delay_heap_check:
 544              	.LFB20:
 103:../../source/src/kernel/OS_CORE/schedule/os_delay.c **** 
 104:../../source/src/kernel/OS_CORE/schedule/os_delay.c **** #if CONFIG_SHELL_EN
 105:../../source/src/kernel/OS_CORE/schedule/os_delay.c **** void shell_delay_heap_check(void)
 106:../../source/src/kernel/OS_CORE/schedule/os_delay.c **** {
 545              		.loc 1 106 0
 546              		.cfi_startproc
 547              		@ args = 0, pretend = 0, frame = 16
 548              		@ frame_needed = 1, uses_anonymous_args = 0
 549 0214 2DE99048 		push	{r4, r7, fp, lr}
 550              	.LCFI34:
 551              		.cfi_def_cfa_offset 16
 552              		.cfi_offset 4, -16
ARM GAS  G:\Users\Jaxb\AppData\Local\Temp\cczJLBPC.s 			page 13


 553              		.cfi_offset 7, -12
 554              		.cfi_offset 11, -8
 555              		.cfi_offset 14, -4
 556 0218 84B0     		sub	sp, sp, #16
 557              	.LCFI35:
 558              		.cfi_def_cfa_offset 32
 559 021a 00AF     		add	r7, sp, #0
 560              	.LCFI36:
 561              		.cfi_def_cfa_register 7
 107:../../source/src/kernel/OS_CORE/schedule/os_delay.c **** 	TCB *TCB_ptr1,*TCB_ptr2;
 108:../../source/src/kernel/OS_CORE/schedule/os_delay.c **** 	unsigned int len;
 109:../../source/src/kernel/OS_CORE/schedule/os_delay.c **** 	unsigned int i;
 110:../../source/src/kernel/OS_CORE/schedule/os_delay.c **** 	len = heap_get_cur_len(&delay_heap);
 562              		.loc 1 110 0
 563 021c 2248     		ldr	r0, .L44
 564 021e FFF7FEFF 		bl	heap_get_cur_len
 565 0222 B860     		str	r0, [r7, #8]
 111:../../source/src/kernel/OS_CORE/schedule/os_delay.c **** 	ka_printf("now start checking delay_heap\n");
 566              		.loc 1 111 0
 567 0224 2148     		ldr	r0, .L44+4
 568 0226 FFF7FEFF 		bl	ka_printf
 112:../../source/src/kernel/OS_CORE/schedule/os_delay.c **** 	for(i=len-1;i>0;--i)
 569              		.loc 1 112 0
 570 022a BB68     		ldr	r3, [r7, #8]
 571 022c 013B     		subs	r3, r3, #1
 572 022e FB60     		str	r3, [r7, #12]
 573 0230 2EE0     		b	.L41
 574              	.L43:
 113:../../source/src/kernel/OS_CORE/schedule/os_delay.c **** 	{
 114:../../source/src/kernel/OS_CORE/schedule/os_delay.c **** 		heap_get_index_data(&delay_heap,&TCB_ptr1,i);
 575              		.loc 1 114 0
 576 0232 3B1D     		adds	r3, r7, #4
 577 0234 FA68     		ldr	r2, [r7, #12]
 578 0236 1946     		mov	r1, r3
 579 0238 1B48     		ldr	r0, .L44
 580 023a FFF7FEFF 		bl	heap_get_index_data
 115:../../source/src/kernel/OS_CORE/schedule/os_delay.c **** 		heap_get_index_data(&delay_heap,&TCB_ptr2,i/2);
 581              		.loc 1 115 0
 582 023e FB68     		ldr	r3, [r7, #12]
 583 0240 5A08     		lsrs	r2, r3, #1
 584 0242 3B46     		mov	r3, r7
 585 0244 1946     		mov	r1, r3
 586 0246 1848     		ldr	r0, .L44
 587 0248 FFF7FEFF 		bl	heap_get_index_data
 116:../../source/src/kernel/OS_CORE/schedule/os_delay.c **** 		if(TIME_FIRST_SMALLER_THAN_SECOND(TCB_ptr1->delay_reach_time,TCB_ptr2->delay_reach_time))
 588              		.loc 1 116 0
 589 024c 7B68     		ldr	r3, [r7, #4]
 590 024e 03F14004 		add	r4, r3, #64
 591 0252 D4E90034 		ldrd	r3, [r4]
 592 0256 1946     		mov	r1, r3
 593 0258 2246     		mov	r2, r4
 594 025a 3B68     		ldr	r3, [r7]
 595 025c 03F14004 		add	r4, r3, #64
 596 0260 D4E90034 		ldrd	r3, [r4]
 597 0264 9B46     		mov	fp, r3
 598 0266 A446     		mov	ip, r4
 599 0268 0B46     		mov	r3, r1
ARM GAS  G:\Users\Jaxb\AppData\Local\Temp\cczJLBPC.s 			page 14


 600 026a 1446     		mov	r4, r2
 601 026c B3EB0B03 		subs	r3, r3, fp
 602 0270 64EB0C04 		sbc	r4, r4, ip
 603 0274 002B     		cmp	r3, #0
 604 0276 74F10003 		sbcs	r3, r4, #0
 605 027a 06DA     		bge	.L42
 117:../../source/src/kernel/OS_CORE/schedule/os_delay.c **** 		{
 118:../../source/src/kernel/OS_CORE/schedule/os_delay.c **** 			ka_printf("heap member %u has incorrect position with member %u\n",i,i/2);
 606              		.loc 1 118 0
 607 027c FB68     		ldr	r3, [r7, #12]
 608 027e 5B08     		lsrs	r3, r3, #1
 609 0280 1A46     		mov	r2, r3
 610 0282 F968     		ldr	r1, [r7, #12]
 611 0284 0A48     		ldr	r0, .L44+8
 612 0286 FFF7FEFF 		bl	ka_printf
 613              	.L42:
 112:../../source/src/kernel/OS_CORE/schedule/os_delay.c **** 	{
 614              		.loc 1 112 0 discriminator 2
 615 028a FB68     		ldr	r3, [r7, #12]
 616 028c 013B     		subs	r3, r3, #1
 617 028e FB60     		str	r3, [r7, #12]
 618              	.L41:
 112:../../source/src/kernel/OS_CORE/schedule/os_delay.c **** 	{
 619              		.loc 1 112 0 is_stmt 0 discriminator 1
 620 0290 FB68     		ldr	r3, [r7, #12]
 621 0292 002B     		cmp	r3, #0
 622 0294 CDD1     		bne	.L43
 119:../../source/src/kernel/OS_CORE/schedule/os_delay.c **** 		}
 120:../../source/src/kernel/OS_CORE/schedule/os_delay.c **** 	}
 121:../../source/src/kernel/OS_CORE/schedule/os_delay.c **** 	ka_printf("delay_heap check complete\n");
 623              		.loc 1 121 0 is_stmt 1
 624 0296 0748     		ldr	r0, .L44+12
 625 0298 FFF7FEFF 		bl	ka_printf
 122:../../source/src/kernel/OS_CORE/schedule/os_delay.c **** }
 626              		.loc 1 122 0
 627 029c 00BF     		nop
 628 029e 1037     		adds	r7, r7, #16
 629              	.LCFI37:
 630              		.cfi_def_cfa_offset 16
 631 02a0 BD46     		mov	sp, r7
 632              	.LCFI38:
 633              		.cfi_def_cfa_register 13
 634              		@ sp needed
 635 02a2 BDE89088 		pop	{r4, r7, fp, pc}
 636              	.L45:
 637 02a6 00BF     		.align	2
 638              	.L44:
 639 02a8 00000000 		.word	delay_heap
 640 02ac 60000000 		.word	.LC2
 641 02b0 80000000 		.word	.LC3
 642 02b4 B8000000 		.word	.LC4
 643              		.cfi_endproc
 644              	.LFE20:
 645              		.size	shell_delay_heap_check, .-shell_delay_heap_check
 646              	.Letext0:
 647              		.file 2 "../../source/include/os_lib/vector.h"
 648              		.file 3 "../../source/include/os_lib/heap_oo.h"
ARM GAS  G:\Users\Jaxb\AppData\Local\Temp\cczJLBPC.s 			page 15


 649              		.file 4 "../../source/include/os_cpu/kakaosstdint.h"
 650              		.file 5 "../../source/include/os_lib/double_linked_list.h"
 651              		.file 6 "../../source/include/os_core/task_state.h"
 652              		.file 7 "../../source/include/os_core/TCB.h"
 653              		.section	.debug_info,"",%progbits
 654              	.Ldebug_info0:
 655 0000 25050000 		.4byte	0x525
 656 0004 0200     		.2byte	0x2
 657 0006 00000000 		.4byte	.Ldebug_abbrev0
 658 000a 04       		.byte	0x4
 659 000b 01       		.uleb128 0x1
 660 000c AB030000 		.4byte	.LASF66
 661 0010 0C       		.byte	0xc
 662 0011 58020000 		.4byte	.LASF67
 663 0015 D6040000 		.4byte	.LASF68
 664 0019 00000000 		.4byte	.Ltext0
 665 001d B8020000 		.4byte	.Letext0
 666 0021 00000000 		.4byte	.Ldebug_line0
 667 0025 02       		.uleb128 0x2
 668 0026 26030000 		.4byte	.LASF5
 669 002a 14       		.byte	0x14
 670 002b 02       		.byte	0x2
 671 002c 08       		.byte	0x8
 672 002d 78000000 		.4byte	0x78
 673 0031 03       		.uleb128 0x3
 674 0032 35020000 		.4byte	.LASF0
 675 0036 02       		.byte	0x2
 676 0037 0A       		.byte	0xa
 677 0038 78000000 		.4byte	0x78
 678 003c 02       		.byte	0x2
 679 003d 23       		.byte	0x23
 680 003e 00       		.uleb128 0
 681 003f 03       		.uleb128 0x3
 682 0040 22020000 		.4byte	.LASF1
 683 0044 02       		.byte	0x2
 684 0045 0B       		.byte	0xb
 685 0046 7A000000 		.4byte	0x7a
 686 004a 02       		.byte	0x2
 687 004b 23       		.byte	0x23
 688 004c 04       		.uleb128 0x4
 689 004d 03       		.uleb128 0x3
 690 004e EE010000 		.4byte	.LASF2
 691 0052 02       		.byte	0x2
 692 0053 0C       		.byte	0xc
 693 0054 7A000000 		.4byte	0x7a
 694 0058 02       		.byte	0x2
 695 0059 23       		.byte	0x23
 696 005a 08       		.uleb128 0x8
 697 005b 03       		.uleb128 0x3
 698 005c C3000000 		.4byte	.LASF3
 699 0060 02       		.byte	0x2
 700 0061 0D       		.byte	0xd
 701 0062 7A000000 		.4byte	0x7a
 702 0066 02       		.byte	0x2
 703 0067 23       		.byte	0x23
 704 0068 0C       		.uleb128 0xc
 705 0069 03       		.uleb128 0x3
ARM GAS  G:\Users\Jaxb\AppData\Local\Temp\cczJLBPC.s 			page 16


 706 006a 5B030000 		.4byte	.LASF4
 707 006e 02       		.byte	0x2
 708 006f 13       		.byte	0x13
 709 0070 7A000000 		.4byte	0x7a
 710 0074 02       		.byte	0x2
 711 0075 23       		.byte	0x23
 712 0076 10       		.uleb128 0x10
 713 0077 00       		.byte	0
 714 0078 04       		.uleb128 0x4
 715 0079 04       		.byte	0x4
 716 007a 05       		.uleb128 0x5
 717 007b 04       		.byte	0x4
 718 007c 07       		.byte	0x7
 719 007d CD000000 		.4byte	.LASF9
 720 0081 06       		.uleb128 0x6
 721 0082 BD020000 		.4byte	.LASF12
 722 0086 02       		.byte	0x2
 723 0087 14       		.byte	0x14
 724 0088 25000000 		.4byte	0x25
 725 008c 02       		.uleb128 0x2
 726 008d F2000000 		.4byte	.LASF6
 727 0091 1C       		.byte	0x1c
 728 0092 03       		.byte	0x3
 729 0093 0A       		.byte	0xa
 730 0094 C3000000 		.4byte	0xc3
 731 0098 03       		.uleb128 0x3
 732 0099 5A010000 		.4byte	.LASF7
 733 009d 03       		.byte	0x3
 734 009e 0D       		.byte	0xd
 735 009f 81000000 		.4byte	0x81
 736 00a3 02       		.byte	0x2
 737 00a4 23       		.byte	0x23
 738 00a5 00       		.uleb128 0
 739 00a6 07       		.uleb128 0x7
 740 00a7 636D7000 		.ascii	"cmp\000"
 741 00ab 03       		.byte	0x3
 742 00ac 0F       		.byte	0xf
 743 00ad EF000000 		.4byte	0xef
 744 00b1 02       		.byte	0x2
 745 00b2 23       		.byte	0x23
 746 00b3 14       		.uleb128 0x14
 747 00b4 03       		.uleb128 0x3
 748 00b5 30000000 		.4byte	.LASF8
 749 00b9 03       		.byte	0x3
 750 00ba 11       		.byte	0x11
 751 00bb 06010000 		.4byte	0x106
 752 00bf 02       		.byte	0x2
 753 00c0 23       		.byte	0x23
 754 00c1 18       		.uleb128 0x18
 755 00c2 00       		.byte	0
 756 00c3 08       		.uleb128 0x8
 757 00c4 01       		.byte	0x1
 758 00c5 DD000000 		.4byte	0xdd
 759 00c9 DD000000 		.4byte	0xdd
 760 00cd 09       		.uleb128 0x9
 761 00ce E9000000 		.4byte	0xe9
 762 00d2 09       		.uleb128 0x9
ARM GAS  G:\Users\Jaxb\AppData\Local\Temp\cczJLBPC.s 			page 17


 763 00d3 7A000000 		.4byte	0x7a
 764 00d7 09       		.uleb128 0x9
 765 00d8 7A000000 		.4byte	0x7a
 766 00dc 00       		.byte	0
 767 00dd 0A       		.uleb128 0xa
 768 00de 04       		.byte	0x4
 769 00df 05       		.byte	0x5
 770 00e0 696E7400 		.ascii	"int\000"
 771 00e4 0B       		.uleb128 0xb
 772 00e5 DD000000 		.4byte	0xdd
 773 00e9 0C       		.uleb128 0xc
 774 00ea 04       		.byte	0x4
 775 00eb 81000000 		.4byte	0x81
 776 00ef 0C       		.uleb128 0xc
 777 00f0 04       		.byte	0x4
 778 00f1 C3000000 		.4byte	0xc3
 779 00f5 0D       		.uleb128 0xd
 780 00f6 01       		.byte	0x1
 781 00f7 06010000 		.4byte	0x106
 782 00fb 09       		.uleb128 0x9
 783 00fc E9000000 		.4byte	0xe9
 784 0100 09       		.uleb128 0x9
 785 0101 DD000000 		.4byte	0xdd
 786 0105 00       		.byte	0
 787 0106 0C       		.uleb128 0xc
 788 0107 04       		.byte	0x4
 789 0108 F5000000 		.4byte	0xf5
 790 010c 05       		.uleb128 0x5
 791 010d 01       		.byte	0x1
 792 010e 06       		.byte	0x6
 793 010f 6D040000 		.4byte	.LASF10
 794 0113 05       		.uleb128 0x5
 795 0114 02       		.byte	0x2
 796 0115 05       		.byte	0x5
 797 0116 6C030000 		.4byte	.LASF11
 798 011a 06       		.uleb128 0x6
 799 011b 54010000 		.4byte	.LASF13
 800 011f 04       		.byte	0x4
 801 0120 08       		.byte	0x8
 802 0121 25010000 		.4byte	0x125
 803 0125 05       		.uleb128 0x5
 804 0126 08       		.byte	0x8
 805 0127 05       		.byte	0x5
 806 0128 0D030000 		.4byte	.LASF14
 807 012c 05       		.uleb128 0x5
 808 012d 01       		.byte	0x1
 809 012e 08       		.byte	0x8
 810 012f 67010000 		.4byte	.LASF15
 811 0133 05       		.uleb128 0x5
 812 0134 02       		.byte	0x2
 813 0135 07       		.byte	0x7
 814 0136 99010000 		.4byte	.LASF16
 815 013a 06       		.uleb128 0x6
 816 013b 3E030000 		.4byte	.LASF17
 817 013f 04       		.byte	0x4
 818 0140 0C       		.byte	0xc
 819 0141 7A000000 		.4byte	0x7a
ARM GAS  G:\Users\Jaxb\AppData\Local\Temp\cczJLBPC.s 			page 18


 820 0145 06       		.uleb128 0x6
 821 0146 92010000 		.4byte	.LASF18
 822 014a 04       		.byte	0x4
 823 014b 0D       		.byte	0xd
 824 014c 50010000 		.4byte	0x150
 825 0150 05       		.uleb128 0x5
 826 0151 08       		.byte	0x8
 827 0152 07       		.byte	0x7
 828 0153 8C020000 		.4byte	.LASF19
 829 0157 02       		.uleb128 0x2
 830 0158 03030000 		.4byte	.LASF20
 831 015c 08       		.byte	0x8
 832 015d 05       		.byte	0x5
 833 015e 04       		.byte	0x4
 834 015f 80010000 		.4byte	0x180
 835 0163 03       		.uleb128 0x3
 836 0164 10000000 		.4byte	.LASF21
 837 0168 05       		.byte	0x5
 838 0169 05       		.byte	0x5
 839 016a 80010000 		.4byte	0x180
 840 016e 02       		.byte	0x2
 841 016f 23       		.byte	0x23
 842 0170 00       		.uleb128 0
 843 0171 03       		.uleb128 0x3
 844 0172 D1040000 		.4byte	.LASF22
 845 0176 05       		.byte	0x5
 846 0177 05       		.byte	0x5
 847 0178 80010000 		.4byte	0x180
 848 017c 02       		.byte	0x2
 849 017d 23       		.byte	0x23
 850 017e 04       		.uleb128 0x4
 851 017f 00       		.byte	0
 852 0180 0C       		.uleb128 0xc
 853 0181 04       		.byte	0x4
 854 0182 57010000 		.4byte	0x157
 855 0186 0E       		.uleb128 0xe
 856 0187 B2020000 		.4byte	.LASF69
 857 018b 07       		.byte	0x7
 858 018c 01       		.byte	0x1
 859 018d 2C010000 		.4byte	0x12c
 860 0191 06       		.byte	0x6
 861 0192 04       		.byte	0x4
 862 0193 D4010000 		.4byte	0x1d4
 863 0197 0F       		.uleb128 0xf
 864 0198 3B010000 		.4byte	.LASF23
 865 019c 01       		.byte	0x1
 866 019d 0F       		.uleb128 0xf
 867 019e 15000000 		.4byte	.LASF24
 868 01a2 02       		.byte	0x2
 869 01a3 0F       		.uleb128 0xf
 870 01a4 99040000 		.4byte	.LASF25
 871 01a8 03       		.byte	0x3
 872 01a9 0F       		.uleb128 0xf
 873 01aa D7010000 		.4byte	.LASF26
 874 01ae 04       		.byte	0x4
 875 01af 0F       		.uleb128 0xf
 876 01b0 56040000 		.4byte	.LASF27
ARM GAS  G:\Users\Jaxb\AppData\Local\Temp\cczJLBPC.s 			page 19


 877 01b4 05       		.byte	0x5
 878 01b5 0F       		.uleb128 0xf
 879 01b6 1A010000 		.4byte	.LASF28
 880 01ba 06       		.byte	0x6
 881 01bb 0F       		.uleb128 0xf
 882 01bc AC010000 		.4byte	.LASF29
 883 01c0 07       		.byte	0x7
 884 01c1 0F       		.uleb128 0xf
 885 01c2 79040000 		.4byte	.LASF30
 886 01c6 08       		.byte	0x8
 887 01c7 0F       		.uleb128 0xf
 888 01c8 75000000 		.4byte	.LASF31
 889 01cc 09       		.byte	0x9
 890 01cd 0F       		.uleb128 0xf
 891 01ce C4020000 		.4byte	.LASF32
 892 01d2 0A       		.byte	0xa
 893 01d3 00       		.byte	0
 894 01d4 06       		.uleb128 0x6
 895 01d5 2A020000 		.4byte	.LASF33
 896 01d9 06       		.byte	0x6
 897 01da 0F       		.byte	0xf
 898 01db 86010000 		.4byte	0x186
 899 01df 06       		.uleb128 0x6
 900 01e0 F8020000 		.4byte	.LASF34
 901 01e4 07       		.byte	0x7
 902 01e5 0A       		.byte	0xa
 903 01e6 7A000000 		.4byte	0x7a
 904 01ea 06       		.uleb128 0x6
 905 01eb 21000000 		.4byte	.LASF35
 906 01ef 07       		.byte	0x7
 907 01f0 0C       		.byte	0xc
 908 01f1 7A000000 		.4byte	0x7a
 909 01f5 10       		.uleb128 0x10
 910 01f6 AE040000 		.4byte	.LASF70
 911 01fa 07       		.byte	0x7
 912 01fb 13       		.byte	0x13
 913 01fc E4000000 		.4byte	0xe4
 914 0200 01       		.byte	0x1
 915 0201 01       		.byte	0x1
 916 0202 02       		.uleb128 0x2
 917 0203 3E020000 		.4byte	.LASF36
 918 0207 48       		.byte	0x48
 919 0208 07       		.byte	0x7
 920 0209 37       		.byte	0x37
 921 020a E1020000 		.4byte	0x2e1
 922 020e 03       		.uleb128 0x3
 923 020f BD000000 		.4byte	.LASF37
 924 0213 07       		.byte	0x7
 925 0214 38       		.byte	0x38
 926 0215 E1020000 		.4byte	0x2e1
 927 0219 02       		.byte	0x2
 928 021a 23       		.byte	0x23
 929 021b 00       		.uleb128 0
 930 021c 03       		.uleb128 0x3
 931 021d 1B030000 		.4byte	.LASF38
 932 0221 07       		.byte	0x7
 933 0222 39       		.byte	0x39
ARM GAS  G:\Users\Jaxb\AppData\Local\Temp\cczJLBPC.s 			page 20


 934 0223 7A000000 		.4byte	0x7a
 935 0227 02       		.byte	0x2
 936 0228 23       		.byte	0x23
 937 0229 04       		.uleb128 0x4
 938 022a 03       		.uleb128 0x3
 939 022b CD010000 		.4byte	.LASF39
 940 022f 07       		.byte	0x7
 941 0230 3A       		.byte	0x3a
 942 0231 E1020000 		.4byte	0x2e1
 943 0235 02       		.byte	0x2
 944 0236 23       		.byte	0x23
 945 0237 08       		.uleb128 0x8
 946 0238 03       		.uleb128 0x3
 947 0239 47010000 		.4byte	.LASF40
 948 023d 07       		.byte	0x7
 949 023e 3B       		.byte	0x3b
 950 023f EA010000 		.4byte	0x1ea
 951 0243 02       		.byte	0x2
 952 0244 23       		.byte	0x23
 953 0245 0C       		.uleb128 0xc
 954 0246 03       		.uleb128 0x3
 955 0247 05000000 		.4byte	.LASF41
 956 024b 07       		.byte	0x7
 957 024c 3C       		.byte	0x3c
 958 024d D4010000 		.4byte	0x1d4
 959 0251 02       		.byte	0x2
 960 0252 23       		.byte	0x23
 961 0253 10       		.uleb128 0x10
 962 0254 03       		.uleb128 0x3
 963 0255 00000000 		.4byte	.LASF42
 964 0259 07       		.byte	0x7
 965 025a 3D       		.byte	0x3d
 966 025b EA010000 		.4byte	0x1ea
 967 025f 02       		.byte	0x2
 968 0260 23       		.byte	0x23
 969 0261 14       		.uleb128 0x14
 970 0262 03       		.uleb128 0x3
 971 0263 95000000 		.4byte	.LASF43
 972 0267 07       		.byte	0x7
 973 0268 3E       		.byte	0x3e
 974 0269 DD000000 		.4byte	0xdd
 975 026d 02       		.byte	0x2
 976 026e 23       		.byte	0x23
 977 026f 18       		.uleb128 0x18
 978 0270 03       		.uleb128 0x3
 979 0271 A3020000 		.4byte	.LASF44
 980 0275 07       		.byte	0x7
 981 0276 3F       		.byte	0x3f
 982 0277 57010000 		.4byte	0x157
 983 027b 02       		.byte	0x2
 984 027c 23       		.byte	0x23
 985 027d 1C       		.uleb128 0x1c
 986 027e 03       		.uleb128 0x3
 987 027f 15020000 		.4byte	.LASF45
 988 0283 07       		.byte	0x7
 989 0284 40       		.byte	0x40
 990 0285 57010000 		.4byte	0x157
ARM GAS  G:\Users\Jaxb\AppData\Local\Temp\cczJLBPC.s 			page 21


 991 0289 02       		.byte	0x2
 992 028a 23       		.byte	0x23
 993 028b 24       		.uleb128 0x24
 994 028c 03       		.uleb128 0x3
 995 028d 2D030000 		.4byte	.LASF46
 996 0291 07       		.byte	0x7
 997 0292 41       		.byte	0x41
 998 0293 E7020000 		.4byte	0x2e7
 999 0297 02       		.byte	0x2
 1000 0298 23       		.byte	0x23
 1001 0299 2C       		.uleb128 0x2c
 1002 029a 03       		.uleb128 0x3
 1003 029b A9000000 		.4byte	.LASF47
 1004 029f 07       		.byte	0x7
 1005 02a0 42       		.byte	0x42
 1006 02a1 7A000000 		.4byte	0x7a
 1007 02a5 02       		.byte	0x2
 1008 02a6 23       		.byte	0x23
 1009 02a7 30       		.uleb128 0x30
 1010 02a8 03       		.uleb128 0x3
 1011 02a9 F6010000 		.4byte	.LASF48
 1012 02ad 07       		.byte	0x7
 1013 02ae 43       		.byte	0x43
 1014 02af 7A000000 		.4byte	0x7a
 1015 02b3 02       		.byte	0x2
 1016 02b4 23       		.byte	0x23
 1017 02b5 34       		.uleb128 0x34
 1018 02b6 03       		.uleb128 0x3
 1019 02b7 32030000 		.4byte	.LASF49
 1020 02bb 07       		.byte	0x7
 1021 02bc 44       		.byte	0x44
 1022 02bd 3A010000 		.4byte	0x13a
 1023 02c1 02       		.byte	0x2
 1024 02c2 23       		.byte	0x23
 1025 02c3 38       		.uleb128 0x38
 1026 02c4 03       		.uleb128 0x3
 1027 02c5 FE000000 		.4byte	.LASF50
 1028 02c9 07       		.byte	0x7
 1029 02ca 45       		.byte	0x45
 1030 02cb FA020000 		.4byte	0x2fa
 1031 02cf 02       		.byte	0x2
 1032 02d0 23       		.byte	0x23
 1033 02d1 3C       		.uleb128 0x3c
 1034 02d2 03       		.uleb128 0x3
 1035 02d3 C0040000 		.4byte	.LASF51
 1036 02d7 07       		.byte	0x7
 1037 02d8 46       		.byte	0x46
 1038 02d9 45010000 		.4byte	0x145
 1039 02dd 02       		.byte	0x2
 1040 02de 23       		.byte	0x23
 1041 02df 40       		.uleb128 0x40
 1042 02e0 00       		.byte	0
 1043 02e1 0C       		.uleb128 0xc
 1044 02e2 04       		.byte	0x4
 1045 02e3 DF010000 		.4byte	0x1df
 1046 02e7 0C       		.uleb128 0xc
 1047 02e8 04       		.byte	0x4
ARM GAS  G:\Users\Jaxb\AppData\Local\Temp\cczJLBPC.s 			page 22


 1048 02e9 ED020000 		.4byte	0x2ed
 1049 02ed 05       		.uleb128 0x5
 1050 02ee 01       		.byte	0x1
 1051 02ef 08       		.byte	0x8
 1052 02f0 51040000 		.4byte	.LASF52
 1053 02f4 11       		.uleb128 0x11
 1054 02f5 4C030000 		.4byte	.LASF71
 1055 02f9 01       		.byte	0x1
 1056 02fa 0C       		.uleb128 0xc
 1057 02fb 04       		.byte	0x4
 1058 02fc F4020000 		.4byte	0x2f4
 1059 0300 12       		.uleb128 0x12
 1060 0301 54434200 		.ascii	"TCB\000"
 1061 0305 07       		.byte	0x7
 1062 0306 47       		.byte	0x47
 1063 0307 02020000 		.4byte	0x202
 1064 030b 13       		.uleb128 0x13
 1065 030c 00030000 		.4byte	0x300
 1066 0310 14       		.uleb128 0x14
 1067 0311 0A020000 		.4byte	.LASF53
 1068 0315 01       		.byte	0x1
 1069 0316 0C       		.byte	0xc
 1070 0317 8C000000 		.4byte	0x8c
 1071 031b 05       		.byte	0x5
 1072 031c 03       		.byte	0x3
 1073 031d 00000000 		.4byte	delay_heap
 1074 0321 15       		.uleb128 0x15
 1075 0322 01       		.byte	0x1
 1076 0323 94030000 		.4byte	.LASF72
 1077 0327 01       		.byte	0x1
 1078 0328 69       		.byte	0x69
 1079 0329 01       		.byte	0x1
 1080 032a 14020000 		.4byte	.LFB20
 1081 032e B8020000 		.4byte	.LFE20
 1082 0332 00000000 		.4byte	.LLST7
 1083 0336 01       		.byte	0x1
 1084 0337 72030000 		.4byte	0x372
 1085 033b 14       		.uleb128 0x14
 1086 033c E9000000 		.4byte	.LASF54
 1087 0340 01       		.byte	0x1
 1088 0341 6B       		.byte	0x6b
 1089 0342 72030000 		.4byte	0x372
 1090 0346 02       		.byte	0x2
 1091 0347 91       		.byte	0x91
 1092 0348 64       		.sleb128 -28
 1093 0349 14       		.uleb128 0x14
 1094 034a 11010000 		.4byte	.LASF55
 1095 034e 01       		.byte	0x1
 1096 034f 6B       		.byte	0x6b
 1097 0350 72030000 		.4byte	0x372
 1098 0354 02       		.byte	0x2
 1099 0355 91       		.byte	0x91
 1100 0356 60       		.sleb128 -32
 1101 0357 16       		.uleb128 0x16
 1102 0358 6C656E00 		.ascii	"len\000"
 1103 035c 01       		.byte	0x1
 1104 035d 6C       		.byte	0x6c
ARM GAS  G:\Users\Jaxb\AppData\Local\Temp\cczJLBPC.s 			page 23


 1105 035e 7A000000 		.4byte	0x7a
 1106 0362 02       		.byte	0x2
 1107 0363 91       		.byte	0x91
 1108 0364 68       		.sleb128 -24
 1109 0365 16       		.uleb128 0x16
 1110 0366 6900     		.ascii	"i\000"
 1111 0368 01       		.byte	0x1
 1112 0369 6D       		.byte	0x6d
 1113 036a 7A000000 		.4byte	0x7a
 1114 036e 02       		.byte	0x2
 1115 036f 91       		.byte	0x91
 1116 0370 6C       		.sleb128 -20
 1117 0371 00       		.byte	0
 1118 0372 0C       		.uleb128 0xc
 1119 0373 04       		.byte	0x4
 1120 0374 00030000 		.4byte	0x300
 1121 0378 17       		.uleb128 0x17
 1122 0379 01       		.byte	0x1
 1123 037a DD020000 		.4byte	.LASF57
 1124 037e 01       		.byte	0x1
 1125 037f 5E       		.byte	0x5e
 1126 0380 01       		.byte	0x1
 1127 0381 72030000 		.4byte	0x372
 1128 0385 E8010000 		.4byte	.LFB19
 1129 0389 14020000 		.4byte	.LFE19
 1130 038d 50000000 		.4byte	.LLST6
 1131 0391 01       		.byte	0x1
 1132 0392 A5030000 		.4byte	0x3a5
 1133 0396 14       		.uleb128 0x14
 1134 0397 5F010000 		.4byte	.LASF56
 1135 039b 01       		.byte	0x1
 1136 039c 60       		.byte	0x60
 1137 039d 72030000 		.4byte	0x372
 1138 03a1 02       		.byte	0x2
 1139 03a2 91       		.byte	0x91
 1140 03a3 74       		.sleb128 -12
 1141 03a4 00       		.byte	0
 1142 03a5 17       		.uleb128 0x17
 1143 03a6 01       		.byte	0x1
 1144 03a7 75010000 		.4byte	.LASF58
 1145 03ab 01       		.byte	0x1
 1146 03ac 54       		.byte	0x54
 1147 03ad 01       		.byte	0x1
 1148 03ae 72030000 		.4byte	0x372
 1149 03b2 BC010000 		.4byte	.LFB18
 1150 03b6 E8010000 		.4byte	.LFE18
 1151 03ba A0000000 		.4byte	.LLST5
 1152 03be 01       		.byte	0x1
 1153 03bf D2030000 		.4byte	0x3d2
 1154 03c3 14       		.uleb128 0x14
 1155 03c4 5F010000 		.4byte	.LASF56
 1156 03c8 01       		.byte	0x1
 1157 03c9 56       		.byte	0x56
 1158 03ca 72030000 		.4byte	0x372
 1159 03ce 02       		.byte	0x2
 1160 03cf 91       		.byte	0x91
 1161 03d0 74       		.sleb128 -12
ARM GAS  G:\Users\Jaxb\AppData\Local\Temp\cczJLBPC.s 			page 24


 1162 03d1 00       		.byte	0
 1163 03d2 17       		.uleb128 0x17
 1164 03d3 01       		.byte	0x1
 1165 03d4 7C030000 		.4byte	.LASF59
 1166 03d8 01       		.byte	0x1
 1167 03d9 3C       		.byte	0x3c
 1168 03da 01       		.byte	0x1
 1169 03db DD000000 		.4byte	0xdd
 1170 03df 3C010000 		.4byte	.LFB17
 1171 03e3 BC010000 		.4byte	.LFE17
 1172 03e7 F0000000 		.4byte	.LLST4
 1173 03eb 01       		.byte	0x1
 1174 03ec 35040000 		.4byte	0x435
 1175 03f0 18       		.uleb128 0x18
 1176 03f1 5F010000 		.4byte	.LASF56
 1177 03f5 01       		.byte	0x1
 1178 03f6 3C       		.byte	0x3c
 1179 03f7 72030000 		.4byte	0x372
 1180 03fb 02       		.byte	0x2
 1181 03fc 91       		.byte	0x91
 1182 03fd 64       		.sleb128 -28
 1183 03fe 14       		.uleb128 0x14
 1184 03ff DA000000 		.4byte	.LASF60
 1185 0403 01       		.byte	0x1
 1186 0404 3F       		.byte	0x3f
 1187 0405 72030000 		.4byte	0x372
 1188 0409 02       		.byte	0x2
 1189 040a 91       		.byte	0x91
 1190 040b 68       		.sleb128 -24
 1191 040c 16       		.uleb128 0x16
 1192 040d 6900     		.ascii	"i\000"
 1193 040f 01       		.byte	0x1
 1194 0410 40       		.byte	0x40
 1195 0411 DD000000 		.4byte	0xdd
 1196 0415 02       		.byte	0x2
 1197 0416 91       		.byte	0x91
 1198 0417 74       		.sleb128 -12
 1199 0418 16       		.uleb128 0x16
 1200 0419 72657400 		.ascii	"ret\000"
 1201 041d 01       		.byte	0x1
 1202 041e 41       		.byte	0x41
 1203 041f DD000000 		.4byte	0xdd
 1204 0423 02       		.byte	0x2
 1205 0424 91       		.byte	0x91
 1206 0425 6C       		.sleb128 -20
 1207 0426 16       		.uleb128 0x16
 1208 0427 6C656E00 		.ascii	"len\000"
 1209 042b 01       		.byte	0x1
 1210 042c 42       		.byte	0x42
 1211 042d DD000000 		.4byte	0xdd
 1212 0431 02       		.byte	0x2
 1213 0432 91       		.byte	0x91
 1214 0433 70       		.sleb128 -16
 1215 0434 00       		.byte	0
 1216 0435 17       		.uleb128 0x17
 1217 0436 01       		.byte	0x1
 1218 0437 4B000000 		.4byte	.LASF61
ARM GAS  G:\Users\Jaxb\AppData\Local\Temp\cczJLBPC.s 			page 25


 1219 043b 01       		.byte	0x1
 1220 043c 36       		.byte	0x36
 1221 043d 01       		.byte	0x1
 1222 043e DD000000 		.4byte	0xdd
 1223 0442 08010000 		.4byte	.LFB16
 1224 0446 3C010000 		.4byte	.LFE16
 1225 044a 40010000 		.4byte	.LLST3
 1226 044e 01       		.byte	0x1
 1227 044f 62040000 		.4byte	0x462
 1228 0453 18       		.uleb128 0x18
 1229 0454 5F010000 		.4byte	.LASF56
 1230 0458 01       		.byte	0x1
 1231 0459 36       		.byte	0x36
 1232 045a 72030000 		.4byte	0x372
 1233 045e 02       		.byte	0x2
 1234 045f 91       		.byte	0x91
 1235 0460 74       		.sleb128 -12
 1236 0461 00       		.byte	0
 1237 0462 19       		.uleb128 0x19
 1238 0463 01       		.byte	0x1
 1239 0464 63000000 		.4byte	.LASF73
 1240 0468 01       		.byte	0x1
 1241 0469 29       		.byte	0x29
 1242 046a 01       		.byte	0x1
 1243 046b CE000000 		.4byte	.LFB15
 1244 046f 08010000 		.4byte	.LFE15
 1245 0473 90010000 		.4byte	.LLST2
 1246 0477 01       		.byte	0x1
 1247 0478 1A       		.uleb128 0x1a
 1248 0479 30000000 		.4byte	.LASF8
 1249 047d 01       		.byte	0x1
 1250 047e 22       		.byte	0x22
 1251 047f 01       		.byte	0x1
 1252 0480 A8000000 		.4byte	.LFB14
 1253 0484 CE000000 		.4byte	.LFE14
 1254 0488 D4010000 		.4byte	.LLST1
 1255 048c 01       		.byte	0x1
 1256 048d BC040000 		.4byte	0x4bc
 1257 0491 18       		.uleb128 0x18
 1258 0492 04050000 		.4byte	.LASF62
 1259 0496 01       		.byte	0x1
 1260 0497 22       		.byte	0x22
 1261 0498 E9000000 		.4byte	0xe9
 1262 049c 02       		.byte	0x2
 1263 049d 91       		.byte	0x91
 1264 049e 6C       		.sleb128 -20
 1265 049f 18       		.uleb128 0x18
 1266 04a0 76030000 		.4byte	.LASF63
 1267 04a4 01       		.byte	0x1
 1268 04a5 22       		.byte	0x22
 1269 04a6 DD000000 		.4byte	0xdd
 1270 04aa 02       		.byte	0x2
 1271 04ab 91       		.byte	0x91
 1272 04ac 68       		.sleb128 -24
 1273 04ad 14       		.uleb128 0x14
 1274 04ae 5F010000 		.4byte	.LASF56
 1275 04b2 01       		.byte	0x1
ARM GAS  G:\Users\Jaxb\AppData\Local\Temp\cczJLBPC.s 			page 26


 1276 04b3 24       		.byte	0x24
 1277 04b4 72030000 		.4byte	0x372
 1278 04b8 02       		.byte	0x2
 1279 04b9 91       		.byte	0x91
 1280 04ba 74       		.sleb128 -12
 1281 04bb 00       		.byte	0
 1282 04bc 1B       		.uleb128 0x1b
 1283 04bd 8D010000 		.4byte	.LASF74
 1284 04c1 01       		.byte	0x1
 1285 04c2 0F       		.byte	0xf
 1286 04c3 01       		.byte	0x1
 1287 04c4 DD000000 		.4byte	0xdd
 1288 04c8 00000000 		.4byte	.LFB13
 1289 04cc A8000000 		.4byte	.LFE13
 1290 04d0 24020000 		.4byte	.LLST0
 1291 04d4 01       		.byte	0x1
 1292 04d5 1C050000 		.4byte	0x51c
 1293 04d9 18       		.uleb128 0x18
 1294 04da 04050000 		.4byte	.LASF62
 1295 04de 01       		.byte	0x1
 1296 04df 0F       		.byte	0xf
 1297 04e0 E9000000 		.4byte	0xe9
 1298 04e4 02       		.byte	0x2
 1299 04e5 91       		.byte	0x91
 1300 04e6 64       		.sleb128 -28
 1301 04e7 18       		.uleb128 0x18
 1302 04e8 45030000 		.4byte	.LASF64
 1303 04ec 01       		.byte	0x1
 1304 04ed 0F       		.byte	0xf
 1305 04ee 7A000000 		.4byte	0x7a
 1306 04f2 02       		.byte	0x2
 1307 04f3 91       		.byte	0x91
 1308 04f4 60       		.sleb128 -32
 1309 04f5 18       		.uleb128 0x18
 1310 04f6 44000000 		.4byte	.LASF65
 1311 04fa 01       		.byte	0x1
 1312 04fb 0F       		.byte	0xf
 1313 04fc 7A000000 		.4byte	0x7a
 1314 0500 02       		.byte	0x2
 1315 0501 91       		.byte	0x91
 1316 0502 5C       		.sleb128 -36
 1317 0503 16       		.uleb128 0x16
 1318 0504 6100     		.ascii	"a\000"
 1319 0506 01       		.byte	0x1
 1320 0507 11       		.byte	0x11
 1321 0508 1C050000 		.4byte	0x51c
 1322 050c 02       		.byte	0x2
 1323 050d 91       		.byte	0x91
 1324 050e 6C       		.sleb128 -20
 1325 050f 16       		.uleb128 0x16
 1326 0510 6200     		.ascii	"b\000"
 1327 0512 01       		.byte	0x1
 1328 0513 11       		.byte	0x11
 1329 0514 1C050000 		.4byte	0x51c
 1330 0518 02       		.byte	0x2
 1331 0519 91       		.byte	0x91
 1332 051a 68       		.sleb128 -24
ARM GAS  G:\Users\Jaxb\AppData\Local\Temp\cczJLBPC.s 			page 27


 1333 051b 00       		.byte	0
 1334 051c 0C       		.uleb128 0xc
 1335 051d 04       		.byte	0x4
 1336 051e 22050000 		.4byte	0x522
 1337 0522 0C       		.uleb128 0xc
 1338 0523 04       		.byte	0x4
 1339 0524 0B030000 		.4byte	0x30b
 1340 0528 00       		.byte	0
 1341              		.section	.debug_abbrev,"",%progbits
 1342              	.Ldebug_abbrev0:
 1343 0000 01       		.uleb128 0x1
 1344 0001 11       		.uleb128 0x11
 1345 0002 01       		.byte	0x1
 1346 0003 25       		.uleb128 0x25
 1347 0004 0E       		.uleb128 0xe
 1348 0005 13       		.uleb128 0x13
 1349 0006 0B       		.uleb128 0xb
 1350 0007 03       		.uleb128 0x3
 1351 0008 0E       		.uleb128 0xe
 1352 0009 1B       		.uleb128 0x1b
 1353 000a 0E       		.uleb128 0xe
 1354 000b 11       		.uleb128 0x11
 1355 000c 01       		.uleb128 0x1
 1356 000d 12       		.uleb128 0x12
 1357 000e 01       		.uleb128 0x1
 1358 000f 10       		.uleb128 0x10
 1359 0010 06       		.uleb128 0x6
 1360 0011 00       		.byte	0
 1361 0012 00       		.byte	0
 1362 0013 02       		.uleb128 0x2
 1363 0014 13       		.uleb128 0x13
 1364 0015 01       		.byte	0x1
 1365 0016 03       		.uleb128 0x3
 1366 0017 0E       		.uleb128 0xe
 1367 0018 0B       		.uleb128 0xb
 1368 0019 0B       		.uleb128 0xb
 1369 001a 3A       		.uleb128 0x3a
 1370 001b 0B       		.uleb128 0xb
 1371 001c 3B       		.uleb128 0x3b
 1372 001d 0B       		.uleb128 0xb
 1373 001e 01       		.uleb128 0x1
 1374 001f 13       		.uleb128 0x13
 1375 0020 00       		.byte	0
 1376 0021 00       		.byte	0
 1377 0022 03       		.uleb128 0x3
 1378 0023 0D       		.uleb128 0xd
 1379 0024 00       		.byte	0
 1380 0025 03       		.uleb128 0x3
 1381 0026 0E       		.uleb128 0xe
 1382 0027 3A       		.uleb128 0x3a
 1383 0028 0B       		.uleb128 0xb
 1384 0029 3B       		.uleb128 0x3b
 1385 002a 0B       		.uleb128 0xb
 1386 002b 49       		.uleb128 0x49
 1387 002c 13       		.uleb128 0x13
 1388 002d 38       		.uleb128 0x38
 1389 002e 0A       		.uleb128 0xa
ARM GAS  G:\Users\Jaxb\AppData\Local\Temp\cczJLBPC.s 			page 28


 1390 002f 00       		.byte	0
 1391 0030 00       		.byte	0
 1392 0031 04       		.uleb128 0x4
 1393 0032 0F       		.uleb128 0xf
 1394 0033 00       		.byte	0
 1395 0034 0B       		.uleb128 0xb
 1396 0035 0B       		.uleb128 0xb
 1397 0036 00       		.byte	0
 1398 0037 00       		.byte	0
 1399 0038 05       		.uleb128 0x5
 1400 0039 24       		.uleb128 0x24
 1401 003a 00       		.byte	0
 1402 003b 0B       		.uleb128 0xb
 1403 003c 0B       		.uleb128 0xb
 1404 003d 3E       		.uleb128 0x3e
 1405 003e 0B       		.uleb128 0xb
 1406 003f 03       		.uleb128 0x3
 1407 0040 0E       		.uleb128 0xe
 1408 0041 00       		.byte	0
 1409 0042 00       		.byte	0
 1410 0043 06       		.uleb128 0x6
 1411 0044 16       		.uleb128 0x16
 1412 0045 00       		.byte	0
 1413 0046 03       		.uleb128 0x3
 1414 0047 0E       		.uleb128 0xe
 1415 0048 3A       		.uleb128 0x3a
 1416 0049 0B       		.uleb128 0xb
 1417 004a 3B       		.uleb128 0x3b
 1418 004b 0B       		.uleb128 0xb
 1419 004c 49       		.uleb128 0x49
 1420 004d 13       		.uleb128 0x13
 1421 004e 00       		.byte	0
 1422 004f 00       		.byte	0
 1423 0050 07       		.uleb128 0x7
 1424 0051 0D       		.uleb128 0xd
 1425 0052 00       		.byte	0
 1426 0053 03       		.uleb128 0x3
 1427 0054 08       		.uleb128 0x8
 1428 0055 3A       		.uleb128 0x3a
 1429 0056 0B       		.uleb128 0xb
 1430 0057 3B       		.uleb128 0x3b
 1431 0058 0B       		.uleb128 0xb
 1432 0059 49       		.uleb128 0x49
 1433 005a 13       		.uleb128 0x13
 1434 005b 38       		.uleb128 0x38
 1435 005c 0A       		.uleb128 0xa
 1436 005d 00       		.byte	0
 1437 005e 00       		.byte	0
 1438 005f 08       		.uleb128 0x8
 1439 0060 15       		.uleb128 0x15
 1440 0061 01       		.byte	0x1
 1441 0062 27       		.uleb128 0x27
 1442 0063 0C       		.uleb128 0xc
 1443 0064 49       		.uleb128 0x49
 1444 0065 13       		.uleb128 0x13
 1445 0066 01       		.uleb128 0x1
 1446 0067 13       		.uleb128 0x13
ARM GAS  G:\Users\Jaxb\AppData\Local\Temp\cczJLBPC.s 			page 29


 1447 0068 00       		.byte	0
 1448 0069 00       		.byte	0
 1449 006a 09       		.uleb128 0x9
 1450 006b 05       		.uleb128 0x5
 1451 006c 00       		.byte	0
 1452 006d 49       		.uleb128 0x49
 1453 006e 13       		.uleb128 0x13
 1454 006f 00       		.byte	0
 1455 0070 00       		.byte	0
 1456 0071 0A       		.uleb128 0xa
 1457 0072 24       		.uleb128 0x24
 1458 0073 00       		.byte	0
 1459 0074 0B       		.uleb128 0xb
 1460 0075 0B       		.uleb128 0xb
 1461 0076 3E       		.uleb128 0x3e
 1462 0077 0B       		.uleb128 0xb
 1463 0078 03       		.uleb128 0x3
 1464 0079 08       		.uleb128 0x8
 1465 007a 00       		.byte	0
 1466 007b 00       		.byte	0
 1467 007c 0B       		.uleb128 0xb
 1468 007d 35       		.uleb128 0x35
 1469 007e 00       		.byte	0
 1470 007f 49       		.uleb128 0x49
 1471 0080 13       		.uleb128 0x13
 1472 0081 00       		.byte	0
 1473 0082 00       		.byte	0
 1474 0083 0C       		.uleb128 0xc
 1475 0084 0F       		.uleb128 0xf
 1476 0085 00       		.byte	0
 1477 0086 0B       		.uleb128 0xb
 1478 0087 0B       		.uleb128 0xb
 1479 0088 49       		.uleb128 0x49
 1480 0089 13       		.uleb128 0x13
 1481 008a 00       		.byte	0
 1482 008b 00       		.byte	0
 1483 008c 0D       		.uleb128 0xd
 1484 008d 15       		.uleb128 0x15
 1485 008e 01       		.byte	0x1
 1486 008f 27       		.uleb128 0x27
 1487 0090 0C       		.uleb128 0xc
 1488 0091 01       		.uleb128 0x1
 1489 0092 13       		.uleb128 0x13
 1490 0093 00       		.byte	0
 1491 0094 00       		.byte	0
 1492 0095 0E       		.uleb128 0xe
 1493 0096 04       		.uleb128 0x4
 1494 0097 01       		.byte	0x1
 1495 0098 03       		.uleb128 0x3
 1496 0099 0E       		.uleb128 0xe
 1497 009a 3E       		.uleb128 0x3e
 1498 009b 0B       		.uleb128 0xb
 1499 009c 0B       		.uleb128 0xb
 1500 009d 0B       		.uleb128 0xb
 1501 009e 49       		.uleb128 0x49
 1502 009f 13       		.uleb128 0x13
 1503 00a0 3A       		.uleb128 0x3a
ARM GAS  G:\Users\Jaxb\AppData\Local\Temp\cczJLBPC.s 			page 30


 1504 00a1 0B       		.uleb128 0xb
 1505 00a2 3B       		.uleb128 0x3b
 1506 00a3 0B       		.uleb128 0xb
 1507 00a4 01       		.uleb128 0x1
 1508 00a5 13       		.uleb128 0x13
 1509 00a6 00       		.byte	0
 1510 00a7 00       		.byte	0
 1511 00a8 0F       		.uleb128 0xf
 1512 00a9 28       		.uleb128 0x28
 1513 00aa 00       		.byte	0
 1514 00ab 03       		.uleb128 0x3
 1515 00ac 0E       		.uleb128 0xe
 1516 00ad 1C       		.uleb128 0x1c
 1517 00ae 0B       		.uleb128 0xb
 1518 00af 00       		.byte	0
 1519 00b0 00       		.byte	0
 1520 00b1 10       		.uleb128 0x10
 1521 00b2 34       		.uleb128 0x34
 1522 00b3 00       		.byte	0
 1523 00b4 03       		.uleb128 0x3
 1524 00b5 0E       		.uleb128 0xe
 1525 00b6 3A       		.uleb128 0x3a
 1526 00b7 0B       		.uleb128 0xb
 1527 00b8 3B       		.uleb128 0x3b
 1528 00b9 0B       		.uleb128 0xb
 1529 00ba 49       		.uleb128 0x49
 1530 00bb 13       		.uleb128 0x13
 1531 00bc 3F       		.uleb128 0x3f
 1532 00bd 0C       		.uleb128 0xc
 1533 00be 3C       		.uleb128 0x3c
 1534 00bf 0C       		.uleb128 0xc
 1535 00c0 00       		.byte	0
 1536 00c1 00       		.byte	0
 1537 00c2 11       		.uleb128 0x11
 1538 00c3 13       		.uleb128 0x13
 1539 00c4 00       		.byte	0
 1540 00c5 03       		.uleb128 0x3
 1541 00c6 0E       		.uleb128 0xe
 1542 00c7 3C       		.uleb128 0x3c
 1543 00c8 0C       		.uleb128 0xc
 1544 00c9 00       		.byte	0
 1545 00ca 00       		.byte	0
 1546 00cb 12       		.uleb128 0x12
 1547 00cc 16       		.uleb128 0x16
 1548 00cd 00       		.byte	0
 1549 00ce 03       		.uleb128 0x3
 1550 00cf 08       		.uleb128 0x8
 1551 00d0 3A       		.uleb128 0x3a
 1552 00d1 0B       		.uleb128 0xb
 1553 00d2 3B       		.uleb128 0x3b
 1554 00d3 0B       		.uleb128 0xb
 1555 00d4 49       		.uleb128 0x49
 1556 00d5 13       		.uleb128 0x13
 1557 00d6 00       		.byte	0
 1558 00d7 00       		.byte	0
 1559 00d8 13       		.uleb128 0x13
 1560 00d9 26       		.uleb128 0x26
ARM GAS  G:\Users\Jaxb\AppData\Local\Temp\cczJLBPC.s 			page 31


 1561 00da 00       		.byte	0
 1562 00db 49       		.uleb128 0x49
 1563 00dc 13       		.uleb128 0x13
 1564 00dd 00       		.byte	0
 1565 00de 00       		.byte	0
 1566 00df 14       		.uleb128 0x14
 1567 00e0 34       		.uleb128 0x34
 1568 00e1 00       		.byte	0
 1569 00e2 03       		.uleb128 0x3
 1570 00e3 0E       		.uleb128 0xe
 1571 00e4 3A       		.uleb128 0x3a
 1572 00e5 0B       		.uleb128 0xb
 1573 00e6 3B       		.uleb128 0x3b
 1574 00e7 0B       		.uleb128 0xb
 1575 00e8 49       		.uleb128 0x49
 1576 00e9 13       		.uleb128 0x13
 1577 00ea 02       		.uleb128 0x2
 1578 00eb 0A       		.uleb128 0xa
 1579 00ec 00       		.byte	0
 1580 00ed 00       		.byte	0
 1581 00ee 15       		.uleb128 0x15
 1582 00ef 2E       		.uleb128 0x2e
 1583 00f0 01       		.byte	0x1
 1584 00f1 3F       		.uleb128 0x3f
 1585 00f2 0C       		.uleb128 0xc
 1586 00f3 03       		.uleb128 0x3
 1587 00f4 0E       		.uleb128 0xe
 1588 00f5 3A       		.uleb128 0x3a
 1589 00f6 0B       		.uleb128 0xb
 1590 00f7 3B       		.uleb128 0x3b
 1591 00f8 0B       		.uleb128 0xb
 1592 00f9 27       		.uleb128 0x27
 1593 00fa 0C       		.uleb128 0xc
 1594 00fb 11       		.uleb128 0x11
 1595 00fc 01       		.uleb128 0x1
 1596 00fd 12       		.uleb128 0x12
 1597 00fe 01       		.uleb128 0x1
 1598 00ff 40       		.uleb128 0x40
 1599 0100 06       		.uleb128 0x6
 1600 0101 9642     		.uleb128 0x2116
 1601 0103 0C       		.uleb128 0xc
 1602 0104 01       		.uleb128 0x1
 1603 0105 13       		.uleb128 0x13
 1604 0106 00       		.byte	0
 1605 0107 00       		.byte	0
 1606 0108 16       		.uleb128 0x16
 1607 0109 34       		.uleb128 0x34
 1608 010a 00       		.byte	0
 1609 010b 03       		.uleb128 0x3
 1610 010c 08       		.uleb128 0x8
 1611 010d 3A       		.uleb128 0x3a
 1612 010e 0B       		.uleb128 0xb
 1613 010f 3B       		.uleb128 0x3b
 1614 0110 0B       		.uleb128 0xb
 1615 0111 49       		.uleb128 0x49
 1616 0112 13       		.uleb128 0x13
 1617 0113 02       		.uleb128 0x2
ARM GAS  G:\Users\Jaxb\AppData\Local\Temp\cczJLBPC.s 			page 32


 1618 0114 0A       		.uleb128 0xa
 1619 0115 00       		.byte	0
 1620 0116 00       		.byte	0
 1621 0117 17       		.uleb128 0x17
 1622 0118 2E       		.uleb128 0x2e
 1623 0119 01       		.byte	0x1
 1624 011a 3F       		.uleb128 0x3f
 1625 011b 0C       		.uleb128 0xc
 1626 011c 03       		.uleb128 0x3
 1627 011d 0E       		.uleb128 0xe
 1628 011e 3A       		.uleb128 0x3a
 1629 011f 0B       		.uleb128 0xb
 1630 0120 3B       		.uleb128 0x3b
 1631 0121 0B       		.uleb128 0xb
 1632 0122 27       		.uleb128 0x27
 1633 0123 0C       		.uleb128 0xc
 1634 0124 49       		.uleb128 0x49
 1635 0125 13       		.uleb128 0x13
 1636 0126 11       		.uleb128 0x11
 1637 0127 01       		.uleb128 0x1
 1638 0128 12       		.uleb128 0x12
 1639 0129 01       		.uleb128 0x1
 1640 012a 40       		.uleb128 0x40
 1641 012b 06       		.uleb128 0x6
 1642 012c 9642     		.uleb128 0x2116
 1643 012e 0C       		.uleb128 0xc
 1644 012f 01       		.uleb128 0x1
 1645 0130 13       		.uleb128 0x13
 1646 0131 00       		.byte	0
 1647 0132 00       		.byte	0
 1648 0133 18       		.uleb128 0x18
 1649 0134 05       		.uleb128 0x5
 1650 0135 00       		.byte	0
 1651 0136 03       		.uleb128 0x3
 1652 0137 0E       		.uleb128 0xe
 1653 0138 3A       		.uleb128 0x3a
 1654 0139 0B       		.uleb128 0xb
 1655 013a 3B       		.uleb128 0x3b
 1656 013b 0B       		.uleb128 0xb
 1657 013c 49       		.uleb128 0x49
 1658 013d 13       		.uleb128 0x13
 1659 013e 02       		.uleb128 0x2
 1660 013f 0A       		.uleb128 0xa
 1661 0140 00       		.byte	0
 1662 0141 00       		.byte	0
 1663 0142 19       		.uleb128 0x19
 1664 0143 2E       		.uleb128 0x2e
 1665 0144 00       		.byte	0
 1666 0145 3F       		.uleb128 0x3f
 1667 0146 0C       		.uleb128 0xc
 1668 0147 03       		.uleb128 0x3
 1669 0148 0E       		.uleb128 0xe
 1670 0149 3A       		.uleb128 0x3a
 1671 014a 0B       		.uleb128 0xb
 1672 014b 3B       		.uleb128 0x3b
 1673 014c 0B       		.uleb128 0xb
 1674 014d 27       		.uleb128 0x27
ARM GAS  G:\Users\Jaxb\AppData\Local\Temp\cczJLBPC.s 			page 33


 1675 014e 0C       		.uleb128 0xc
 1676 014f 11       		.uleb128 0x11
 1677 0150 01       		.uleb128 0x1
 1678 0151 12       		.uleb128 0x12
 1679 0152 01       		.uleb128 0x1
 1680 0153 40       		.uleb128 0x40
 1681 0154 06       		.uleb128 0x6
 1682 0155 9642     		.uleb128 0x2116
 1683 0157 0C       		.uleb128 0xc
 1684 0158 00       		.byte	0
 1685 0159 00       		.byte	0
 1686 015a 1A       		.uleb128 0x1a
 1687 015b 2E       		.uleb128 0x2e
 1688 015c 01       		.byte	0x1
 1689 015d 03       		.uleb128 0x3
 1690 015e 0E       		.uleb128 0xe
 1691 015f 3A       		.uleb128 0x3a
 1692 0160 0B       		.uleb128 0xb
 1693 0161 3B       		.uleb128 0x3b
 1694 0162 0B       		.uleb128 0xb
 1695 0163 27       		.uleb128 0x27
 1696 0164 0C       		.uleb128 0xc
 1697 0165 11       		.uleb128 0x11
 1698 0166 01       		.uleb128 0x1
 1699 0167 12       		.uleb128 0x12
 1700 0168 01       		.uleb128 0x1
 1701 0169 40       		.uleb128 0x40
 1702 016a 06       		.uleb128 0x6
 1703 016b 9642     		.uleb128 0x2116
 1704 016d 0C       		.uleb128 0xc
 1705 016e 01       		.uleb128 0x1
 1706 016f 13       		.uleb128 0x13
 1707 0170 00       		.byte	0
 1708 0171 00       		.byte	0
 1709 0172 1B       		.uleb128 0x1b
 1710 0173 2E       		.uleb128 0x2e
 1711 0174 01       		.byte	0x1
 1712 0175 03       		.uleb128 0x3
 1713 0176 0E       		.uleb128 0xe
 1714 0177 3A       		.uleb128 0x3a
 1715 0178 0B       		.uleb128 0xb
 1716 0179 3B       		.uleb128 0x3b
 1717 017a 0B       		.uleb128 0xb
 1718 017b 27       		.uleb128 0x27
 1719 017c 0C       		.uleb128 0xc
 1720 017d 49       		.uleb128 0x49
 1721 017e 13       		.uleb128 0x13
 1722 017f 11       		.uleb128 0x11
 1723 0180 01       		.uleb128 0x1
 1724 0181 12       		.uleb128 0x12
 1725 0182 01       		.uleb128 0x1
 1726 0183 40       		.uleb128 0x40
 1727 0184 06       		.uleb128 0x6
 1728 0185 9642     		.uleb128 0x2116
 1729 0187 0C       		.uleb128 0xc
 1730 0188 01       		.uleb128 0x1
 1731 0189 13       		.uleb128 0x13
ARM GAS  G:\Users\Jaxb\AppData\Local\Temp\cczJLBPC.s 			page 34


 1732 018a 00       		.byte	0
 1733 018b 00       		.byte	0
 1734 018c 00       		.byte	0
 1735              		.section	.debug_loc,"",%progbits
 1736              	.Ldebug_loc0:
 1737              	.LLST7:
 1738 0000 14020000 		.4byte	.LFB20-.Ltext0
 1739 0004 18020000 		.4byte	.LCFI34-.Ltext0
 1740 0008 0200     		.2byte	0x2
 1741 000a 7D       		.byte	0x7d
 1742 000b 00       		.sleb128 0
 1743 000c 18020000 		.4byte	.LCFI34-.Ltext0
 1744 0010 1A020000 		.4byte	.LCFI35-.Ltext0
 1745 0014 0200     		.2byte	0x2
 1746 0016 7D       		.byte	0x7d
 1747 0017 10       		.sleb128 16
 1748 0018 1A020000 		.4byte	.LCFI35-.Ltext0
 1749 001c 1C020000 		.4byte	.LCFI36-.Ltext0
 1750 0020 0200     		.2byte	0x2
 1751 0022 7D       		.byte	0x7d
 1752 0023 20       		.sleb128 32
 1753 0024 1C020000 		.4byte	.LCFI36-.Ltext0
 1754 0028 A0020000 		.4byte	.LCFI37-.Ltext0
 1755 002c 0200     		.2byte	0x2
 1756 002e 77       		.byte	0x77
 1757 002f 20       		.sleb128 32
 1758 0030 A0020000 		.4byte	.LCFI37-.Ltext0
 1759 0034 A2020000 		.4byte	.LCFI38-.Ltext0
 1760 0038 0200     		.2byte	0x2
 1761 003a 77       		.byte	0x77
 1762 003b 10       		.sleb128 16
 1763 003c A2020000 		.4byte	.LCFI38-.Ltext0
 1764 0040 B8020000 		.4byte	.LFE20-.Ltext0
 1765 0044 0200     		.2byte	0x2
 1766 0046 7D       		.byte	0x7d
 1767 0047 10       		.sleb128 16
 1768 0048 00000000 		.4byte	0
 1769 004c 00000000 		.4byte	0
 1770              	.LLST6:
 1771 0050 E8010000 		.4byte	.LFB19-.Ltext0
 1772 0054 EA010000 		.4byte	.LCFI29-.Ltext0
 1773 0058 0200     		.2byte	0x2
 1774 005a 7D       		.byte	0x7d
 1775 005b 00       		.sleb128 0
 1776 005c EA010000 		.4byte	.LCFI29-.Ltext0
 1777 0060 EC010000 		.4byte	.LCFI30-.Ltext0
 1778 0064 0200     		.2byte	0x2
 1779 0066 7D       		.byte	0x7d
 1780 0067 08       		.sleb128 8
 1781 0068 EC010000 		.4byte	.LCFI30-.Ltext0
 1782 006c EE010000 		.4byte	.LCFI31-.Ltext0
 1783 0070 0200     		.2byte	0x2
 1784 0072 7D       		.byte	0x7d
 1785 0073 10       		.sleb128 16
 1786 0074 EE010000 		.4byte	.LCFI31-.Ltext0
 1787 0078 0A020000 		.4byte	.LCFI32-.Ltext0
 1788 007c 0200     		.2byte	0x2
ARM GAS  G:\Users\Jaxb\AppData\Local\Temp\cczJLBPC.s 			page 35


 1789 007e 77       		.byte	0x77
 1790 007f 10       		.sleb128 16
 1791 0080 0A020000 		.4byte	.LCFI32-.Ltext0
 1792 0084 0C020000 		.4byte	.LCFI33-.Ltext0
 1793 0088 0200     		.2byte	0x2
 1794 008a 77       		.byte	0x77
 1795 008b 08       		.sleb128 8
 1796 008c 0C020000 		.4byte	.LCFI33-.Ltext0
 1797 0090 14020000 		.4byte	.LFE19-.Ltext0
 1798 0094 0200     		.2byte	0x2
 1799 0096 7D       		.byte	0x7d
 1800 0097 08       		.sleb128 8
 1801 0098 00000000 		.4byte	0
 1802 009c 00000000 		.4byte	0
 1803              	.LLST5:
 1804 00a0 BC010000 		.4byte	.LFB18-.Ltext0
 1805 00a4 BE010000 		.4byte	.LCFI24-.Ltext0
 1806 00a8 0200     		.2byte	0x2
 1807 00aa 7D       		.byte	0x7d
 1808 00ab 00       		.sleb128 0
 1809 00ac BE010000 		.4byte	.LCFI24-.Ltext0
 1810 00b0 C0010000 		.4byte	.LCFI25-.Ltext0
 1811 00b4 0200     		.2byte	0x2
 1812 00b6 7D       		.byte	0x7d
 1813 00b7 08       		.sleb128 8
 1814 00b8 C0010000 		.4byte	.LCFI25-.Ltext0
 1815 00bc C2010000 		.4byte	.LCFI26-.Ltext0
 1816 00c0 0200     		.2byte	0x2
 1817 00c2 7D       		.byte	0x7d
 1818 00c3 10       		.sleb128 16
 1819 00c4 C2010000 		.4byte	.LCFI26-.Ltext0
 1820 00c8 DE010000 		.4byte	.LCFI27-.Ltext0
 1821 00cc 0200     		.2byte	0x2
 1822 00ce 77       		.byte	0x77
 1823 00cf 10       		.sleb128 16
 1824 00d0 DE010000 		.4byte	.LCFI27-.Ltext0
 1825 00d4 E0010000 		.4byte	.LCFI28-.Ltext0
 1826 00d8 0200     		.2byte	0x2
 1827 00da 77       		.byte	0x77
 1828 00db 08       		.sleb128 8
 1829 00dc E0010000 		.4byte	.LCFI28-.Ltext0
 1830 00e0 E8010000 		.4byte	.LFE18-.Ltext0
 1831 00e4 0200     		.2byte	0x2
 1832 00e6 7D       		.byte	0x7d
 1833 00e7 08       		.sleb128 8
 1834 00e8 00000000 		.4byte	0
 1835 00ec 00000000 		.4byte	0
 1836              	.LLST4:
 1837 00f0 3C010000 		.4byte	.LFB17-.Ltext0
 1838 00f4 3E010000 		.4byte	.LCFI19-.Ltext0
 1839 00f8 0200     		.2byte	0x2
 1840 00fa 7D       		.byte	0x7d
 1841 00fb 00       		.sleb128 0
 1842 00fc 3E010000 		.4byte	.LCFI19-.Ltext0
 1843 0100 40010000 		.4byte	.LCFI20-.Ltext0
 1844 0104 0200     		.2byte	0x2
 1845 0106 7D       		.byte	0x7d
ARM GAS  G:\Users\Jaxb\AppData\Local\Temp\cczJLBPC.s 			page 36


 1846 0107 08       		.sleb128 8
 1847 0108 40010000 		.4byte	.LCFI20-.Ltext0
 1848 010c 42010000 		.4byte	.LCFI21-.Ltext0
 1849 0110 0200     		.2byte	0x2
 1850 0112 7D       		.byte	0x7d
 1851 0113 20       		.sleb128 32
 1852 0114 42010000 		.4byte	.LCFI21-.Ltext0
 1853 0118 B0010000 		.4byte	.LCFI22-.Ltext0
 1854 011c 0200     		.2byte	0x2
 1855 011e 77       		.byte	0x77
 1856 011f 20       		.sleb128 32
 1857 0120 B0010000 		.4byte	.LCFI22-.Ltext0
 1858 0124 B2010000 		.4byte	.LCFI23-.Ltext0
 1859 0128 0200     		.2byte	0x2
 1860 012a 77       		.byte	0x77
 1861 012b 08       		.sleb128 8
 1862 012c B2010000 		.4byte	.LCFI23-.Ltext0
 1863 0130 BC010000 		.4byte	.LFE17-.Ltext0
 1864 0134 0200     		.2byte	0x2
 1865 0136 7D       		.byte	0x7d
 1866 0137 08       		.sleb128 8
 1867 0138 00000000 		.4byte	0
 1868 013c 00000000 		.4byte	0
 1869              	.LLST3:
 1870 0140 08010000 		.4byte	.LFB16-.Ltext0
 1871 0144 0A010000 		.4byte	.LCFI14-.Ltext0
 1872 0148 0200     		.2byte	0x2
 1873 014a 7D       		.byte	0x7d
 1874 014b 00       		.sleb128 0
 1875 014c 0A010000 		.4byte	.LCFI14-.Ltext0
 1876 0150 0C010000 		.4byte	.LCFI15-.Ltext0
 1877 0154 0200     		.2byte	0x2
 1878 0156 7D       		.byte	0x7d
 1879 0157 08       		.sleb128 8
 1880 0158 0C010000 		.4byte	.LCFI15-.Ltext0
 1881 015c 0E010000 		.4byte	.LCFI16-.Ltext0
 1882 0160 0200     		.2byte	0x2
 1883 0162 7D       		.byte	0x7d
 1884 0163 10       		.sleb128 16
 1885 0164 0E010000 		.4byte	.LCFI16-.Ltext0
 1886 0168 2E010000 		.4byte	.LCFI17-.Ltext0
 1887 016c 0200     		.2byte	0x2
 1888 016e 77       		.byte	0x77
 1889 016f 10       		.sleb128 16
 1890 0170 2E010000 		.4byte	.LCFI17-.Ltext0
 1891 0174 30010000 		.4byte	.LCFI18-.Ltext0
 1892 0178 0200     		.2byte	0x2
 1893 017a 77       		.byte	0x77
 1894 017b 08       		.sleb128 8
 1895 017c 30010000 		.4byte	.LCFI18-.Ltext0
 1896 0180 3C010000 		.4byte	.LFE16-.Ltext0
 1897 0184 0200     		.2byte	0x2
 1898 0186 7D       		.byte	0x7d
 1899 0187 08       		.sleb128 8
 1900 0188 00000000 		.4byte	0
 1901 018c 00000000 		.4byte	0
 1902              	.LLST2:
ARM GAS  G:\Users\Jaxb\AppData\Local\Temp\cczJLBPC.s 			page 37


 1903 0190 CE000000 		.4byte	.LFB15-.Ltext0
 1904 0194 D0000000 		.4byte	.LCFI10-.Ltext0
 1905 0198 0200     		.2byte	0x2
 1906 019a 7D       		.byte	0x7d
 1907 019b 00       		.sleb128 0
 1908 019c D0000000 		.4byte	.LCFI10-.Ltext0
 1909 01a0 D2000000 		.4byte	.LCFI11-.Ltext0
 1910 01a4 0200     		.2byte	0x2
 1911 01a6 7D       		.byte	0x7d
 1912 01a7 08       		.sleb128 8
 1913 01a8 D2000000 		.4byte	.LCFI11-.Ltext0
 1914 01ac D4000000 		.4byte	.LCFI12-.Ltext0
 1915 01b0 0200     		.2byte	0x2
 1916 01b2 7D       		.byte	0x7d
 1917 01b3 10       		.sleb128 16
 1918 01b4 D4000000 		.4byte	.LCFI12-.Ltext0
 1919 01b8 F6000000 		.4byte	.LCFI13-.Ltext0
 1920 01bc 0200     		.2byte	0x2
 1921 01be 77       		.byte	0x77
 1922 01bf 08       		.sleb128 8
 1923 01c0 F6000000 		.4byte	.LCFI13-.Ltext0
 1924 01c4 08010000 		.4byte	.LFE15-.Ltext0
 1925 01c8 0200     		.2byte	0x2
 1926 01ca 7D       		.byte	0x7d
 1927 01cb 08       		.sleb128 8
 1928 01cc 00000000 		.4byte	0
 1929 01d0 00000000 		.4byte	0
 1930              	.LLST1:
 1931 01d4 A8000000 		.4byte	.LFB14-.Ltext0
 1932 01d8 AA000000 		.4byte	.LCFI5-.Ltext0
 1933 01dc 0200     		.2byte	0x2
 1934 01de 7D       		.byte	0x7d
 1935 01df 00       		.sleb128 0
 1936 01e0 AA000000 		.4byte	.LCFI5-.Ltext0
 1937 01e4 AC000000 		.4byte	.LCFI6-.Ltext0
 1938 01e8 0200     		.2byte	0x2
 1939 01ea 7D       		.byte	0x7d
 1940 01eb 08       		.sleb128 8
 1941 01ec AC000000 		.4byte	.LCFI6-.Ltext0
 1942 01f0 AE000000 		.4byte	.LCFI7-.Ltext0
 1943 01f4 0200     		.2byte	0x2
 1944 01f6 7D       		.byte	0x7d
 1945 01f7 18       		.sleb128 24
 1946 01f8 AE000000 		.4byte	.LCFI7-.Ltext0
 1947 01fc CA000000 		.4byte	.LCFI8-.Ltext0
 1948 0200 0200     		.2byte	0x2
 1949 0202 77       		.byte	0x77
 1950 0203 18       		.sleb128 24
 1951 0204 CA000000 		.4byte	.LCFI8-.Ltext0
 1952 0208 CC000000 		.4byte	.LCFI9-.Ltext0
 1953 020c 0200     		.2byte	0x2
 1954 020e 77       		.byte	0x77
 1955 020f 08       		.sleb128 8
 1956 0210 CC000000 		.4byte	.LCFI9-.Ltext0
 1957 0214 CE000000 		.4byte	.LFE14-.Ltext0
 1958 0218 0200     		.2byte	0x2
 1959 021a 7D       		.byte	0x7d
ARM GAS  G:\Users\Jaxb\AppData\Local\Temp\cczJLBPC.s 			page 38


 1960 021b 08       		.sleb128 8
 1961 021c 00000000 		.4byte	0
 1962 0220 00000000 		.4byte	0
 1963              	.LLST0:
 1964 0224 00000000 		.4byte	.LFB13-.Ltext0
 1965 0228 04000000 		.4byte	.LCFI0-.Ltext0
 1966 022c 0200     		.2byte	0x2
 1967 022e 7D       		.byte	0x7d
 1968 022f 00       		.sleb128 0
 1969 0230 04000000 		.4byte	.LCFI0-.Ltext0
 1970 0234 06000000 		.4byte	.LCFI1-.Ltext0
 1971 0238 0200     		.2byte	0x2
 1972 023a 7D       		.byte	0x7d
 1973 023b 10       		.sleb128 16
 1974 023c 06000000 		.4byte	.LCFI1-.Ltext0
 1975 0240 08000000 		.4byte	.LCFI2-.Ltext0
 1976 0244 0200     		.2byte	0x2
 1977 0246 7D       		.byte	0x7d
 1978 0247 28       		.sleb128 40
 1979 0248 08000000 		.4byte	.LCFI2-.Ltext0
 1980 024c A2000000 		.4byte	.LCFI3-.Ltext0
 1981 0250 0200     		.2byte	0x2
 1982 0252 77       		.byte	0x77
 1983 0253 28       		.sleb128 40
 1984 0254 A2000000 		.4byte	.LCFI3-.Ltext0
 1985 0258 A4000000 		.4byte	.LCFI4-.Ltext0
 1986 025c 0200     		.2byte	0x2
 1987 025e 77       		.byte	0x77
 1988 025f 10       		.sleb128 16
 1989 0260 A4000000 		.4byte	.LCFI4-.Ltext0
 1990 0264 A8000000 		.4byte	.LFE13-.Ltext0
 1991 0268 0200     		.2byte	0x2
 1992 026a 7D       		.byte	0x7d
 1993 026b 10       		.sleb128 16
 1994 026c 00000000 		.4byte	0
 1995 0270 00000000 		.4byte	0
 1996              		.section	.debug_aranges,"",%progbits
 1997 0000 1C000000 		.4byte	0x1c
 1998 0004 0200     		.2byte	0x2
 1999 0006 00000000 		.4byte	.Ldebug_info0
 2000 000a 04       		.byte	0x4
 2001 000b 00       		.byte	0
 2002 000c 0000     		.2byte	0
 2003 000e 0000     		.2byte	0
 2004 0010 00000000 		.4byte	.Ltext0
 2005 0014 B8020000 		.4byte	.Letext0-.Ltext0
 2006 0018 00000000 		.4byte	0
 2007 001c 00000000 		.4byte	0
 2008              		.section	.debug_line,"",%progbits
 2009              	.Ldebug_line0:
 2010 0000 8B010000 		.section	.debug_str,"MS",%progbits,1
 2010      0200FB00 
 2010      00000201 
 2010      FB0E0D00 
 2010      01010101 
 2011              	.LASF42:
 2012 0000 7072696F 		.ascii	"prio\000"
ARM GAS  G:\Users\Jaxb\AppData\Local\Temp\cczJLBPC.s 			page 39


 2012      00
 2013              	.LASF41:
 2014 0005 7461736B 		.ascii	"task_state\000"
 2014      5F737461 
 2014      746500
 2015              	.LASF21:
 2016 0010 6E657874 		.ascii	"next\000"
 2016      00
 2017              	.LASF24:
 2018 0015 53544154 		.ascii	"STATE_DELAY\000"
 2018      455F4445 
 2018      4C415900 
 2019              	.LASF35:
 2020 0021 5441534B 		.ascii	"TASK_PRIO_TYPE\000"
 2020      5F505249 
 2020      4F5F5459 
 2020      504500
 2021              	.LASF8:
 2022 0030 696E6465 		.ascii	"index_change_record\000"
 2022      785F6368 
 2022      616E6765 
 2022      5F726563 
 2022      6F726400 
 2023              	.LASF65:
 2024 0044 696E6465 		.ascii	"index2\000"
 2024      783200
 2025              	.LASF61:
 2026 004b 5F696E73 		.ascii	"_insert_into_delay_heap\000"
 2026      6572745F 
 2026      696E746F 
 2026      5F64656C 
 2026      61795F68 
 2027              	.LASF73:
 2028 0063 5F5F696E 		.ascii	"__init_delay_heap\000"
 2028      69745F64 
 2028      656C6179 
 2028      5F686561 
 2028      7000
 2029              	.LASF31:
 2030 0075 53544154 		.ascii	"STATE_PUT_MESSAGE_QUEUE_TIMEOUT\000"
 2030      455F5055 
 2030      545F4D45 
 2030      53534147 
 2030      455F5155 
 2031              	.LASF43:
 2032 0095 64656C61 		.ascii	"delay_heap_position\000"
 2032      795F6865 
 2032      61705F70 
 2032      6F736974 
 2032      696F6E00 
 2033              	.LASF47:
 2034 00a9 74696D65 		.ascii	"timeslice_hope_time\000"
 2034      736C6963 
 2034      655F686F 
 2034      70655F74 
 2034      696D6500 
 2035              	.LASF37:
ARM GAS  G:\Users\Jaxb\AppData\Local\Temp\cczJLBPC.s 			page 40


 2036 00bd 73746163 		.ascii	"stack\000"
 2036      6B00
 2037              	.LASF3:
 2038 00c3 64617461 		.ascii	"data_size\000"
 2038      5F73697A 
 2038      6500
 2039              	.LASF9:
 2040 00cd 756E7369 		.ascii	"unsigned int\000"
 2040      676E6564 
 2040      20696E74 
 2040      00
 2041              	.LASF60:
 2042 00da 5443425F 		.ascii	"TCB_ptr_buffer\000"
 2042      7074725F 
 2042      62756666 
 2042      657200
 2043              	.LASF54:
 2044 00e9 5443425F 		.ascii	"TCB_ptr1\000"
 2044      70747231 
 2044      00
 2045              	.LASF6:
 2046 00f2 6C697474 		.ascii	"little_heap\000"
 2046      6C655F68 
 2046      65617000 
 2047              	.LASF50:
 2048 00fe 64796E61 		.ascii	"dynamic_module_ptr\000"
 2048      6D69635F 
 2048      6D6F6475 
 2048      6C655F70 
 2048      747200
 2049              	.LASF55:
 2050 0111 5443425F 		.ascii	"TCB_ptr2\000"
 2050      70747232 
 2050      00
 2051              	.LASF28:
 2052 011a 53544154 		.ascii	"STATE_WAIT_MESSAGE_QUEUE_FOREVER\000"
 2052      455F5741 
 2052      49545F4D 
 2052      45535341 
 2052      47455F51 
 2053              	.LASF23:
 2054 013b 53544154 		.ascii	"STATE_READY\000"
 2054      455F5245 
 2054      41445900 
 2055              	.LASF40:
 2056 0147 72657365 		.ascii	"reserve_prio\000"
 2056      7276655F 
 2056      7072696F 
 2056      00
 2057              	.LASF13:
 2058 0154 494E5436 		.ascii	"INT64\000"
 2058      3400
 2059              	.LASF7:
 2060 015a 64617461 		.ascii	"data\000"
 2060      00
 2061              	.LASF56:
 2062 015f 5443425F 		.ascii	"TCB_ptr\000"
ARM GAS  G:\Users\Jaxb\AppData\Local\Temp\cczJLBPC.s 			page 41


 2062      70747200 
 2063              	.LASF15:
 2064 0167 756E7369 		.ascii	"unsigned char\000"
 2064      676E6564 
 2064      20636861 
 2064      7200
 2065              	.LASF58:
 2066 0175 5F64656C 		.ascii	"_delay_heap_get_top_TCB\000"
 2066      61795F68 
 2066      6561705F 
 2066      6765745F 
 2066      746F705F 
 2067              	.LASF74:
 2068 018d 5F636D70 		.ascii	"_cmp\000"
 2068      00
 2069              	.LASF18:
 2070 0192 55494E54 		.ascii	"UINT64\000"
 2070      363400
 2071              	.LASF16:
 2072 0199 73686F72 		.ascii	"short unsigned int\000"
 2072      7420756E 
 2072      7369676E 
 2072      65642069 
 2072      6E7400
 2073              	.LASF29:
 2074 01ac 53544154 		.ascii	"STATE_WAIT_MESSAGE_QUEUE_TIMEOUT\000"
 2074      455F5741 
 2074      49545F4D 
 2074      45535341 
 2074      47455F51 
 2075              	.LASF39:
 2076 01cd 73746163 		.ascii	"stack_end\000"
 2076      6B5F656E 
 2076      6400
 2077              	.LASF26:
 2078 01d7 53544154 		.ascii	"STATE_WAIT_MCB_FOREVER\000"
 2078      455F5741 
 2078      49545F4D 
 2078      43425F46 
 2078      4F524556 
 2079              	.LASF2:
 2080 01ee 6375725F 		.ascii	"cur_len\000"
 2080      6C656E00 
 2081              	.LASF48:
 2082 01f6 74696D65 		.ascii	"timeslice_rest_time\000"
 2082      736C6963 
 2082      655F7265 
 2082      73745F74 
 2082      696D6500 
 2083              	.LASF53:
 2084 020a 64656C61 		.ascii	"delay_heap\000"
 2084      795F6865 
 2084      617000
 2085              	.LASF45:
 2086 0215 73757370 		.ascii	"suspend_list\000"
 2086      656E645F 
 2086      6C697374 
ARM GAS  G:\Users\Jaxb\AppData\Local\Temp\cczJLBPC.s 			page 42


 2086      00
 2087              	.LASF1:
 2088 0222 6D61785F 		.ascii	"max_len\000"
 2088      6C656E00 
 2089              	.LASF33:
 2090 022a 5441534B 		.ascii	"TASK_STATE\000"
 2090      5F535441 
 2090      544500
 2091              	.LASF0:
 2092 0235 64617461 		.ascii	"data_ptr\000"
 2092      5F707472 
 2092      00
 2093              	.LASF36:
 2094 023e 7461736B 		.ascii	"task_control_block_struct\000"
 2094      5F636F6E 
 2094      74726F6C 
 2094      5F626C6F 
 2094      636B5F73 
 2095              	.LASF67:
 2096 0258 2E2E2F2E 		.ascii	"../../source/src/kernel/OS_CORE/schedule/os_delay.c"
 2096      2E2F736F 
 2096      75726365 
 2096      2F737263 
 2096      2F6B6572 
 2097 028b 00       		.ascii	"\000"
 2098              	.LASF19:
 2099 028c 6C6F6E67 		.ascii	"long long unsigned int\000"
 2099      206C6F6E 
 2099      6720756E 
 2099      7369676E 
 2099      65642069 
 2100              	.LASF44:
 2101 02a3 73616D65 		.ascii	"same_prio_list\000"
 2101      5F707269 
 2101      6F5F6C69 
 2101      737400
 2102              	.LASF69:
 2103 02b2 5461736B 		.ascii	"Task_State\000"
 2103      5F537461 
 2103      746500
 2104              	.LASF12:
 2105 02bd 56656374 		.ascii	"Vector\000"
 2105      6F7200
 2106              	.LASF32:
 2107 02c4 53544154 		.ascii	"STATE_WAIT_MUTEX_FOREVER\000"
 2107      455F5741 
 2107      49545F4D 
 2107      55544558 
 2107      5F464F52 
 2108              	.LASF57:
 2109 02dd 5F64656C 		.ascii	"_delay_heap_remove_top_TCB\000"
 2109      61795F68 
 2109      6561705F 
 2109      72656D6F 
 2109      76655F74 
 2110              	.LASF34:
 2111 02f8 53544143 		.ascii	"STACK_TYPE\000"
ARM GAS  G:\Users\Jaxb\AppData\Local\Temp\cczJLBPC.s 			page 43


 2111      4B5F5459 
 2111      504500
 2112              	.LASF20:
 2113 0303 6C697374 		.ascii	"list_head\000"
 2113      5F686561 
 2113      6400
 2114              	.LASF14:
 2115 030d 6C6F6E67 		.ascii	"long long int\000"
 2115      206C6F6E 
 2115      6720696E 
 2115      7400
 2116              	.LASF38:
 2117 031b 73746163 		.ascii	"stack_size\000"
 2117      6B5F7369 
 2117      7A6500
 2118              	.LASF5:
 2119 0326 76656374 		.ascii	"vector\000"
 2119      6F7200
 2120              	.LASF46:
 2121 032d 6E616D65 		.ascii	"name\000"
 2121      00
 2122              	.LASF49:
 2123 0332 61747472 		.ascii	"attribution\000"
 2123      69627574 
 2123      696F6E00 
 2124              	.LASF17:
 2125 033e 55494E54 		.ascii	"UINT32\000"
 2125      333200
 2126              	.LASF64:
 2127 0345 696E6465 		.ascii	"index1\000"
 2127      783100
 2128              	.LASF71:
 2129 034c 64796E61 		.ascii	"dynamic_module\000"
 2129      6D69635F 
 2129      6D6F6475 
 2129      6C6500
 2130              	.LASF4:
 2131 035b 65787465 		.ascii	"extension_factor\000"
 2131      6E73696F 
 2131      6E5F6661 
 2131      63746F72 
 2131      00
 2132              	.LASF11:
 2133 036c 73686F72 		.ascii	"short int\000"
 2133      7420696E 
 2133      7400
 2134              	.LASF63:
 2135 0376 696E6465 		.ascii	"index\000"
 2135      7800
 2136              	.LASF59:
 2137 037c 5F72656D 		.ascii	"_remove_from_delay_heap\000"
 2137      6F76655F 
 2137      66726F6D 
 2137      5F64656C 
 2137      61795F68 
 2138              	.LASF72:
 2139 0394 7368656C 		.ascii	"shell_delay_heap_check\000"
ARM GAS  G:\Users\Jaxb\AppData\Local\Temp\cczJLBPC.s 			page 44


 2139      6C5F6465 
 2139      6C61795F 
 2139      68656170 
 2139      5F636865 
 2140              	.LASF66:
 2141 03ab 474E5520 		.ascii	"GNU C11 7.3.1 20180622 (release) [ARM/embedded-7-br"
 2141      43313120 
 2141      372E332E 
 2141      31203230 
 2141      31383036 
 2142 03de 616E6368 		.ascii	"anch revision 261907] -mcpu=cortex-m3 -mthumb -mapc"
 2142      20726576 
 2142      6973696F 
 2142      6E203236 
 2142      31393037 
 2143 0411 732D6672 		.ascii	"s-frame -mthumb-interwork -mcpu=cortex-m3 -mthumb -"
 2143      616D6520 
 2143      2D6D7468 
 2143      756D622D 
 2143      696E7465 
 2144 0444 67647761 		.ascii	"gdwarf-2 -O0\000"
 2144      72662D32 
 2144      202D4F30 
 2144      00
 2145              	.LASF52:
 2146 0451 63686172 		.ascii	"char\000"
 2146      00
 2147              	.LASF27:
 2148 0456 53544154 		.ascii	"STATE_WAIT_MCB_TIMEOUT\000"
 2148      455F5741 
 2148      49545F4D 
 2148      43425F54 
 2148      494D454F 
 2149              	.LASF10:
 2150 046d 7369676E 		.ascii	"signed char\000"
 2150      65642063 
 2150      68617200 
 2151              	.LASF30:
 2152 0479 53544154 		.ascii	"STATE_PUT_MESSAGE_QUEUE_FOREVER\000"
 2152      455F5055 
 2152      545F4D45 
 2152      53534147 
 2152      455F5155 
 2153              	.LASF25:
 2154 0499 53544154 		.ascii	"STATE_SUSPEND_NORMAL\000"
 2154      455F5355 
 2154      5350454E 
 2154      445F4E4F 
 2154      524D414C 
 2155              	.LASF70:
 2156 04ae 675F696E 		.ascii	"g_interrupt_count\000"
 2156      74657272 
 2156      7570745F 
 2156      636F756E 
 2156      7400
 2157              	.LASF51:
 2158 04c0 64656C61 		.ascii	"delay_reach_time\000"
ARM GAS  G:\Users\Jaxb\AppData\Local\Temp\cczJLBPC.s 			page 45


 2158      795F7265 
 2158      6163685F 
 2158      74696D65 
 2158      00
 2159              	.LASF22:
 2160 04d1 70726576 		.ascii	"prev\000"
 2160      00
 2161              	.LASF68:
 2162 04d6 463A5C6B 		.ascii	"F:\\kaka\\KAKAOS\\C\\windows\\Project\\RVMDK\243\250"
 2162      616B615C 
 2162      4B414B41 
 2162      4F535C43 
 2162      5C77696E 
 2163 04fe 757635A3 		.ascii	"uv5\243\251\000"
 2163      A900
 2164              	.LASF62:
 2165 0504 56656374 		.ascii	"Vector_ptr\000"
 2165      6F725F70 
 2165      747200
 2166              		.ident	"GCC: (GNU Tools for Arm Embedded Processors 7-2018-q2-update) 7.3.1 20180622 (release) [AR
ARM GAS  G:\Users\Jaxb\AppData\Local\Temp\cczJLBPC.s 			page 46


DEFINED SYMBOLS
                            *ABS*:00000000 os_delay.c
G:\Users\Jaxb\AppData\Local\Temp\cczJLBPC.s:16     .bss:00000000 $d
G:\Users\Jaxb\AppData\Local\Temp\cczJLBPC.s:17     .bss:00000000 delay_heap
G:\Users\Jaxb\AppData\Local\Temp\cczJLBPC.s:21     .text:00000000 $t
G:\Users\Jaxb\AppData\Local\Temp\cczJLBPC.s:27     .text:00000000 _cmp
G:\Users\Jaxb\AppData\Local\Temp\cczJLBPC.s:132    .text:000000a8 index_change_record
G:\Users\Jaxb\AppData\Local\Temp\cczJLBPC.s:175    .rodata:00000000 $d
G:\Users\Jaxb\AppData\Local\Temp\cczJLBPC.s:186    .text:000000ce __init_delay_heap
G:\Users\Jaxb\AppData\Local\Temp\cczJLBPC.s:231    .text:000000f8 $d
G:\Users\Jaxb\AppData\Local\Temp\cczJLBPC.s:244    .text:00000108 $t
G:\Users\Jaxb\AppData\Local\Temp\cczJLBPC.s:251    .text:00000108 _insert_into_delay_heap
G:\Users\Jaxb\AppData\Local\Temp\cczJLBPC.s:297    .text:00000134 $d
G:\Users\Jaxb\AppData\Local\Temp\cczJLBPC.s:302    .text:0000013c $t
G:\Users\Jaxb\AppData\Local\Temp\cczJLBPC.s:309    .text:0000013c _remove_from_delay_heap
G:\Users\Jaxb\AppData\Local\Temp\cczJLBPC.s:405    .text:000001b4 $d
G:\Users\Jaxb\AppData\Local\Temp\cczJLBPC.s:410    .text:000001bc $t
G:\Users\Jaxb\AppData\Local\Temp\cczJLBPC.s:417    .text:000001bc _delay_heap_get_top_TCB
G:\Users\Jaxb\AppData\Local\Temp\cczJLBPC.s:463    .text:000001e4 $d
G:\Users\Jaxb\AppData\Local\Temp\cczJLBPC.s:467    .text:000001e8 $t
G:\Users\Jaxb\AppData\Local\Temp\cczJLBPC.s:474    .text:000001e8 _delay_heap_remove_top_TCB
G:\Users\Jaxb\AppData\Local\Temp\cczJLBPC.s:520    .text:00000210 $d
G:\Users\Jaxb\AppData\Local\Temp\cczJLBPC.s:536    .text:00000214 $t
G:\Users\Jaxb\AppData\Local\Temp\cczJLBPC.s:543    .text:00000214 shell_delay_heap_check
G:\Users\Jaxb\AppData\Local\Temp\cczJLBPC.s:639    .text:000002a8 $d

UNDEFINED SYMBOLS
Vector_get_index_address
Vector_get_index_data
heap_init
ka_printf
_ASSERT
heap_push
heap_get_cur_len
heap_get_index_data
heap_remove_index_data
_insert_ready_TCB
heap_get_index_data_safe
