ARM GAS  G:\Users\Jaxb\AppData\Local\Temp\cccbtsO3.s 			page 1


   1              		.cpu cortex-m3
   2              		.eabi_attribute 20, 1
   3              		.eabi_attribute 21, 1
   4              		.eabi_attribute 23, 3
   5              		.eabi_attribute 24, 1
   6              		.eabi_attribute 25, 1
   7              		.eabi_attribute 26, 1
   8              		.eabi_attribute 30, 6
   9              		.eabi_attribute 34, 1
  10              		.eabi_attribute 18, 4
  11              		.file	"start.c"
  12              		.text
  13              	.Ltext0:
  14              		.cfi_sections	.debug_frame
  15              		.align	1
  16              		.global	start_kernel
  17              		.syntax unified
  18              		.thumb
  19              		.thumb_func
  20              		.fpu softvfp
  21              		.type	start_kernel, %function
  22              	start_kernel:
  23              	.LFB0:
  24              		.file 1 "../../source/main/start.c"
   1:../../source/main/start.c **** #include "os_cpu.h"
   2:../../source/main/start.c **** #include "osinit.h"
   3:../../source/main/start.c **** 
   4:../../source/main/start.c **** void start_kernel()
   5:../../source/main/start.c **** {
  25              		.loc 1 5 0
  26              		.cfi_startproc
  27              		@ args = 0, pretend = 0, frame = 0
  28              		@ frame_needed = 1, uses_anonymous_args = 0
  29 0000 80B5     		push	{r7, lr}
  30              	.LCFI0:
  31              		.cfi_def_cfa_offset 8
  32              		.cfi_offset 7, -8
  33              		.cfi_offset 14, -4
  34 0002 00AF     		add	r7, sp, #0
  35              	.LCFI1:
  36              		.cfi_def_cfa_register 7
   6:../../source/main/start.c **** 	CPU_IntDis();
  37              		.loc 1 6 0
  38 0004 FFF7FEFF 		bl	CPU_IntDis
   7:../../source/main/start.c **** 	os_start();
  39              		.loc 1 7 0
  40 0008 FFF7FEFF 		bl	os_start
  41              	.L2:
   8:../../source/main/start.c **** 	while(1)
  42              		.loc 1 8 0 discriminator 1
  43 000c FEE7     		b	.L2
  44              		.cfi_endproc
  45              	.LFE0:
  46              		.size	start_kernel, .-start_kernel
  47              	.Letext0:
  48              		.section	.debug_info,"",%progbits
  49              	.Ldebug_info0:
ARM GAS  G:\Users\Jaxb\AppData\Local\Temp\cccbtsO3.s 			page 2


  50 0000 3E000000 		.4byte	0x3e
  51 0004 0200     		.2byte	0x2
  52 0006 00000000 		.4byte	.Ldebug_abbrev0
  53 000a 04       		.byte	0x4
  54 000b 01       		.uleb128 0x1
  55 000c 00000000 		.4byte	.LASF0
  56 0010 0C       		.byte	0xc
  57 0011 E1000000 		.4byte	.LASF1
  58 0015 A6000000 		.4byte	.LASF2
  59 0019 00000000 		.4byte	.Ltext0
  60 001d 0E000000 		.4byte	.Letext0
  61 0021 00000000 		.4byte	.Ldebug_line0
  62 0025 02       		.uleb128 0x2
  63 0026 04       		.byte	0x4
  64 0027 07       		.byte	0x7
  65 0028 D4000000 		.4byte	.LASF3
  66 002c 03       		.uleb128 0x3
  67 002d 01       		.byte	0x1
  68 002e FB000000 		.4byte	.LASF4
  69 0032 01       		.byte	0x1
  70 0033 04       		.byte	0x4
  71 0034 00000000 		.4byte	.LFB0
  72 0038 0E000000 		.4byte	.LFE0
  73 003c 00000000 		.4byte	.LLST0
  74 0040 01       		.byte	0x1
  75 0041 00       		.byte	0
  76              		.section	.debug_abbrev,"",%progbits
  77              	.Ldebug_abbrev0:
  78 0000 01       		.uleb128 0x1
  79 0001 11       		.uleb128 0x11
  80 0002 01       		.byte	0x1
  81 0003 25       		.uleb128 0x25
  82 0004 0E       		.uleb128 0xe
  83 0005 13       		.uleb128 0x13
  84 0006 0B       		.uleb128 0xb
  85 0007 03       		.uleb128 0x3
  86 0008 0E       		.uleb128 0xe
  87 0009 1B       		.uleb128 0x1b
  88 000a 0E       		.uleb128 0xe
  89 000b 11       		.uleb128 0x11
  90 000c 01       		.uleb128 0x1
  91 000d 12       		.uleb128 0x12
  92 000e 01       		.uleb128 0x1
  93 000f 10       		.uleb128 0x10
  94 0010 06       		.uleb128 0x6
  95 0011 00       		.byte	0
  96 0012 00       		.byte	0
  97 0013 02       		.uleb128 0x2
  98 0014 24       		.uleb128 0x24
  99 0015 00       		.byte	0
 100 0016 0B       		.uleb128 0xb
 101 0017 0B       		.uleb128 0xb
 102 0018 3E       		.uleb128 0x3e
 103 0019 0B       		.uleb128 0xb
 104 001a 03       		.uleb128 0x3
 105 001b 0E       		.uleb128 0xe
 106 001c 00       		.byte	0
ARM GAS  G:\Users\Jaxb\AppData\Local\Temp\cccbtsO3.s 			page 3


 107 001d 00       		.byte	0
 108 001e 03       		.uleb128 0x3
 109 001f 2E       		.uleb128 0x2e
 110 0020 00       		.byte	0
 111 0021 3F       		.uleb128 0x3f
 112 0022 0C       		.uleb128 0xc
 113 0023 03       		.uleb128 0x3
 114 0024 0E       		.uleb128 0xe
 115 0025 3A       		.uleb128 0x3a
 116 0026 0B       		.uleb128 0xb
 117 0027 3B       		.uleb128 0x3b
 118 0028 0B       		.uleb128 0xb
 119 0029 11       		.uleb128 0x11
 120 002a 01       		.uleb128 0x1
 121 002b 12       		.uleb128 0x12
 122 002c 01       		.uleb128 0x1
 123 002d 40       		.uleb128 0x40
 124 002e 06       		.uleb128 0x6
 125 002f 9642     		.uleb128 0x2116
 126 0031 0C       		.uleb128 0xc
 127 0032 00       		.byte	0
 128 0033 00       		.byte	0
 129 0034 00       		.byte	0
 130              		.section	.debug_loc,"",%progbits
 131              	.Ldebug_loc0:
 132              	.LLST0:
 133 0000 00000000 		.4byte	.LFB0-.Ltext0
 134 0004 02000000 		.4byte	.LCFI0-.Ltext0
 135 0008 0200     		.2byte	0x2
 136 000a 7D       		.byte	0x7d
 137 000b 00       		.sleb128 0
 138 000c 02000000 		.4byte	.LCFI0-.Ltext0
 139 0010 04000000 		.4byte	.LCFI1-.Ltext0
 140 0014 0200     		.2byte	0x2
 141 0016 7D       		.byte	0x7d
 142 0017 08       		.sleb128 8
 143 0018 04000000 		.4byte	.LCFI1-.Ltext0
 144 001c 0E000000 		.4byte	.LFE0-.Ltext0
 145 0020 0200     		.2byte	0x2
 146 0022 77       		.byte	0x77
 147 0023 08       		.sleb128 8
 148 0024 00000000 		.4byte	0
 149 0028 00000000 		.4byte	0
 150              		.section	.debug_aranges,"",%progbits
 151 0000 1C000000 		.4byte	0x1c
 152 0004 0200     		.2byte	0x2
 153 0006 00000000 		.4byte	.Ldebug_info0
 154 000a 04       		.byte	0x4
 155 000b 00       		.byte	0
 156 000c 0000     		.2byte	0
 157 000e 0000     		.2byte	0
 158 0010 00000000 		.4byte	.Ltext0
 159 0014 0E000000 		.4byte	.Letext0-.Ltext0
 160 0018 00000000 		.4byte	0
 161 001c 00000000 		.4byte	0
 162              		.section	.debug_line,"",%progbits
 163              	.Ldebug_line0:
ARM GAS  G:\Users\Jaxb\AppData\Local\Temp\cccbtsO3.s 			page 4


 164 0000 4A000000 		.section	.debug_str,"MS",%progbits,1
 164      02003000 
 164      00000201 
 164      FB0E0D00 
 164      01010101 
 165              	.LASF0:
 166 0000 474E5520 		.ascii	"GNU C11 7.3.1 20180622 (release) [ARM/embedded-7-br"
 166      43313120 
 166      372E332E 
 166      31203230 
 166      31383036 
 167 0033 616E6368 		.ascii	"anch revision 261907] -mcpu=cortex-m3 -mthumb -mapc"
 167      20726576 
 167      6973696F 
 167      6E203236 
 167      31393037 
 168 0066 732D6672 		.ascii	"s-frame -mthumb-interwork -mcpu=cortex-m3 -mthumb -"
 168      616D6520 
 168      2D6D7468 
 168      756D622D 
 168      696E7465 
 169 0099 67647761 		.ascii	"gdwarf-2 -O0\000"
 169      72662D32 
 169      202D4F30 
 169      00
 170              	.LASF2:
 171 00a6 463A5C6B 		.ascii	"F:\\kaka\\KAKAOS\\C\\windows\\Project\\RVMDK\243\250"
 171      616B615C 
 171      4B414B41 
 171      4F535C43 
 171      5C77696E 
 172 00ce 757635A3 		.ascii	"uv5\243\251\000"
 172      A900
 173              	.LASF3:
 174 00d4 756E7369 		.ascii	"unsigned int\000"
 174      676E6564 
 174      20696E74 
 174      00
 175              	.LASF1:
 176 00e1 2E2E2F2E 		.ascii	"../../source/main/start.c\000"
 176      2E2F736F 
 176      75726365 
 176      2F6D6169 
 176      6E2F7374 
 177              	.LASF4:
 178 00fb 73746172 		.ascii	"start_kernel\000"
 178      745F6B65 
 178      726E656C 
 178      00
 179              		.ident	"GCC: (GNU Tools for Arm Embedded Processors 7-2018-q2-update) 7.3.1 20180622 (release) [AR
ARM GAS  G:\Users\Jaxb\AppData\Local\Temp\cccbtsO3.s 			page 5


DEFINED SYMBOLS
                            *ABS*:00000000 start.c
G:\Users\Jaxb\AppData\Local\Temp\cccbtsO3.s:15     .text:00000000 $t
G:\Users\Jaxb\AppData\Local\Temp\cccbtsO3.s:22     .text:00000000 start_kernel

UNDEFINED SYMBOLS
CPU_IntDis
os_start
